[+] Containers:
 |- [+] Container: /Game/FirstPerson/Maps/FloatingIslands
 |   |- [+] ActorDescs:
 |   |   |- Guid:046A826D4D94FC8E0494798280A3A463 BaseClass: NativeClass:/Script/Engine.StaticMeshActor Name:StaticMeshActor_UAID_D85ED303482DD56801_1979642482 Label:SM_S_Rock_13 SpatiallyLoaded:1 Bounds:IsValid=true, Min=(X=-7340.226 Y=-1332.338 Z=3886.221), Max=(X=-6850.157 Y=-943.160 Z=4536.049) RuntimeGrid:None EditorOnly:0 RuntimeOnly:0 HLODRelevant:1
 |   |   |- Guid:078820CF435F6E3B5CE7FDBAB273B810 BaseClass: NativeClass:/Script/Engine.StaticMeshActor Name:StaticMeshActor_UAID_D85ED303482DD36801_1232061162 Label:SM_Common_Tree_04 SpatiallyLoaded:1 Bounds:IsValid=true, Min=(X=-3127.641 Y=-4006.882 Z=4168.554), Max=(X=-2112.718 Y=-2927.639 Z=5156.104) RuntimeGrid:None EditorOnly:0 RuntimeOnly:0 HLODRelevant:1 FolderPath:Island 1 FolderGuid:04FE987C4952A58D4CF963BDABD789F7
 |   |   |- Guid:07FCB4A44D0734A4F83E60856EAABB50 BaseClass: NativeClass:/Script/Engine.StaticMeshActor Name:StaticMeshActor_UAID_D85ED303482D826801_1094392887 Label:SM_S_Rock_8 SpatiallyLoaded:1 Bounds:IsValid=true, Min=(X=-7044.483 Y=-1592.036 Z=-1617.828), Max=(X=-1575.158 Y=3101.476 Z=4310.306) RuntimeGrid:None EditorOnly:0 RuntimeOnly:0 HLODRelevant:1 FolderPath:Island FolderGuid:04FE987C4952A58D4CF963BDABD789F7
 |   |   |- Guid:185A2D8944356DBAC8117F8EADC82EFD BaseClass: NativeClass:/Script/Engine.StaticMeshActor Name:StaticMeshActor_UAID_D85ED303482DD36801_1850255172 Label:SM_Common_Tree_02 SpatiallyLoaded:1 Bounds:IsValid=true, Min=(X=-4227.638 Y=-323.343 Z=5104.268), Max=(X=-2910.239 Y=988.979 Z=6151.026) RuntimeGrid:None EditorOnly:0 RuntimeOnly:0 HLODRelevant:1 FolderPath:Island 1 FolderGuid:04FE987C4952A58D4CF963BDABD789F7
 |   |   |- Guid:1974A1D847F7EBC861A37C99A9BF3754 BaseClass: NativeClass:/Script/Engine.SkyLight Name:SkyLight_UAID_D85ED303482D806801_1237668517 Label:SkyLight SpatiallyLoaded:0 Bounds:IsValid=true, Min=(X=0.000 Y=0.000 Z=690.000), Max=(X=0.000 Y=0.000 Z=690.000) RuntimeGrid:None EditorOnly:0 RuntimeOnly:0 HLODRelevant:0 FolderPath:Lighting FolderGuid:828D6E77461DCFCE8367609D0F026E31
 |   |   |- Guid:1B039CD749A16C6D673EA68AA75A7281 BaseClass: NativeClass:/Script/Engine.StaticMeshActor Name:StaticMeshActor_UAID_D85ED303482D806801_2102448524 Label:SM_S_Rock_9 SpatiallyLoaded:1 Bounds:IsValid=true, Min=(X=-6324.289 Y=-4778.295 Z=-935.232), Max=(X=-2549.541 Y=-400.125 Z=4268.831) RuntimeGrid:None EditorOnly:0 RuntimeOnly:0 HLODRelevant:1 FolderPath:Island FolderGuid:04FE987C4952A58D4CF963BDABD789F7
 |   |   |- Guid:1EF808E348CFCB65944D4FBCCB37DBC1 BaseClass: NativeClass:/Script/Engine.StaticMeshActor Name:StaticMeshActor_UAID_D85ED303482DD56801_1398755475 Label:SM_S_Rock_11 SpatiallyLoaded:1 Bounds:IsValid=true, Min=(X=-3307.244 Y=-4050.081 Z=3988.030), Max=(X=-2838.879 Y=-3499.877 Z=4637.858) RuntimeGrid:None EditorOnly:0 RuntimeOnly:0 HLODRelevant:1
 |   |   |- Guid:2C5E5B824F7856A20E390C9328B4A5C8 BaseClass: NativeClass:/Script/Engine.StaticMeshActor Name:StaticMeshActor_UAID_D85ED303482D806801_2140332525 Label:SM_R_Rock_05 SpatiallyLoaded:1 Bounds:IsValid=true, Min=(X=-5892.587 Y=-3691.114 Z=-3291.988), Max=(X=-1412.731 Y=92.772 Z=2392.418) RuntimeGrid:None EditorOnly:0 RuntimeOnly:0 HLODRelevant:1 FolderPath:Island FolderGuid:04FE987C4952A58D4CF963BDABD789F7
 |   |   |- Guid:2EF7F8D54F8E72B90C2A4C9D532CC431 BaseClass: NativeClass:/Script/Engine.StaticMeshActor Name:StaticMeshActor_UAID_D85ED303482D806801_1237669519 Label:SM_SkySphere SpatiallyLoaded:0 Bounds:IsValid=true, Min=(X=-1638400.000 Y=-1638400.000 Z=-1638400.000), Max=(X=1638400.000 Y=1638400.000 Z=1638400.000) RuntimeGrid:None EditorOnly:0 RuntimeOnly:0 HLODRelevant:1 FolderPath:Lighting FolderGuid:828D6E77461DCFCE8367609D0F026E31
 |   |   |- Guid:3474C3964A6BE083CD4C619B31B6A376 BaseClass: NativeClass:/Script/Engine.StaticMeshActor Name:StaticMeshActor_UAID_D85ED303482D806801_2018626521 Label:SM_S_Rock_08 SpatiallyLoaded:1 Bounds:IsValid=true, Min=(X=-4495.831 Y=-2831.108 Z=-704.379), Max=(X=-1382.404 Y=317.004 Z=4019.347) RuntimeGrid:None EditorOnly:0 RuntimeOnly:0 HLODRelevant:1 FolderPath:Island FolderGuid:04FE987C4952A58D4CF963BDABD789F7
 |   |   |- Guid:34FAA2C64D13017287416894541F2206 BaseClass: NativeClass:/Script/Engine.StaticMeshActor Name:StaticMeshActor_UAID_D85ED303482DD46801_1546222356 Label:SM_Common_Tree_13 SpatiallyLoaded:1 Bounds:IsValid=true, Min=(X=-3149.724 Y=-3354.630 Z=4035.468), Max=(X=-1359.508 Y=-1705.337 Z=5257.510) RuntimeGrid:None EditorOnly:0 RuntimeOnly:0 HLODRelevant:1 FolderPath:Island 1 FolderGuid:04FE987C4952A58D4CF963BDABD789F7
 |   |   |- Guid:42C2302044A619E86EDF2CA88B0C6406 BaseClass: NativeClass:/Script/Engine.StaticMeshActor Name:StaticMeshActor_UAID_D85ED303482DD26801_1717394982 Label:SM_Common_Tree_03 SpatiallyLoaded:1 Bounds:IsValid=true, Min=(X=-2882.961 Y=-1351.628 Z=4580.717), Max=(X=-2254.331 Y=-597.330 Z=5254.643) RuntimeGrid:None EditorOnly:0 RuntimeOnly:0 HLODRelevant:1 FolderPath:Island 1 FolderGuid:04FE987C4952A58D4CF963BDABD789F7
 |   |   |- Guid:45E640144BC7FDFF99DF64AE5FEACE12 BaseClass: NativeClass:/Script/Engine.StaticMeshActor Name:StaticMeshActor_UAID_D85ED303482D816801_1993857709 Label:SM_S_Rock_03 SpatiallyLoaded:1 Bounds:IsValid=true, Min=(X=-7873.612 Y=-2639.389 Z=-273.684), Max=(X=-3740.132 Y=1396.968 Z=4114.615) RuntimeGrid:None EditorOnly:0 RuntimeOnly:0 HLODRelevant:1 FolderPath:Island FolderGuid:04FE987C4952A58D4CF963BDABD789F7
 |   |   |- Guid:4951485E44C34177EB768A8EED87F76E BaseClass: NativeClass:/Script/Engine.StaticMeshActor Name:StaticMeshActor_UAID_D85ED303482DD36801_1548249165 Label:SM_Common_Tree_10 SpatiallyLoaded:1 Bounds:IsValid=true, Min=(X=-4926.919 Y=-2799.420 Z=5177.364), Max=(X=-4143.828 Y=-1995.094 Z=5724.229) RuntimeGrid:None EditorOnly:0 RuntimeOnly:0 HLODRelevant:1 FolderPath:Island 1 FolderGuid:04FE987C4952A58D4CF963BDABD789F7
 |   |   |- Guid:4E2EB4284C99CDA5EBA2FC8EDC87C5CD BaseClass: NativeClass:/Script/Engine.StaticMeshActor Name:StaticMeshActor_UAID_D85ED303482D816801_1911521707 Label:SM_S_Rock_04 SpatiallyLoaded:1 Bounds:IsValid=true, Min=(X=-6226.819 Y=-2476.474 Z=-2277.625), Max=(X=-3525.957 Y=239.131 Z=3773.254) RuntimeGrid:None EditorOnly:0 RuntimeOnly:0 HLODRelevant:1 FolderPath:Island FolderGuid:04FE987C4952A58D4CF963BDABD789F7
 |   |   |- Guid:59440895482E6AE638DF35AE07A766A3 BaseClass: NativeClass:/Script/Engine.StaticMeshActor Name:StaticMeshActor_UAID_D85ED303482D816801_1827835706 Label:SM_S_Rock_10 SpatiallyLoaded:1 Bounds:IsValid=true, Min=(X=-6384.601 Y=-2737.873 Z=-1983.996), Max=(X=-2492.818 Y=1681.880 Z=4231.904) RuntimeGrid:None EditorOnly:0 RuntimeOnly:0 HLODRelevant:1 FolderPath:Island FolderGuid:04FE987C4952A58D4CF963BDABD789F7
 |   |   |- Guid:5A727FF141AE8C9DB5FE1AB02742BA08 BaseClass: NativeClass:/Script/Engine.StaticMeshActor Name:StaticMeshActor_UAID_D85ED303482D846801_1156306219 Label:SM_S_Rock_3 SpatiallyLoaded:1 Bounds:IsValid=true, Min=(X=-6654.388 Y=-3694.717 Z=1220.526), Max=(X=-2301.154 Y=860.186 Z=4141.217) RuntimeGrid:None EditorOnly:0 RuntimeOnly:0 HLODRelevant:1 FolderPath:Island FolderGuid:04FE987C4952A58D4CF963BDABD789F7
 |   |   |- Guid:6036A23E48CAF8AE3B23368CF4443AB5 BaseClass: NativeClass:/Script/Engine.StaticMeshActor Name:StaticMeshActor_UAID_D85ED303482DD56801_1636476479 Label:SM_R_Rock_5 SpatiallyLoaded:1 Bounds:IsValid=true, Min=(X=-6725.205 Y=-119.480 Z=3952.226), Max=(X=-6416.354 Y=156.321 Z=4238.161) RuntimeGrid:None EditorOnly:0 RuntimeOnly:0 HLODRelevant:1
 |   |   |- Guid:63FB3F494BC04A29AFE902836C482DE3 BaseClass: NativeClass:/Script/Engine.StaticMeshActor Name:StaticMeshActor_UAID_D85ED303482DD56801_1713966480 Label:SM_S_Rock_7 SpatiallyLoaded:1 Bounds:IsValid=true, Min=(X=-3469.019 Y=1752.379 Z=4375.068), Max=(X=-3294.244 Y=1941.075 Z=4582.729) RuntimeGrid:None EditorOnly:0 RuntimeOnly:0 HLODRelevant:1
 |   |   |- Guid:6487702F4C74C4605704978CA8AFD377 BaseClass: NativeClass:/Script/Engine.StaticMeshActor Name:StaticMeshActor_UAID_D85ED303482DD36801_1778495170 Label:SM_Common_Tree_2 SpatiallyLoaded:1 Bounds:IsValid=true, Min=(X=-2023.824 Y=-1078.159 Z=3927.548), Max=(X=-553.809 Y=616.260 Z=5282.841) RuntimeGrid:None EditorOnly:0 RuntimeOnly:0 HLODRelevant:1 FolderPath:Island 1 FolderGuid:04FE987C4952A58D4CF963BDABD789F7
 |   |   |- Guid:652D73A442DE128CB4AB60A2B03CED5B BaseClass: NativeClass:/Script/Engine.StaticMeshActor Name:StaticMeshActor_UAID_D85ED303482DD56801_2045393483 Label:SM_S_Rock_14 SpatiallyLoaded:1 Bounds:IsValid=true, Min=(X=-4933.306 Y=-2316.063 Z=5078.547), Max=(X=-4696.553 Y=-2045.461 Z=5221.382) RuntimeGrid:None EditorOnly:0 RuntimeOnly:0 HLODRelevant:1
 |   |   |- Guid:696891BB4183DE5D7F86939A45D8999A BaseClass: NativeClass:/Script/Engine.StaticMeshActor Name:StaticMeshActor_UAID_D85ED303482DD46801_1495480355 Label:SM_Common_Tree_8 SpatiallyLoaded:1 Bounds:IsValid=true, Min=(X=-2509.035 Y=1059.221 Z=4095.322), Max=(X=-1771.223 Y=1959.704 Z=4824.876) RuntimeGrid:None EditorOnly:0 RuntimeOnly:0 HLODRelevant:1 FolderPath:Island 1 FolderGuid:04FE987C4952A58D4CF963BDABD789F7
 |   |   |- Guid:7360151340D12C618CAFF3A54587B1EC BaseClass: NativeClass:/Script/Engine.StaticMeshActor Name:StaticMeshActor_UAID_D85ED303482DD56801_1347583473 Label:SM_R_Rock_7 SpatiallyLoaded:1 Bounds:IsValid=true, Min=(X=-1756.183 Y=-1546.583 Z=3990.312), Max=(X=-1203.678 Y=-994.068 Z=4642.679) RuntimeGrid:None EditorOnly:0 RuntimeOnly:0 HLODRelevant:1
 |   |   |- Guid:743EE7774CDD051A58110AAF7FECE1B0 BaseClass: NativeClass:/Script/Engine.StaticMeshActor Name:StaticMeshActor_UAID_D85ED303482DD56801_2071343484 Label:SM_S_Rock_15 SpatiallyLoaded:1 Bounds:IsValid=true, Min=(X=-4578.194 Y=-100.452 Z=4666.239), Max=(X=-4029.075 Y=343.528 Z=5197.814) RuntimeGrid:None EditorOnly:0 RuntimeOnly:0 HLODRelevant:1
 |   |   |- Guid:7801F7DF4800F9F6773D1CB8AAB4DE9B BaseClass: NativeClass:/Script/Engine.StaticMeshActor Name:StaticMeshActor_UAID_D85ED303482DD46801_1198711351 Label:SM_Common_Tree_7 SpatiallyLoaded:1 Bounds:IsValid=true, Min=(X=-7403.358 Y=-989.610 Z=4006.365), Max=(X=-6452.676 Y=83.007 Z=5012.075) RuntimeGrid:None EditorOnly:0 RuntimeOnly:0 HLODRelevant:1 FolderPath:Island 1 FolderGuid:04FE987C4952A58D4CF963BDABD789F7
 |   |   |- Guid:79639CD14D23309D38B097B3C1E6A8E8 BaseClass: NativeClass:/Script/Engine.StaticMeshActor Name:StaticMeshActor_UAID_D85ED303482D826801_1972131897 Label:SM_S_Rock_12 SpatiallyLoaded:1 Bounds:IsValid=true, Min=(X=-7149.113 Y=-3249.635 Z=-1119.093), Max=(X=-3050.578 Y=-101.522 Z=4185.094) RuntimeGrid:None EditorOnly:0 RuntimeOnly:0 HLODRelevant:1 FolderPath:Island FolderGuid:04FE987C4952A58D4CF963BDABD789F7
 |   |   |- Guid:7E0A17B04FE70B560C812DB1A43AEDCB BaseClass: NativeClass:/Script/Engine.StaticMeshActor Name:StaticMeshActor_UAID_D85ED303482D826801_1372594890 Label:SM_R_Rock_3 SpatiallyLoaded:1 Bounds:IsValid=true, Min=(X=-8118.959 Y=-4116.618 Z=1961.342), Max=(X=-4234.091 Y=-152.157 Z=4625.730) RuntimeGrid:None EditorOnly:0 RuntimeOnly:0 HLODRelevant:1 FolderPath:Island FolderGuid:04FE987C4952A58D4CF963BDABD789F7
 |   |   |- Guid:8B31FFA542CEC97CC12B499C486937F5 BaseClass: NativeClass:/Script/Engine.SkyAtmosphere Name:SkyAtmosphere_UAID_D85ED303482D806801_1237669518 Label:SkyAtmosphere SpatiallyLoaded:0 Bounds:IsValid=true, Min=(X=0.000 Y=0.000 Z=1020.000), Max=(X=0.000 Y=0.000 Z=1020.000) RuntimeGrid:None EditorOnly:0 RuntimeOnly:0 HLODRelevant:0 FolderPath:Lighting FolderGuid:828D6E77461DCFCE8367609D0F026E31
 |   |   |- Guid:8B8A3DB345BDA3E4C016D9903045C095 BaseClass: NativeClass:/Script/Engine.StaticMeshActor Name:StaticMeshActor_UAID_D85ED303482DD56801_2125301485 Label:SM_S_Rock_09 SpatiallyLoaded:1 Bounds:IsValid=true, Min=(X=-2813.307 Y=-1351.376 Z=4490.896), Max=(X=-2585.089 Y=-1167.136 Z=4664.027) RuntimeGrid:None EditorOnly:0 RuntimeOnly:0 HLODRelevant:1
 |   |   |- Guid:8BDB3CF043E1CCE28A8084B6BDF7CA25 BaseClass: NativeClass:/Script/Engine.StaticMeshActor Name:StaticMeshActor_UAID_D85ED303482D836801_1871558041 Label:SM_S_Rock_06 SpatiallyLoaded:1 Bounds:IsValid=true, Min=(X=-6916.653 Y=-3638.442 Z=-1445.718), Max=(X=-2652.306 Y=671.669 Z=886.855) RuntimeGrid:None EditorOnly:0 RuntimeOnly:0 HLODRelevant:1 FolderPath:Island FolderGuid:04FE987C4952A58D4CF963BDABD789F7
 |   |   |- Guid:9537AD6549A5ED3B03C3DF93E239B912 BaseClass: NativeClass:/Script/Landscape.Landscape Name:Landscape_UAID_D85ED303482D856801_1084456399 Label:Landscape SpatiallyLoaded:0 Bounds:IsValid=true, Min=(X=-9743.404 Y=-7263.427 Z=4168.569), Max=(X=-9743.404 Y=-7263.427 Z=4168.569) RuntimeGrid:None EditorOnly:0 RuntimeOnly:0 HLODRelevant:0 FolderPath:Island FolderGuid:04FE987C4952A58D4CF963BDABD789F7
 |   |   |- Guid:960C463346F6B65FE6A87191BDC70783 BaseClass: NativeClass:/Script/Engine.StaticMeshActor Name:StaticMeshActor_UAID_D85ED303482DD56801_1301083472 Label:SM_R_Rock_04 SpatiallyLoaded:1 Bounds:IsValid=true, Min=(X=-3939.825 Y=-3130.756 Z=4083.716), Max=(X=-3529.106 Y=-2765.464 Z=4533.408) RuntimeGrid:None EditorOnly:0 RuntimeOnly:0 HLODRelevant:1
 |   |   |- Guid:9ED485B84455DC46D24117AA0D50500B BaseClass: NativeClass:/Script/Engine.StaticMeshActor Name:StaticMeshActor_UAID_D85ED303482D826801_1807242896 Label:SM_S_Rock_4 SpatiallyLoaded:1 Bounds:IsValid=true, Min=(X=-4794.007 Y=-1588.649 Z=673.604), Max=(X=-575.933 Y=2670.531 Z=4168.796) RuntimeGrid:None EditorOnly:0 RuntimeOnly:0 HLODRelevant:1 FolderPath:Island FolderGuid:04FE987C4952A58D4CF963BDABD789F7
 |   |   |- Guid:9FA8924D4C25574FF0666CAA684B21CE BaseClass: NativeClass:/Script/Engine.SkeletalMeshActor Name:SkeletalMeshActor_UAID_D85ED303482D576A01_2139382407 Label:Waving__1_ SpatiallyLoaded:1 Bounds:IsValid=true, Min=(X=-3561.853 Y=-1607.111 Z=4462.366), Max=(X=-3360.303 Y=-1502.510 Z=4669.118) RuntimeGrid:None EditorOnly:0 RuntimeOnly:0 HLODRelevant:0
 |   |   |- Guid:A08A98CA4FD3258F3F018390023D823E BaseClass: NativeClass:/Script/Engine.ExponentialHeightFog Name:ExponentialHeightFog_UAID_D85ED303482D806801_1237666514 Label:ExponentialHeightFog SpatiallyLoaded:0 Bounds:IsValid=true, Min=(X=-10.000 Y=-10.000 Z=590.000), Max=(X=-10.000 Y=-10.000 Z=590.000) RuntimeGrid:None EditorOnly:0 RuntimeOnly:0 HLODRelevant:0 FolderPath:Lighting FolderGuid:828D6E77461DCFCE8367609D0F026E31
 |   |   |- Guid:A28E814D426DF8C902F136801852AE26 BaseClass: NativeClass:/Script/Foliage.InstancedFoliageActor Name:InstancedFoliageActor_25600_-1_-1_0 Label:InstancedFoliageActor_-1_-1_0 SpatiallyLoaded:1 Bounds:IsValid=true, Min=(X=-25600.000 Y=-25600.000 Z=0.000), Max=(X=0.000 Y=0.000 Z=25600.000) RuntimeGrid:None EditorOnly:0 RuntimeOnly:0 HLODRelevant:0 FolderPath:Island 1 FolderGuid:04FE987C4952A58D4CF963BDABD789F7
 |   |   |- Guid:A81ACCA24A7FD6A4BC7D72A61189A49B BaseClass: NativeClass:/Script/Engine.StaticMeshActor Name:StaticMeshActor_UAID_D85ED303482DD36801_1222860161 Label:SM_Common_Tree_4 SpatiallyLoaded:1 Bounds:IsValid=true, Min=(X=-4176.424 Y=-2867.921 Z=4288.522), Max=(X=-2988.113 Y=-2153.684 Z=5448.104) RuntimeGrid:None EditorOnly:0 RuntimeOnly:0 HLODRelevant:1 FolderPath:Island 1 FolderGuid:04FE987C4952A58D4CF963BDABD789F7
 |   |   |- Guid:B1AB04B741E15C486E30E4B04C155B49 BaseClass: NativeClass:/Script/Engine.StaticMeshActor Name:StaticMeshActor_UAID_D85ED303482DD56801_1112817471 Label:water_placeholder SpatiallyLoaded:1 Bounds:IsValid=true, Min=(X=-4045.044 Y=-1550.790 Z=4435.681), Max=(X=-2720.563 Y=-226.308 Z=4435.681) RuntimeGrid:None EditorOnly:0 RuntimeOnly:0 HLODRelevant:1 FolderPath:Island 1 FolderGuid:04FE987C4952A58D4CF963BDABD789F7
 |   |   |- Guid:B32C7EF34F4E95941B6B6B8195FCB53C BaseClass: NativeClass:/Script/Engine.StaticMeshActor Name:StaticMeshActor_UAID_D85ED303482D826801_2013674898 Label:SM_S_Rock_01 SpatiallyLoaded:1 Bounds:IsValid=true, Min=(X=-4174.825 Y=-3434.670 Z=1172.642), Max=(X=-723.689 Y=725.517 Z=4060.925) RuntimeGrid:None EditorOnly:0 RuntimeOnly:0 HLODRelevant:1 FolderPath:Island FolderGuid:04FE987C4952A58D4CF963BDABD789F7
 |   |   |- Guid:B53D9CC84027DAC95804FFBB9E8BC8FF BaseClass: NativeClass:/Script/Engine.StaticMeshActor Name:StaticMeshActor_UAID_D85ED303482D836801_1924410042 Label:SM_S_Rock_2 SpatiallyLoaded:1 Bounds:IsValid=true, Min=(X=-5472.246 Y=-2491.378 Z=1186.966), Max=(X=-1983.259 Y=1668.808 Z=4107.658) RuntimeGrid:None EditorOnly:0 RuntimeOnly:0 HLODRelevant:1 FolderPath:Island FolderGuid:04FE987C4952A58D4CF963BDABD789F7
 |   |   |- Guid:B7453B3542FAE0CA1729D184E942DEB5 BaseClass: NativeClass:/Script/Engine.StaticMeshActor Name:StaticMeshActor_UAID_D85ED303482DD46801_1303907352 Label:SM_Common_Tree_5 SpatiallyLoaded:1 Bounds:IsValid=true, Min=(X=-6488.101 Y=630.640 Z=3829.340), Max=(X=-5541.038 Y=1337.529 Z=4710.695) RuntimeGrid:None EditorOnly:0 RuntimeOnly:0 HLODRelevant:1 FolderPath:Island 1 FolderGuid:04FE987C4952A58D4CF963BDABD789F7
 |   |   |- Guid:B7A741F143D3E06E982A00A25C23B2D7 BaseClass: NativeClass:/Script/Engine.WorldDataLayers Name:WorldDataLayers Label:WorldDataLayers SpatiallyLoaded:0 Bounds:IsValid=true, Min=(X=0.000 Y=0.000 Z=0.000), Max=(X=0.000 Y=0.000 Z=0.000) RuntimeGrid:None EditorOnly:0 RuntimeOnly:0 HLODRelevant:0
 |   |   |- Guid:BB3981054F51088DDC9CF99FCF1B01E8 BaseClass: NativeClass:/Script/Engine.StaticMeshActor Name:StaticMeshActor_UAID_D85ED303482DD36801_1663118168 Label:SM_Common_Tree_07 SpatiallyLoaded:1 Bounds:IsValid=true, Min=(X=-3845.419 Y=1193.833 Z=4381.907), Max=(X=-2609.021 Y=2410.073 Z=5368.843) RuntimeGrid:None EditorOnly:0 RuntimeOnly:0 HLODRelevant:1 FolderPath:Island 1 FolderGuid:04FE987C4952A58D4CF963BDABD789F7
 |   |   |- Guid:C17253DD4CF9172629AF4D9E65457DBF BaseClass: NativeClass:/Script/Engine.StaticMeshActor Name:StaticMeshActor_UAID_D85ED303482DD56801_1921956481 Label:SM_R_Rock_8 SpatiallyLoaded:1 Bounds:IsValid=true, Min=(X=-4812.374 Y=1667.025 Z=3998.917), Max=(X=-4309.695 Y=2169.659 Z=4651.285) RuntimeGrid:None EditorOnly:0 RuntimeOnly:0 HLODRelevant:1
 |   |   |- Guid:C547D055444F54E0FC3A828F0283742E BaseClass: NativeClass:/Script/Engine.TriggerBox Name:TriggerBox_UAID_D85ED303482D5D6A01_1538321466 Label:TriggerBox2 SpatiallyLoaded:1 Bounds:IsValid=true, Min=(X=-3566.439 Y=-1746.984 Z=4435.332), Max=(X=-3294.067 Y=-1474.612 Z=4707.704) RuntimeGrid:None EditorOnly:0 RuntimeOnly:0 HLODRelevant:0
 |   |   |- Guid:C6354C7B4FA56764A9DC07BDD9D4C2E4 BaseClass: NativeClass:/Script/Engine.StaticMeshActor Name:StaticMeshActor_UAID_D85ED303482DD36801_1304178164 Label:SM_Common_Tree_06 SpatiallyLoaded:1 Bounds:IsValid=true, Min=(X=-5399.321 Y=-1380.399 Z=4800.874), Max=(X=-4241.814 Y=-74.430 Z=6025.379) RuntimeGrid:None EditorOnly:0 RuntimeOnly:0 HLODRelevant:1 FolderPath:Island 1 FolderGuid:04FE987C4952A58D4CF963BDABD789F7
 |   |   |- Guid:C7647CD24350917308010C885C8654E8 BaseClass: NativeClass:/Script/Engine.StaticMeshActor Name:StaticMeshActor_UAID_D85ED303482D826801_1719782895 Label:SM_R_Rock_6 SpatiallyLoaded:1 Bounds:IsValid=true, Min=(X=-6910.336 Y=-1111.721 Z=-1620.886), Max=(X=-2030.219 Y=3304.678 Z=4008.026) RuntimeGrid:None EditorOnly:0 RuntimeOnly:0 HLODRelevant:1 FolderPath:Island FolderGuid:04FE987C4952A58D4CF963BDABD789F7
 |   |   |- Guid:C927A4264255185C1AEEC18CC587531D BaseClass: NativeClass:/Script/Foliage.InstancedFoliageActor Name:InstancedFoliageActor_25600_-1_0_0 Label:InstancedFoliageActor_-1_0_0 SpatiallyLoaded:1 Bounds:IsValid=true, Min=(X=-25600.000 Y=0.000 Z=0.000), Max=(X=0.000 Y=25600.000 Z=25600.000) RuntimeGrid:None EditorOnly:0 RuntimeOnly:0 HLODRelevant:0 FolderPath:Island 1 FolderGuid:04FE987C4952A58D4CF963BDABD789F7
 |   |   |- Guid:CA0328FA47F15B38ADDE19807DB07FEA BaseClass: NativeClass:/Script/Engine.StaticMeshActor Name:StaticMeshActor_UAID_D85ED303482DD56801_1362870474 Label:SM_S_Rock_5 SpatiallyLoaded:1 Bounds:IsValid=true, Min=(X=-2171.300 Y=765.864 Z=3974.287), Max=(X=-1745.701 Y=1201.763 Z=4611.558) RuntimeGrid:None EditorOnly:0 RuntimeOnly:0 HLODRelevant:1
 |   |   |- Guid:CDE87A1A405A7E4D3A19B9BB773F247E BaseClass: NativeClass:/Script/Engine.TriggerBox Name:TriggerBox_UAID_D85ED303482D586A01_1131615584 Label:TriggerBox SpatiallyLoaded:1 Bounds:IsValid=true, Min=(X=-4194.648 Y=-2556.982 Z=3818.677), Max=(X=-2685.866 Y=-1176.401 Z=5110.677) RuntimeGrid:None EditorOnly:0 RuntimeOnly:0 HLODRelevant:0
 |   |   |- Guid:D1E1433D4F387A013F1309BF3C138435 BaseClass: NativeClass:/Script/Engine.StaticMeshActor Name:StaticMeshActor_UAID_D85ED303482DD46801_1166332350 Label:SM_Common_Tree_3 SpatiallyLoaded:1 Bounds:IsValid=true, Min=(X=-7251.182 Y=-3159.810 Z=3958.261), Max=(X=-5932.358 Y=-1917.674 Z=5133.564) RuntimeGrid:None EditorOnly:0 RuntimeOnly:0 HLODRelevant:1 FolderPath:Island 1 FolderGuid:04FE987C4952A58D4CF963BDABD789F7
 |   |   |- Guid:D2AEC83A469D3ACB592BE4868B37F1FB BaseClass: NativeClass:/Script/Landscape.LandscapeStreamingProxy Name:LandscapeStreamingProxy_8UWVG117R7KAU1JAPP2CNK8K1_126_0_0_0 Label:LandscapeStreamingProxy_0_0_0 SpatiallyLoaded:1 Bounds:IsValid=true, Min=(X=-9743.404 Y=-7263.427 Z=1726.382), Max=(X=2856.596 Y=5336.573 Z=5837.319) RuntimeGrid:None EditorOnly:0 RuntimeOnly:0 HLODRelevant:1 FolderPath:Island 1 FolderGuid:04FE987C4952A58D4CF963BDABD789F7
 |   |   |- Guid:D741B8AD442AAE71B734AEB2F96F59CE BaseClass: NativeClass:/Script/Engine.StaticMeshActor Name:StaticMeshActor_UAID_D85ED303482D806801_2076386523 Label:SM_S_Rock_07 SpatiallyLoaded:1 Bounds:IsValid=true, Min=(X=-5680.505 Y=-4380.104 Z=316.963), Max=(X=-1620.553 Y=-2107.215 Z=4121.406) RuntimeGrid:None EditorOnly:0 RuntimeOnly:0 HLODRelevant:1 FolderPath:Island FolderGuid:04FE987C4952A58D4CF963BDABD789F7
 |   |   |- Guid:D84496094337E35D97251B88E430B42E BaseClass: NativeClass:/Script/Engine.StaticMeshActor Name:StaticMeshActor_UAID_D85ED303482DD46801_1336342353 Label:SM_Common_Tree_6 SpatiallyLoaded:1 Bounds:IsValid=true, Min=(X=-5839.538 Y=1065.360 Z=3968.313), Max=(X=-4870.354 Y=1966.998 Z=4876.604) RuntimeGrid:None EditorOnly:0 RuntimeOnly:0 HLODRelevant:1 FolderPath:Island 1 FolderGuid:04FE987C4952A58D4CF963BDABD789F7
 |   |   |- Guid:E17A028A461DBFF6DCB0268A2EEE816E BaseClass: NativeClass:/Script/Engine.VolumetricCloud Name:VolumetricCloud_UAID_D85ED303482D806801_1237667515 Label:VolumetricCloud SpatiallyLoaded:0 Bounds:IsValid=true, Min=(X=0.000 Y=0.000 Z=820.000), Max=(X=0.000 Y=0.000 Z=820.000) RuntimeGrid:None EditorOnly:0 RuntimeOnly:0 HLODRelevant:0 FolderPath:Lighting FolderGuid:828D6E77461DCFCE8367609D0F026E31
 |   |   |- Guid:E25E20FF4D466C1D8AF0C5AA0C088F5F BaseClass: NativeClass:/Script/Engine.StaticMeshActor Name:StaticMeshActor_UAID_D85ED303482DD56801_1541618478 Label:SM_S_Rock_6 SpatiallyLoaded:1 Bounds:IsValid=true, Min=(X=-5895.689 Y=-3733.798 Z=3610.324), Max=(X=-5386.519 Y=-3227.559 Z=4532.791) RuntimeGrid:None EditorOnly:0 RuntimeOnly:0 HLODRelevant:1
 |   |   |- Guid:EA0F0FBB4AF4C7F9374ACDBF0A1C9AF1 BaseClass: NativeClass:/Script/Engine.StaticMeshActor Name:StaticMeshActor_UAID_D85ED303482DD56801_1506751477 Label:SM_R_Rock_02 SpatiallyLoaded:1 Bounds:IsValid=true, Min=(X=-7011.014 Y=-367.038 Z=3896.108), Max=(X=-6528.181 Y=84.968 Z=4349.806) RuntimeGrid:None EditorOnly:0 RuntimeOnly:0 HLODRelevant:1
 |   |   |- Guid:EAF6EEEB4A55156130C829A0036E47DC BaseClass: NativeClass:/Script/Engine.DirectionalLight Name:DirectionalLight_UAID_D85ED303482D806801_1237668516 Label:DirectionalLight SpatiallyLoaded:0 Bounds:IsValid=true, Min=(X=-4398046511104.000 Y=-4398046511104.000 Z=-4398046511104.000), Max=(X=4398046511104.000 Y=4398046511104.000 Z=4398046511104.000) RuntimeGrid:None EditorOnly:0 RuntimeOnly:0 HLODRelevant:0 FolderPath:Lighting FolderGuid:828D6E77461DCFCE8367609D0F026E31
 |   |   |- Guid:EC60B9D846A1AA963B9585A605A5E1A3 BaseClass: NativeClass:/Script/Engine.StaticMeshActor Name:StaticMeshActor_UAID_D85ED303482DD46801_1127530349 Label:SM_Common_Tree_11 SpatiallyLoaded:1 Bounds:IsValid=true, Min=(X=-5792.347 Y=-4675.499 Z=3774.368), Max=(X=-4318.950 Y=-2965.382 Z=5430.852) RuntimeGrid:None EditorOnly:0 RuntimeOnly:0 HLODRelevant:1 FolderPath:Island 1 FolderGuid:04FE987C4952A58D4CF963BDABD789F7
 |   |   |- Guid:EE46051F4473B5BB7002C4BD9A3358AE BaseClass: NativeClass:/Script/Engine.PostProcessVolume Name:PostProcessVolume_UAID_D85ED303482D806801_1237670520 Label:PostProcessVolume SpatiallyLoaded:0 Bounds:IsValid=true, Min=(X=0.000 Y=0.000 Z=400.000), Max=(X=200.000 Y=200.000 Z=600.000) RuntimeGrid:None EditorOnly:0 RuntimeOnly:0 HLODRelevant:0 FolderPath:Lighting FolderGuid:828D6E77461DCFCE8367609D0F026E31
 |   |   |- Guid:EE7986BF40056304EC321DA99E03C41A BaseClass: NativeClass:/Script/Engine.StaticMeshActor Name:StaticMeshActor_UAID_D85ED303482DD56801_1456076476 Label:SM_R_Rock_01 SpatiallyLoaded:1 Bounds:IsValid=true, Min=(X=-5448.453 Y=594.902 Z=3999.888), Max=(X=-5072.364 Y=914.969 Z=4351.715) RuntimeGrid:None EditorOnly:0 RuntimeOnly:0 HLODRelevant:1
 |   |   |- Guid:F3B5AD474787AB56DB3A1E8D6AC65341 BaseClass: NativeClass:/Script/Engine.StaticMeshActor Name:StaticMeshActor_UAID_D85ED303482DD36801_1592584167 Label:SM_Common_Tree_12 SpatiallyLoaded:1 Bounds:IsValid=true, Min=(X=-5466.148 Y=-164.791 Z=4933.490), Max=(X=-4364.469 Y=986.143 Z=6002.653) RuntimeGrid:None EditorOnly:0 RuntimeOnly:0 HLODRelevant:1 FolderPath:Island 1 FolderGuid:04FE987C4952A58D4CF963BDABD789F7
 |   |   |- Guid:F6E5C3E9473EFDC06BABE19837ECCFBB BaseClass: NativeClass:/Script/Engine.StaticMeshActor Name:StaticMeshActor_UAID_D85ED303482D826801_1617811894 Label:SM_R_Rock_03 SpatiallyLoaded:1 Bounds:IsValid=true, Min=(X=-7320.608 Y=-1144.973 Z=1254.204), Max=(X=-1821.660 Y=3644.143 Z=4931.334) RuntimeGrid:None EditorOnly:0 RuntimeOnly:0 HLODRelevant:1 FolderPath:Island FolderGuid:04FE987C4952A58D4CF963BDABD789F7
 |   |   |- Guid:FA4D0D094E59637E52467C9BDC639EB5 BaseClass: NativeClass:/Script/Engine.StaticMeshActor Name:StaticMeshActor_UAID_D85ED303482D826801_1560038893 Label:SM_R_Rock_2 SpatiallyLoaded:1 Bounds:IsValid=true, Min=(X=-8486.966 Y=-3049.452 Z=1181.823), Max=(X=-3988.455 Y=1698.716 Z=4629.370) RuntimeGrid:None EditorOnly:0 RuntimeOnly:0 HLODRelevant:1 FolderPath:Island FolderGuid:04FE987C4952A58D4CF963BDABD789F7
 |   |- [+] Clusters:
 |   |   |- [+] [  0]
 |   |   |   |- Guid:2C5E5B824F7856A20E390C9328B4A5C8 BaseClass: NativeClass:/Script/Engine.StaticMeshActor Name:StaticMeshActor_UAID_D85ED303482D806801_2140332525 Label:SM_R_Rock_05 SpatiallyLoaded:1 Bounds:IsValid=true, Min=(X=-5892.587 Y=-3691.114 Z=-3291.988), Max=(X=-1412.731 Y=92.772 Z=2392.418) RuntimeGrid:None EditorOnly:0 RuntimeOnly:0 HLODRelevant:1 FolderPath:Island FolderGuid:04FE987C4952A58D4CF963BDABD789F7
 |   |   |- [+] [  1]
 |   |   |   |- Guid:B1AB04B741E15C486E30E4B04C155B49 BaseClass: NativeClass:/Script/Engine.StaticMeshActor Name:StaticMeshActor_UAID_D85ED303482DD56801_1112817471 Label:water_placeholder SpatiallyLoaded:1 Bounds:IsValid=true, Min=(X=-4045.044 Y=-1550.790 Z=4435.681), Max=(X=-2720.563 Y=-226.308 Z=4435.681) RuntimeGrid:None EditorOnly:0 RuntimeOnly:0 HLODRelevant:1 FolderPath:Island 1 FolderGuid:04FE987C4952A58D4CF963BDABD789F7
 |   |   |- [+] [  2]
 |   |   |   |- Guid:D2AEC83A469D3ACB592BE4868B37F1FB BaseClass: NativeClass:/Script/Landscape.LandscapeStreamingProxy Name:LandscapeStreamingProxy_8UWVG117R7KAU1JAPP2CNK8K1_126_0_0_0 Label:LandscapeStreamingProxy_0_0_0 SpatiallyLoaded:1 Bounds:IsValid=true, Min=(X=-9743.404 Y=-7263.427 Z=1726.382), Max=(X=2856.596 Y=5336.573 Z=5837.319) RuntimeGrid:None EditorOnly:0 RuntimeOnly:0 HLODRelevant:1 FolderPath:Island 1 FolderGuid:04FE987C4952A58D4CF963BDABD789F7
 |   |   |- [+] [  3]
 |   |   |   |- Guid:C17253DD4CF9172629AF4D9E65457DBF BaseClass: NativeClass:/Script/Engine.StaticMeshActor Name:StaticMeshActor_UAID_D85ED303482DD56801_1921956481 Label:SM_R_Rock_8 SpatiallyLoaded:1 Bounds:IsValid=true, Min=(X=-4812.374 Y=1667.025 Z=3998.917), Max=(X=-4309.695 Y=2169.659 Z=4651.285) RuntimeGrid:None EditorOnly:0 RuntimeOnly:0 HLODRelevant:1
 |   |   |- [+] [  4]
 |   |   |   |- Guid:8B8A3DB345BDA3E4C016D9903045C095 BaseClass: NativeClass:/Script/Engine.StaticMeshActor Name:StaticMeshActor_UAID_D85ED303482DD56801_2125301485 Label:SM_S_Rock_09 SpatiallyLoaded:1 Bounds:IsValid=true, Min=(X=-2813.307 Y=-1351.376 Z=4490.896), Max=(X=-2585.089 Y=-1167.136 Z=4664.027) RuntimeGrid:None EditorOnly:0 RuntimeOnly:0 HLODRelevant:1
 |   |   |- [+] [  5]
 |   |   |   |- Guid:EA0F0FBB4AF4C7F9374ACDBF0A1C9AF1 BaseClass: NativeClass:/Script/Engine.StaticMeshActor Name:StaticMeshActor_UAID_D85ED303482DD56801_1506751477 Label:SM_R_Rock_02 SpatiallyLoaded:1 Bounds:IsValid=true, Min=(X=-7011.014 Y=-367.038 Z=3896.108), Max=(X=-6528.181 Y=84.968 Z=4349.806) RuntimeGrid:None EditorOnly:0 RuntimeOnly:0 HLODRelevant:1
 |   |   |- [+] [  6]
 |   |   |   |- Guid:EE7986BF40056304EC321DA99E03C41A BaseClass: NativeClass:/Script/Engine.StaticMeshActor Name:StaticMeshActor_UAID_D85ED303482DD56801_1456076476 Label:SM_R_Rock_01 SpatiallyLoaded:1 Bounds:IsValid=true, Min=(X=-5448.453 Y=594.902 Z=3999.888), Max=(X=-5072.364 Y=914.969 Z=4351.715) RuntimeGrid:None EditorOnly:0 RuntimeOnly:0 HLODRelevant:1
 |   |   |- [+] [  7]
 |   |   |   |- Guid:BB3981054F51088DDC9CF99FCF1B01E8 BaseClass: NativeClass:/Script/Engine.StaticMeshActor Name:StaticMeshActor_UAID_D85ED303482DD36801_1663118168 Label:SM_Common_Tree_07 SpatiallyLoaded:1 Bounds:IsValid=true, Min=(X=-3845.419 Y=1193.833 Z=4381.907), Max=(X=-2609.021 Y=2410.073 Z=5368.843) RuntimeGrid:None EditorOnly:0 RuntimeOnly:0 HLODRelevant:1 FolderPath:Island 1 FolderGuid:04FE987C4952A58D4CF963BDABD789F7
 |   |   |- [+] [  8]
 |   |   |   |- Guid:42C2302044A619E86EDF2CA88B0C6406 BaseClass: NativeClass:/Script/Engine.StaticMeshActor Name:StaticMeshActor_UAID_D85ED303482DD26801_1717394982 Label:SM_Common_Tree_03 SpatiallyLoaded:1 Bounds:IsValid=true, Min=(X=-2882.961 Y=-1351.628 Z=4580.717), Max=(X=-2254.331 Y=-597.330 Z=5254.643) RuntimeGrid:None EditorOnly:0 RuntimeOnly:0 HLODRelevant:1 FolderPath:Island 1 FolderGuid:04FE987C4952A58D4CF963BDABD789F7
 |   |   |- [+] [  9]
 |   |   |   |- Guid:D84496094337E35D97251B88E430B42E BaseClass: NativeClass:/Script/Engine.StaticMeshActor Name:StaticMeshActor_UAID_D85ED303482DD46801_1336342353 Label:SM_Common_Tree_6 SpatiallyLoaded:1 Bounds:IsValid=true, Min=(X=-5839.538 Y=1065.360 Z=3968.313), Max=(X=-4870.354 Y=1966.998 Z=4876.604) RuntimeGrid:None EditorOnly:0 RuntimeOnly:0 HLODRelevant:1 FolderPath:Island 1 FolderGuid:04FE987C4952A58D4CF963BDABD789F7
 |   |   |- [+] [ 10]
 |   |   |   |- Guid:6036A23E48CAF8AE3B23368CF4443AB5 BaseClass: NativeClass:/Script/Engine.StaticMeshActor Name:StaticMeshActor_UAID_D85ED303482DD56801_1636476479 Label:SM_R_Rock_5 SpatiallyLoaded:1 Bounds:IsValid=true, Min=(X=-6725.205 Y=-119.480 Z=3952.226), Max=(X=-6416.354 Y=156.321 Z=4238.161) RuntimeGrid:None EditorOnly:0 RuntimeOnly:0 HLODRelevant:1
 |   |   |- [+] [ 11]
 |   |   |   |- Guid:F3B5AD474787AB56DB3A1E8D6AC65341 BaseClass: NativeClass:/Script/Engine.StaticMeshActor Name:StaticMeshActor_UAID_D85ED303482DD36801_1592584167 Label:SM_Common_Tree_12 SpatiallyLoaded:1 Bounds:IsValid=true, Min=(X=-5466.148 Y=-164.791 Z=4933.490), Max=(X=-4364.469 Y=986.143 Z=6002.653) RuntimeGrid:None EditorOnly:0 RuntimeOnly:0 HLODRelevant:1 FolderPath:Island 1 FolderGuid:04FE987C4952A58D4CF963BDABD789F7
 |   |   |- [+] [ 12]
 |   |   |   |- Guid:960C463346F6B65FE6A87191BDC70783 BaseClass: NativeClass:/Script/Engine.StaticMeshActor Name:StaticMeshActor_UAID_D85ED303482DD56801_1301083472 Label:SM_R_Rock_04 SpatiallyLoaded:1 Bounds:IsValid=true, Min=(X=-3939.825 Y=-3130.756 Z=4083.716), Max=(X=-3529.106 Y=-2765.464 Z=4533.408) RuntimeGrid:None EditorOnly:0 RuntimeOnly:0 HLODRelevant:1
 |   |   |- [+] [ 13]
 |   |   |   |- Guid:9537AD6549A5ED3B03C3DF93E239B912 BaseClass: NativeClass:/Script/Landscape.Landscape Name:Landscape_UAID_D85ED303482D856801_1084456399 Label:Landscape SpatiallyLoaded:0 Bounds:IsValid=true, Min=(X=-9743.404 Y=-7263.427 Z=4168.569), Max=(X=-9743.404 Y=-7263.427 Z=4168.569) RuntimeGrid:None EditorOnly:0 RuntimeOnly:0 HLODRelevant:0 FolderPath:Island FolderGuid:04FE987C4952A58D4CF963BDABD789F7
 |   |   |- [+] [ 14]
 |   |   |   |- Guid:9FA8924D4C25574FF0666CAA684B21CE BaseClass: NativeClass:/Script/Engine.SkeletalMeshActor Name:SkeletalMeshActor_UAID_D85ED303482D576A01_2139382407 Label:Waving__1_ SpatiallyLoaded:1 Bounds:IsValid=true, Min=(X=-3561.853 Y=-1607.111 Z=4462.366), Max=(X=-3360.303 Y=-1502.510 Z=4669.118) RuntimeGrid:None EditorOnly:0 RuntimeOnly:0 HLODRelevant:0
 |   |   |- [+] [ 15]
 |   |   |   |- Guid:FA4D0D094E59637E52467C9BDC639EB5 BaseClass: NativeClass:/Script/Engine.StaticMeshActor Name:StaticMeshActor_UAID_D85ED303482D826801_1560038893 Label:SM_R_Rock_2 SpatiallyLoaded:1 Bounds:IsValid=true, Min=(X=-8486.966 Y=-3049.452 Z=1181.823), Max=(X=-3988.455 Y=1698.716 Z=4629.370) RuntimeGrid:None EditorOnly:0 RuntimeOnly:0 HLODRelevant:1 FolderPath:Island FolderGuid:04FE987C4952A58D4CF963BDABD789F7
 |   |   |- [+] [ 16]
 |   |   |   |- Guid:07FCB4A44D0734A4F83E60856EAABB50 BaseClass: NativeClass:/Script/Engine.StaticMeshActor Name:StaticMeshActor_UAID_D85ED303482D826801_1094392887 Label:SM_S_Rock_8 SpatiallyLoaded:1 Bounds:IsValid=true, Min=(X=-7044.483 Y=-1592.036 Z=-1617.828), Max=(X=-1575.158 Y=3101.476 Z=4310.306) RuntimeGrid:None EditorOnly:0 RuntimeOnly:0 HLODRelevant:1 FolderPath:Island FolderGuid:04FE987C4952A58D4CF963BDABD789F7
 |   |   |- [+] [ 17]
 |   |   |   |- Guid:4951485E44C34177EB768A8EED87F76E BaseClass: NativeClass:/Script/Engine.StaticMeshActor Name:StaticMeshActor_UAID_D85ED303482DD36801_1548249165 Label:SM_Common_Tree_10 SpatiallyLoaded:1 Bounds:IsValid=true, Min=(X=-4926.919 Y=-2799.420 Z=5177.364), Max=(X=-4143.828 Y=-1995.094 Z=5724.229) RuntimeGrid:None EditorOnly:0 RuntimeOnly:0 HLODRelevant:1 FolderPath:Island 1 FolderGuid:04FE987C4952A58D4CF963BDABD789F7
 |   |   |- [+] [ 18]
 |   |   |   |- Guid:743EE7774CDD051A58110AAF7FECE1B0 BaseClass: NativeClass:/Script/Engine.StaticMeshActor Name:StaticMeshActor_UAID_D85ED303482DD56801_2071343484 Label:SM_S_Rock_15 SpatiallyLoaded:1 Bounds:IsValid=true, Min=(X=-4578.194 Y=-100.452 Z=4666.239), Max=(X=-4029.075 Y=343.528 Z=5197.814) RuntimeGrid:None EditorOnly:0 RuntimeOnly:0 HLODRelevant:1
 |   |   |- [+] [ 19]
 |   |   |   |- Guid:8B31FFA542CEC97CC12B499C486937F5 BaseClass: NativeClass:/Script/Engine.SkyAtmosphere Name:SkyAtmosphere_UAID_D85ED303482D806801_1237669518 Label:SkyAtmosphere SpatiallyLoaded:0 Bounds:IsValid=true, Min=(X=0.000 Y=0.000 Z=1020.000), Max=(X=0.000 Y=0.000 Z=1020.000) RuntimeGrid:None EditorOnly:0 RuntimeOnly:0 HLODRelevant:0 FolderPath:Lighting FolderGuid:828D6E77461DCFCE8367609D0F026E31
 |   |   |- [+] [ 20]
 |   |   |   |- Guid:CDE87A1A405A7E4D3A19B9BB773F247E BaseClass: NativeClass:/Script/Engine.TriggerBox Name:TriggerBox_UAID_D85ED303482D586A01_1131615584 Label:TriggerBox SpatiallyLoaded:1 Bounds:IsValid=true, Min=(X=-4194.648 Y=-2556.982 Z=3818.677), Max=(X=-2685.866 Y=-1176.401 Z=5110.677) RuntimeGrid:None EditorOnly:0 RuntimeOnly:0 HLODRelevant:0
 |   |   |- [+] [ 21]
 |   |   |   |- Guid:7E0A17B04FE70B560C812DB1A43AEDCB BaseClass: NativeClass:/Script/Engine.StaticMeshActor Name:StaticMeshActor_UAID_D85ED303482D826801_1372594890 Label:SM_R_Rock_3 SpatiallyLoaded:1 Bounds:IsValid=true, Min=(X=-8118.959 Y=-4116.618 Z=1961.342), Max=(X=-4234.091 Y=-152.157 Z=4625.730) RuntimeGrid:None EditorOnly:0 RuntimeOnly:0 HLODRelevant:1 FolderPath:Island FolderGuid:04FE987C4952A58D4CF963BDABD789F7
 |   |   |- [+] [ 22]
 |   |   |   |- Guid:C927A4264255185C1AEEC18CC587531D BaseClass: NativeClass:/Script/Foliage.InstancedFoliageActor Name:InstancedFoliageActor_25600_-1_0_0 Label:InstancedFoliageActor_-1_0_0 SpatiallyLoaded:1 Bounds:IsValid=true, Min=(X=-25600.000 Y=0.000 Z=0.000), Max=(X=0.000 Y=25600.000 Z=25600.000) RuntimeGrid:None EditorOnly:0 RuntimeOnly:0 HLODRelevant:0 FolderPath:Island 1 FolderGuid:04FE987C4952A58D4CF963BDABD789F7
 |   |   |- [+] [ 23]
 |   |   |   |- Guid:078820CF435F6E3B5CE7FDBAB273B810 BaseClass: NativeClass:/Script/Engine.StaticMeshActor Name:StaticMeshActor_UAID_D85ED303482DD36801_1232061162 Label:SM_Common_Tree_04 SpatiallyLoaded:1 Bounds:IsValid=true, Min=(X=-3127.641 Y=-4006.882 Z=4168.554), Max=(X=-2112.718 Y=-2927.639 Z=5156.104) RuntimeGrid:None EditorOnly:0 RuntimeOnly:0 HLODRelevant:1 FolderPath:Island 1 FolderGuid:04FE987C4952A58D4CF963BDABD789F7
 |   |   |- [+] [ 24]
 |   |   |   |- Guid:59440895482E6AE638DF35AE07A766A3 BaseClass: NativeClass:/Script/Engine.StaticMeshActor Name:StaticMeshActor_UAID_D85ED303482D816801_1827835706 Label:SM_S_Rock_10 SpatiallyLoaded:1 Bounds:IsValid=true, Min=(X=-6384.601 Y=-2737.873 Z=-1983.996), Max=(X=-2492.818 Y=1681.880 Z=4231.904) RuntimeGrid:None EditorOnly:0 RuntimeOnly:0 HLODRelevant:1 FolderPath:Island FolderGuid:04FE987C4952A58D4CF963BDABD789F7
 |   |   |- [+] [ 25]
 |   |   |   |- Guid:A81ACCA24A7FD6A4BC7D72A61189A49B BaseClass: NativeClass:/Script/Engine.StaticMeshActor Name:StaticMeshActor_UAID_D85ED303482DD36801_1222860161 Label:SM_Common_Tree_4 SpatiallyLoaded:1 Bounds:IsValid=true, Min=(X=-4176.424 Y=-2867.921 Z=4288.522), Max=(X=-2988.113 Y=-2153.684 Z=5448.104) RuntimeGrid:None EditorOnly:0 RuntimeOnly:0 HLODRelevant:1 FolderPath:Island 1 FolderGuid:04FE987C4952A58D4CF963BDABD789F7
 |   |   |- [+] [ 26]
 |   |   |   |- Guid:4E2EB4284C99CDA5EBA2FC8EDC87C5CD BaseClass: NativeClass:/Script/Engine.StaticMeshActor Name:StaticMeshActor_UAID_D85ED303482D816801_1911521707 Label:SM_S_Rock_04 SpatiallyLoaded:1 Bounds:IsValid=true, Min=(X=-6226.819 Y=-2476.474 Z=-2277.625), Max=(X=-3525.957 Y=239.131 Z=3773.254) RuntimeGrid:None EditorOnly:0 RuntimeOnly:0 HLODRelevant:1 FolderPath:Island FolderGuid:04FE987C4952A58D4CF963BDABD789F7
 |   |   |- [+] [ 27]
 |   |   |   |- Guid:9ED485B84455DC46D24117AA0D50500B BaseClass: NativeClass:/Script/Engine.StaticMeshActor Name:StaticMeshActor_UAID_D85ED303482D826801_1807242896 Label:SM_S_Rock_4 SpatiallyLoaded:1 Bounds:IsValid=true, Min=(X=-4794.007 Y=-1588.649 Z=673.604), Max=(X=-575.933 Y=2670.531 Z=4168.796) RuntimeGrid:None EditorOnly:0 RuntimeOnly:0 HLODRelevant:1 FolderPath:Island FolderGuid:04FE987C4952A58D4CF963BDABD789F7
 |   |   |- [+] [ 28]
 |   |   |   |- Guid:EE46051F4473B5BB7002C4BD9A3358AE BaseClass: NativeClass:/Script/Engine.PostProcessVolume Name:PostProcessVolume_UAID_D85ED303482D806801_1237670520 Label:PostProcessVolume SpatiallyLoaded:0 Bounds:IsValid=true, Min=(X=0.000 Y=0.000 Z=400.000), Max=(X=200.000 Y=200.000 Z=600.000) RuntimeGrid:None EditorOnly:0 RuntimeOnly:0 HLODRelevant:0 FolderPath:Lighting FolderGuid:828D6E77461DCFCE8367609D0F026E31
 |   |   |- [+] [ 29]
 |   |   |   |- Guid:652D73A442DE128CB4AB60A2B03CED5B BaseClass: NativeClass:/Script/Engine.StaticMeshActor Name:StaticMeshActor_UAID_D85ED303482DD56801_2045393483 Label:SM_S_Rock_14 SpatiallyLoaded:1 Bounds:IsValid=true, Min=(X=-4933.306 Y=-2316.063 Z=5078.547), Max=(X=-4696.553 Y=-2045.461 Z=5221.382) RuntimeGrid:None EditorOnly:0 RuntimeOnly:0 HLODRelevant:1
 |   |   |- [+] [ 30]
 |   |   |   |- Guid:34FAA2C64D13017287416894541F2206 BaseClass: NativeClass:/Script/Engine.StaticMeshActor Name:StaticMeshActor_UAID_D85ED303482DD46801_1546222356 Label:SM_Common_Tree_13 SpatiallyLoaded:1 Bounds:IsValid=true, Min=(X=-3149.724 Y=-3354.630 Z=4035.468), Max=(X=-1359.508 Y=-1705.337 Z=5257.510) RuntimeGrid:None EditorOnly:0 RuntimeOnly:0 HLODRelevant:1 FolderPath:Island 1 FolderGuid:04FE987C4952A58D4CF963BDABD789F7
 |   |   |- [+] [ 31]
 |   |   |   |- Guid:B32C7EF34F4E95941B6B6B8195FCB53C BaseClass: NativeClass:/Script/Engine.StaticMeshActor Name:StaticMeshActor_UAID_D85ED303482D826801_2013674898 Label:SM_S_Rock_01 SpatiallyLoaded:1 Bounds:IsValid=true, Min=(X=-4174.825 Y=-3434.670 Z=1172.642), Max=(X=-723.689 Y=725.517 Z=4060.925) RuntimeGrid:None EditorOnly:0 RuntimeOnly:0 HLODRelevant:1 FolderPath:Island FolderGuid:04FE987C4952A58D4CF963BDABD789F7
 |   |   |- [+] [ 32]
 |   |   |   |- Guid:B7A741F143D3E06E982A00A25C23B2D7 BaseClass: NativeClass:/Script/Engine.WorldDataLayers Name:WorldDataLayers Label:WorldDataLayers SpatiallyLoaded:0 Bounds:IsValid=true, Min=(X=0.000 Y=0.000 Z=0.000), Max=(X=0.000 Y=0.000 Z=0.000) RuntimeGrid:None EditorOnly:0 RuntimeOnly:0 HLODRelevant:0
 |   |   |- [+] [ 33]
 |   |   |   |- Guid:E17A028A461DBFF6DCB0268A2EEE816E BaseClass: NativeClass:/Script/Engine.VolumetricCloud Name:VolumetricCloud_UAID_D85ED303482D806801_1237667515 Label:VolumetricCloud SpatiallyLoaded:0 Bounds:IsValid=true, Min=(X=0.000 Y=0.000 Z=820.000), Max=(X=0.000 Y=0.000 Z=820.000) RuntimeGrid:None EditorOnly:0 RuntimeOnly:0 HLODRelevant:0 FolderPath:Lighting FolderGuid:828D6E77461DCFCE8367609D0F026E31
 |   |   |- [+] [ 34]
 |   |   |   |- Guid:7360151340D12C618CAFF3A54587B1EC BaseClass: NativeClass:/Script/Engine.StaticMeshActor Name:StaticMeshActor_UAID_D85ED303482DD56801_1347583473 Label:SM_R_Rock_7 SpatiallyLoaded:1 Bounds:IsValid=true, Min=(X=-1756.183 Y=-1546.583 Z=3990.312), Max=(X=-1203.678 Y=-994.068 Z=4642.679) RuntimeGrid:None EditorOnly:0 RuntimeOnly:0 HLODRelevant:1
 |   |   |- [+] [ 35]
 |   |   |   |- Guid:F6E5C3E9473EFDC06BABE19837ECCFBB BaseClass: NativeClass:/Script/Engine.StaticMeshActor Name:StaticMeshActor_UAID_D85ED303482D826801_1617811894 Label:SM_R_Rock_03 SpatiallyLoaded:1 Bounds:IsValid=true, Min=(X=-7320.608 Y=-1144.973 Z=1254.204), Max=(X=-1821.660 Y=3644.143 Z=4931.334) RuntimeGrid:None EditorOnly:0 RuntimeOnly:0 HLODRelevant:1 FolderPath:Island FolderGuid:04FE987C4952A58D4CF963BDABD789F7
 |   |   |- [+] [ 36]
 |   |   |   |- Guid:1B039CD749A16C6D673EA68AA75A7281 BaseClass: NativeClass:/Script/Engine.StaticMeshActor Name:StaticMeshActor_UAID_D85ED303482D806801_2102448524 Label:SM_S_Rock_9 SpatiallyLoaded:1 Bounds:IsValid=true, Min=(X=-6324.289 Y=-4778.295 Z=-935.232), Max=(X=-2549.541 Y=-400.125 Z=4268.831) RuntimeGrid:None EditorOnly:0 RuntimeOnly:0 HLODRelevant:1 FolderPath:Island FolderGuid:04FE987C4952A58D4CF963BDABD789F7
 |   |   |- [+] [ 37]
 |   |   |   |- Guid:CA0328FA47F15B38ADDE19807DB07FEA BaseClass: NativeClass:/Script/Engine.StaticMeshActor Name:StaticMeshActor_UAID_D85ED303482DD56801_1362870474 Label:SM_S_Rock_5 SpatiallyLoaded:1 Bounds:IsValid=true, Min=(X=-2171.300 Y=765.864 Z=3974.287), Max=(X=-1745.701 Y=1201.763 Z=4611.558) RuntimeGrid:None EditorOnly:0 RuntimeOnly:0 HLODRelevant:1
 |   |   |- [+] [ 38]
 |   |   |   |- Guid:79639CD14D23309D38B097B3C1E6A8E8 BaseClass: NativeClass:/Script/Engine.StaticMeshActor Name:StaticMeshActor_UAID_D85ED303482D826801_1972131897 Label:SM_S_Rock_12 SpatiallyLoaded:1 Bounds:IsValid=true, Min=(X=-7149.113 Y=-3249.635 Z=-1119.093), Max=(X=-3050.578 Y=-101.522 Z=4185.094) RuntimeGrid:None EditorOnly:0 RuntimeOnly:0 HLODRelevant:1 FolderPath:Island FolderGuid:04FE987C4952A58D4CF963BDABD789F7
 |   |   |- [+] [ 39]
 |   |   |   |- Guid:A28E814D426DF8C902F136801852AE26 BaseClass: NativeClass:/Script/Foliage.InstancedFoliageActor Name:InstancedFoliageActor_25600_-1_-1_0 Label:InstancedFoliageActor_-1_-1_0 SpatiallyLoaded:1 Bounds:IsValid=true, Min=(X=-25600.000 Y=-25600.000 Z=0.000), Max=(X=0.000 Y=0.000 Z=25600.000) RuntimeGrid:None EditorOnly:0 RuntimeOnly:0 HLODRelevant:0 FolderPath:Island 1 FolderGuid:04FE987C4952A58D4CF963BDABD789F7
 |   |   |- [+] [ 40]
 |   |   |   |- Guid:63FB3F494BC04A29AFE902836C482DE3 BaseClass: NativeClass:/Script/Engine.StaticMeshActor Name:StaticMeshActor_UAID_D85ED303482DD56801_1713966480 Label:SM_S_Rock_7 SpatiallyLoaded:1 Bounds:IsValid=true, Min=(X=-3469.019 Y=1752.379 Z=4375.068), Max=(X=-3294.244 Y=1941.075 Z=4582.729) RuntimeGrid:None EditorOnly:0 RuntimeOnly:0 HLODRelevant:1
 |   |   |- [+] [ 41]
 |   |   |   |- Guid:8BDB3CF043E1CCE28A8084B6BDF7CA25 BaseClass: NativeClass:/Script/Engine.StaticMeshActor Name:StaticMeshActor_UAID_D85ED303482D836801_1871558041 Label:SM_S_Rock_06 SpatiallyLoaded:1 Bounds:IsValid=true, Min=(X=-6916.653 Y=-3638.442 Z=-1445.718), Max=(X=-2652.306 Y=671.669 Z=886.855) RuntimeGrid:None EditorOnly:0 RuntimeOnly:0 HLODRelevant:1 FolderPath:Island FolderGuid:04FE987C4952A58D4CF963BDABD789F7
 |   |   |- [+] [ 42]
 |   |   |   |- Guid:3474C3964A6BE083CD4C619B31B6A376 BaseClass: NativeClass:/Script/Engine.StaticMeshActor Name:StaticMeshActor_UAID_D85ED303482D806801_2018626521 Label:SM_S_Rock_08 SpatiallyLoaded:1 Bounds:IsValid=true, Min=(X=-4495.831 Y=-2831.108 Z=-704.379), Max=(X=-1382.404 Y=317.004 Z=4019.347) RuntimeGrid:None EditorOnly:0 RuntimeOnly:0 HLODRelevant:1 FolderPath:Island FolderGuid:04FE987C4952A58D4CF963BDABD789F7
 |   |   |- [+] [ 43]
 |   |   |   |- Guid:D741B8AD442AAE71B734AEB2F96F59CE BaseClass: NativeClass:/Script/Engine.StaticMeshActor Name:StaticMeshActor_UAID_D85ED303482D806801_2076386523 Label:SM_S_Rock_07 SpatiallyLoaded:1 Bounds:IsValid=true, Min=(X=-5680.505 Y=-4380.104 Z=316.963), Max=(X=-1620.553 Y=-2107.215 Z=4121.406) RuntimeGrid:None EditorOnly:0 RuntimeOnly:0 HLODRelevant:1 FolderPath:Island FolderGuid:04FE987C4952A58D4CF963BDABD789F7
 |   |   |- [+] [ 44]
 |   |   |   |- Guid:7801F7DF4800F9F6773D1CB8AAB4DE9B BaseClass: NativeClass:/Script/Engine.StaticMeshActor Name:StaticMeshActor_UAID_D85ED303482DD46801_1198711351 Label:SM_Common_Tree_7 SpatiallyLoaded:1 Bounds:IsValid=true, Min=(X=-7403.358 Y=-989.610 Z=4006.365), Max=(X=-6452.676 Y=83.007 Z=5012.075) RuntimeGrid:None EditorOnly:0 RuntimeOnly:0 HLODRelevant:1 FolderPath:Island 1 FolderGuid:04FE987C4952A58D4CF963BDABD789F7
 |   |   |- [+] [ 45]
 |   |   |   |- Guid:6487702F4C74C4605704978CA8AFD377 BaseClass: NativeClass:/Script/Engine.StaticMeshActor Name:StaticMeshActor_UAID_D85ED303482DD36801_1778495170 Label:SM_Common_Tree_2 SpatiallyLoaded:1 Bounds:IsValid=true, Min=(X=-2023.824 Y=-1078.159 Z=3927.548), Max=(X=-553.809 Y=616.260 Z=5282.841) RuntimeGrid:None EditorOnly:0 RuntimeOnly:0 HLODRelevant:1 FolderPath:Island 1 FolderGuid:04FE987C4952A58D4CF963BDABD789F7
 |   |   |- [+] [ 46]
 |   |   |   |- Guid:E25E20FF4D466C1D8AF0C5AA0C088F5F BaseClass: NativeClass:/Script/Engine.StaticMeshActor Name:StaticMeshActor_UAID_D85ED303482DD56801_1541618478 Label:SM_S_Rock_6 SpatiallyLoaded:1 Bounds:IsValid=true, Min=(X=-5895.689 Y=-3733.798 Z=3610.324), Max=(X=-5386.519 Y=-3227.559 Z=4532.791) RuntimeGrid:None EditorOnly:0 RuntimeOnly:0 HLODRelevant:1
 |   |   |- [+] [ 47]
 |   |   |   |- Guid:C7647CD24350917308010C885C8654E8 BaseClass: NativeClass:/Script/Engine.StaticMeshActor Name:StaticMeshActor_UAID_D85ED303482D826801_1719782895 Label:SM_R_Rock_6 SpatiallyLoaded:1 Bounds:IsValid=true, Min=(X=-6910.336 Y=-1111.721 Z=-1620.886), Max=(X=-2030.219 Y=3304.678 Z=4008.026) RuntimeGrid:None EditorOnly:0 RuntimeOnly:0 HLODRelevant:1 FolderPath:Island FolderGuid:04FE987C4952A58D4CF963BDABD789F7
 |   |   |- [+] [ 48]
 |   |   |   |- Guid:B7453B3542FAE0CA1729D184E942DEB5 BaseClass: NativeClass:/Script/Engine.StaticMeshActor Name:StaticMeshActor_UAID_D85ED303482DD46801_1303907352 Label:SM_Common_Tree_5 SpatiallyLoaded:1 Bounds:IsValid=true, Min=(X=-6488.101 Y=630.640 Z=3829.340), Max=(X=-5541.038 Y=1337.529 Z=4710.695) RuntimeGrid:None EditorOnly:0 RuntimeOnly:0 HLODRelevant:1 FolderPath:Island 1 FolderGuid:04FE987C4952A58D4CF963BDABD789F7
 |   |   |- [+] [ 49]
 |   |   |   |- Guid:1974A1D847F7EBC861A37C99A9BF3754 BaseClass: NativeClass:/Script/Engine.SkyLight Name:SkyLight_UAID_D85ED303482D806801_1237668517 Label:SkyLight SpatiallyLoaded:0 Bounds:IsValid=true, Min=(X=0.000 Y=0.000 Z=690.000), Max=(X=0.000 Y=0.000 Z=690.000) RuntimeGrid:None EditorOnly:0 RuntimeOnly:0 HLODRelevant:0 FolderPath:Lighting FolderGuid:828D6E77461DCFCE8367609D0F026E31
 |   |   |- [+] [ 50]
 |   |   |   |- Guid:1EF808E348CFCB65944D4FBCCB37DBC1 BaseClass: NativeClass:/Script/Engine.StaticMeshActor Name:StaticMeshActor_UAID_D85ED303482DD56801_1398755475 Label:SM_S_Rock_11 SpatiallyLoaded:1 Bounds:IsValid=true, Min=(X=-3307.244 Y=-4050.081 Z=3988.030), Max=(X=-2838.879 Y=-3499.877 Z=4637.858) RuntimeGrid:None EditorOnly:0 RuntimeOnly:0 HLODRelevant:1
 |   |   |- [+] [ 51]
 |   |   |   |- Guid:B53D9CC84027DAC95804FFBB9E8BC8FF BaseClass: NativeClass:/Script/Engine.StaticMeshActor Name:StaticMeshActor_UAID_D85ED303482D836801_1924410042 Label:SM_S_Rock_2 SpatiallyLoaded:1 Bounds:IsValid=true, Min=(X=-5472.246 Y=-2491.378 Z=1186.966), Max=(X=-1983.259 Y=1668.808 Z=4107.658) RuntimeGrid:None EditorOnly:0 RuntimeOnly:0 HLODRelevant:1 FolderPath:Island FolderGuid:04FE987C4952A58D4CF963BDABD789F7
 |   |   |- [+] [ 52]
 |   |   |   |- Guid:D1E1433D4F387A013F1309BF3C138435 BaseClass: NativeClass:/Script/Engine.StaticMeshActor Name:StaticMeshActor_UAID_D85ED303482DD46801_1166332350 Label:SM_Common_Tree_3 SpatiallyLoaded:1 Bounds:IsValid=true, Min=(X=-7251.182 Y=-3159.810 Z=3958.261), Max=(X=-5932.358 Y=-1917.674 Z=5133.564) RuntimeGrid:None EditorOnly:0 RuntimeOnly:0 HLODRelevant:1 FolderPath:Island 1 FolderGuid:04FE987C4952A58D4CF963BDABD789F7
 |   |   |- [+] [ 53]
 |   |   |   |- Guid:A08A98CA4FD3258F3F018390023D823E BaseClass: NativeClass:/Script/Engine.ExponentialHeightFog Name:ExponentialHeightFog_UAID_D85ED303482D806801_1237666514 Label:ExponentialHeightFog SpatiallyLoaded:0 Bounds:IsValid=true, Min=(X=-10.000 Y=-10.000 Z=590.000), Max=(X=-10.000 Y=-10.000 Z=590.000) RuntimeGrid:None EditorOnly:0 RuntimeOnly:0 HLODRelevant:0 FolderPath:Lighting FolderGuid:828D6E77461DCFCE8367609D0F026E31
 |   |   |- [+] [ 54]
 |   |   |   |- Guid:046A826D4D94FC8E0494798280A3A463 BaseClass: NativeClass:/Script/Engine.StaticMeshActor Name:StaticMeshActor_UAID_D85ED303482DD56801_1979642482 Label:SM_S_Rock_13 SpatiallyLoaded:1 Bounds:IsValid=true, Min=(X=-7340.226 Y=-1332.338 Z=3886.221), Max=(X=-6850.157 Y=-943.160 Z=4536.049) RuntimeGrid:None EditorOnly:0 RuntimeOnly:0 HLODRelevant:1
 |   |   |- [+] [ 55]
 |   |   |   |- Guid:5A727FF141AE8C9DB5FE1AB02742BA08 BaseClass: NativeClass:/Script/Engine.StaticMeshActor Name:StaticMeshActor_UAID_D85ED303482D846801_1156306219 Label:SM_S_Rock_3 SpatiallyLoaded:1 Bounds:IsValid=true, Min=(X=-6654.388 Y=-3694.717 Z=1220.526), Max=(X=-2301.154 Y=860.186 Z=4141.217) RuntimeGrid:None EditorOnly:0 RuntimeOnly:0 HLODRelevant:1 FolderPath:Island FolderGuid:04FE987C4952A58D4CF963BDABD789F7
 |   |   |- [+] [ 56]
 |   |   |   |- Guid:C6354C7B4FA56764A9DC07BDD9D4C2E4 BaseClass: NativeClass:/Script/Engine.StaticMeshActor Name:StaticMeshActor_UAID_D85ED303482DD36801_1304178164 Label:SM_Common_Tree_06 SpatiallyLoaded:1 Bounds:IsValid=true, Min=(X=-5399.321 Y=-1380.399 Z=4800.874), Max=(X=-4241.814 Y=-74.430 Z=6025.379) RuntimeGrid:None EditorOnly:0 RuntimeOnly:0 HLODRelevant:1 FolderPath:Island 1 FolderGuid:04FE987C4952A58D4CF963BDABD789F7
 |   |   |- [+] [ 57]
 |   |   |   |- Guid:696891BB4183DE5D7F86939A45D8999A BaseClass: NativeClass:/Script/Engine.StaticMeshActor Name:StaticMeshActor_UAID_D85ED303482DD46801_1495480355 Label:SM_Common_Tree_8 SpatiallyLoaded:1 Bounds:IsValid=true, Min=(X=-2509.035 Y=1059.221 Z=4095.322), Max=(X=-1771.223 Y=1959.704 Z=4824.876) RuntimeGrid:None EditorOnly:0 RuntimeOnly:0 HLODRelevant:1 FolderPath:Island 1 FolderGuid:04FE987C4952A58D4CF963BDABD789F7
 |   |   |- [+] [ 58]
 |   |   |   |- Guid:185A2D8944356DBAC8117F8EADC82EFD BaseClass: NativeClass:/Script/Engine.StaticMeshActor Name:StaticMeshActor_UAID_D85ED303482DD36801_1850255172 Label:SM_Common_Tree_02 SpatiallyLoaded:1 Bounds:IsValid=true, Min=(X=-4227.638 Y=-323.343 Z=5104.268), Max=(X=-2910.239 Y=988.979 Z=6151.026) RuntimeGrid:None EditorOnly:0 RuntimeOnly:0 HLODRelevant:1 FolderPath:Island 1 FolderGuid:04FE987C4952A58D4CF963BDABD789F7
 |   |   |- [+] [ 59]
 |   |   |   |- Guid:EC60B9D846A1AA963B9585A605A5E1A3 BaseClass: NativeClass:/Script/Engine.StaticMeshActor Name:StaticMeshActor_UAID_D85ED303482DD46801_1127530349 Label:SM_Common_Tree_11 SpatiallyLoaded:1 Bounds:IsValid=true, Min=(X=-5792.347 Y=-4675.499 Z=3774.368), Max=(X=-4318.950 Y=-2965.382 Z=5430.852) RuntimeGrid:None EditorOnly:0 RuntimeOnly:0 HLODRelevant:1 FolderPath:Island 1 FolderGuid:04FE987C4952A58D4CF963BDABD789F7
 |   |   |- [+] [ 60]
 |   |   |   |- Guid:EAF6EEEB4A55156130C829A0036E47DC BaseClass: NativeClass:/Script/Engine.DirectionalLight Name:DirectionalLight_UAID_D85ED303482D806801_1237668516 Label:DirectionalLight SpatiallyLoaded:0 Bounds:IsValid=true, Min=(X=-4398046511104.000 Y=-4398046511104.000 Z=-4398046511104.000), Max=(X=4398046511104.000 Y=4398046511104.000 Z=4398046511104.000) RuntimeGrid:None EditorOnly:0 RuntimeOnly:0 HLODRelevant:0 FolderPath:Lighting FolderGuid:828D6E77461DCFCE8367609D0F026E31
 |   |   |- [+] [ 61]
 |   |   |   |- Guid:45E640144BC7FDFF99DF64AE5FEACE12 BaseClass: NativeClass:/Script/Engine.StaticMeshActor Name:StaticMeshActor_UAID_D85ED303482D816801_1993857709 Label:SM_S_Rock_03 SpatiallyLoaded:1 Bounds:IsValid=true, Min=(X=-7873.612 Y=-2639.389 Z=-273.684), Max=(X=-3740.132 Y=1396.968 Z=4114.615) RuntimeGrid:None EditorOnly:0 RuntimeOnly:0 HLODRelevant:1 FolderPath:Island FolderGuid:04FE987C4952A58D4CF963BDABD789F7
 |   |   |- [+] [ 62]
 |   |   |   |- Guid:2EF7F8D54F8E72B90C2A4C9D532CC431 BaseClass: NativeClass:/Script/Engine.StaticMeshActor Name:StaticMeshActor_UAID_D85ED303482D806801_1237669519 Label:SM_SkySphere SpatiallyLoaded:0 Bounds:IsValid=true, Min=(X=-1638400.000 Y=-1638400.000 Z=-1638400.000), Max=(X=1638400.000 Y=1638400.000 Z=1638400.000) RuntimeGrid:None EditorOnly:0 RuntimeOnly:0 HLODRelevant:1 FolderPath:Lighting FolderGuid:828D6E77461DCFCE8367609D0F026E31
 |   |   |- [+] [ 63]
 |   |   |   |- Guid:C547D055444F54E0FC3A828F0283742E BaseClass: NativeClass:/Script/Engine.TriggerBox Name:TriggerBox_UAID_D85ED303482D5D6A01_1538321466 Label:TriggerBox2 SpatiallyLoaded:1 Bounds:IsValid=true, Min=(X=-3566.439 Y=-1746.984 Z=4435.332), Max=(X=-3294.067 Y=-1474.612 Z=4707.704) RuntimeGrid:None EditorOnly:0 RuntimeOnly:0 HLODRelevant:0
 |- ContainerInstances:
 |- [+] MainContainer:
 |   |-        ID: 0x0000000000000000
 |   |-    Bounds: IsValid=true, Min=(X=-25600.000 Y=-25600.000 Z=-3291.988), Max=(X=2856.596 Y=25600.000 Z=25600.000)
 |   |- Transform: 0.000000,0.000000,0.000000|0.000000,0.000000,-0.000000|1.000000,1.000000,1.000000
 |   |- Container: /Game/FirstPerson/Maps/FloatingIslands
----------------------------------------------------------------------------------------------------------------
FloatingIslands - Persistent Level
----------------------------------------------------------------------------------------------------------------
Always loaded Actor Count: 71 

----------------------------------------------------------------------------------------------------------------
FloatingIslands - Runtime Spatial Hash - Streaming Grid - MainGrid
----------------------------------------------------------------------------------------------------------------
            Origin: X=0.000 Y=0.000 Z=0.000
         Cell Size: 12800
      World Bounds: IsValid=true, Min=(X=-25600.000 Y=-25600.000 Z=-3291.988), Max=(X=2856.596 Y=25600.000 Z=25600.000)
     Loading Range: 25600.00
Block Slow Loading: No
 ClientOnlyVisible: No

[+] Grid Levels: 3
 |- Level  0: Cell Count    2 | Cell Size   12800 | Actor Count   29 (93.5%)
 |- Level  1: Cell Count    2 | Cell Size   25600 | Actor Count    2 (6.5%)
 |- Level  2: Cell Count    0 | Cell Size   51200 | Actor Count    0 (0.0%)

[+] Content of Grid Level 0
 |- [+] Content of Cell MainGrid_L0_X-1_Y-1
 |   |- Actor Count: 21
 |   |- MinMaxZ: X=-1119.093 Y=6025.379
 |   |- Actor Path: /Game/FirstPerson/Maps/FloatingIslands.FloatingIslands:PersistentLevel.StaticMeshActor_UAID_D85ED303482DD56801_1112817471
 |   |- Actor Package: /Game/__ExternalActors__/FirstPerson/Maps/FloatingIslands/0/5W/8P98OO1Y6U3Y4CC330UMKZ
 |   |- Actor Path: /Game/FirstPerson/Maps/FloatingIslands.FloatingIslands:PersistentLevel.LandscapeStreamingProxy_8UWVG117R7KAU1JAPP2CNK8K1_126_0_0_0
 |   |- Actor Package: /Game/__ExternalActors__/FirstPerson/Maps/FloatingIslands/0/JY/S8CZGV1IYYZIVIIJ9B6WU8
 |   |- Actor Path: /Game/FirstPerson/Maps/FloatingIslands.FloatingIslands:PersistentLevel.StaticMeshActor_UAID_D85ED303482DD56801_2125301485
 |   |- Actor Package: /Game/__ExternalActors__/FirstPerson/Maps/FloatingIslands/0/NZ/8653P26O5CXJL7OH1B15J0
 |   |- Actor Path: /Game/FirstPerson/Maps/FloatingIslands.FloatingIslands:PersistentLevel.StaticMeshActor_UAID_D85ED303482DD26801_1717394982
 |   |- Actor Package: /Game/__ExternalActors__/FirstPerson/Maps/FloatingIslands/1/NS/ZJ7QF4BB98NTC4HNHHJB8T
 |   |- Actor Path: /Game/FirstPerson/Maps/FloatingIslands.FloatingIslands:PersistentLevel.StaticMeshActor_UAID_D85ED303482DD56801_1301083472
 |   |- Actor Package: /Game/__ExternalActors__/FirstPerson/Maps/FloatingIslands/2/0R/8CDGGI6DJ1JQ7FYZPZS4VU
 |   |- Actor Path: /Game/FirstPerson/Maps/FloatingIslands.FloatingIslands:PersistentLevel.StaticMeshActor_UAID_D85ED303482DD36801_1548249165
 |   |- Actor Package: /Game/__ExternalActors__/FirstPerson/Maps/FloatingIslands/3/T8/V34JUT61E4LOP8EXX7RKOD
 |   |- Actor Path: /Game/FirstPerson/Maps/FloatingIslands.FloatingIslands:PersistentLevel.StaticMeshActor_UAID_D85ED303482D826801_1372594890
 |   |- Actor Package: /Game/__ExternalActors__/FirstPerson/Maps/FloatingIslands/5/1J/DZKH2MPM3H90JB4WT30O8A
 |   |- Actor Path: /Game/FirstPerson/Maps/FloatingIslands.FloatingIslands:PersistentLevel.StaticMeshActor_UAID_D85ED303482DD36801_1232061162
 |   |- Actor Package: /Game/__ExternalActors__/FirstPerson/Maps/FloatingIslands/5/DU/CKSOSKOL5GDZFQWFVHQY73
 |   |- Actor Path: /Game/FirstPerson/Maps/FloatingIslands.FloatingIslands:PersistentLevel.StaticMeshActor_UAID_D85ED303482DD36801_1222860161
 |   |- Actor Package: /Game/__ExternalActors__/FirstPerson/Maps/FloatingIslands/5/OT/DORMUPEAAIOIYEIH4G003P
 |   |- Actor Path: /Game/FirstPerson/Maps/FloatingIslands.FloatingIslands:PersistentLevel.StaticMeshActor_UAID_D85ED303482DD56801_2045393483
 |   |- Actor Package: /Game/__ExternalActors__/FirstPerson/Maps/FloatingIslands/7/4V/N5U6OUNP6ECEP8N9KFOMWQ
 |   |- Actor Path: /Game/FirstPerson/Maps/FloatingIslands.FloatingIslands:PersistentLevel.StaticMeshActor_UAID_D85ED303482DD46801_1546222356
 |   |- Actor Package: /Game/__ExternalActors__/FirstPerson/Maps/FloatingIslands/7/7F/6996EGE5679SY14UGGJI10
 |   |- Actor Path: /Game/FirstPerson/Maps/FloatingIslands.FloatingIslands:PersistentLevel.StaticMeshActor_UAID_D85ED303482DD56801_1347583473
 |   |- Actor Package: /Game/__ExternalActors__/FirstPerson/Maps/FloatingIslands/7/N0/B60IZZ3DU3XSB77SJTOADB
 |   |- Actor Path: /Game/FirstPerson/Maps/FloatingIslands.FloatingIslands:PersistentLevel.StaticMeshActor_UAID_D85ED303482D806801_2102448524
 |   |- Actor Package: /Game/__ExternalActors__/FirstPerson/Maps/FloatingIslands/8/B5/7C82WQBQYV2NMNA1M5PX71
 |   |- Actor Path: /Game/FirstPerson/Maps/FloatingIslands.FloatingIslands:PersistentLevel.StaticMeshActor_UAID_D85ED303482D826801_1972131897
 |   |- Actor Package: /Game/__ExternalActors__/FirstPerson/Maps/FloatingIslands/9/75/LZIIJP9M0YZJ9ABFNQC3H4
 |   |- Actor Path: /Game/FirstPerson/Maps/FloatingIslands.FloatingIslands:PersistentLevel.StaticMeshActor_UAID_D85ED303482D806801_2076386523
 |   |- Actor Package: /Game/__ExternalActors__/FirstPerson/Maps/FloatingIslands/B/E0/NQCHYZANEKBIIL378DKFAS
 |   |- Actor Path: /Game/FirstPerson/Maps/FloatingIslands.FloatingIslands:PersistentLevel.StaticMeshActor_UAID_D85ED303482DD56801_1541618478
 |   |- Actor Package: /Game/__ExternalActors__/FirstPerson/Maps/FloatingIslands/B/SV/UY3ATQE33ZQW6XJCJP8GCF
 |   |- Actor Path: /Game/FirstPerson/Maps/FloatingIslands.FloatingIslands:PersistentLevel.StaticMeshActor_UAID_D85ED303482DD56801_1398755475
 |   |- Actor Package: /Game/__ExternalActors__/FirstPerson/Maps/FloatingIslands/C/I1/W4D1N2SERVE6D5OXB2D06A
 |   |- Actor Path: /Game/FirstPerson/Maps/FloatingIslands.FloatingIslands:PersistentLevel.StaticMeshActor_UAID_D85ED303482DD46801_1166332350
 |   |- Actor Package: /Game/__ExternalActors__/FirstPerson/Maps/FloatingIslands/C/QP/Z78OLCRBHS3TXG2TKTVQN5
 |   |- Actor Path: /Game/FirstPerson/Maps/FloatingIslands.FloatingIslands:PersistentLevel.StaticMeshActor_UAID_D85ED303482DD56801_1979642482
 |   |- Actor Package: /Game/__ExternalActors__/FirstPerson/Maps/FloatingIslands/D/63/S67I81OQAY0LS25KXLT0IE
 |   |- Actor Path: /Game/FirstPerson/Maps/FloatingIslands.FloatingIslands:PersistentLevel.StaticMeshActor_UAID_D85ED303482DD36801_1304178164
 |   |- Actor Package: /Game/__ExternalActors__/FirstPerson/Maps/FloatingIslands/E/0C/RVGSHR3QO5E17JNW4Y6IHQ
 |   |- Actor Path: /Game/FirstPerson/Maps/FloatingIslands.FloatingIslands:PersistentLevel.StaticMeshActor_UAID_D85ED303482DD46801_1127530349
 |   |- Actor Package: /Game/__ExternalActors__/FirstPerson/Maps/FloatingIslands/E/QP/VVLA31AHSAW8SEMDZ686YO
 |- [+] Content of Cell MainGrid_L0_X-1_Y0
 |   |- Actor Count: 8
 |   |- MinMaxZ: X=3829.340 Y=5368.843
 |   |- Actor Path: /Game/FirstPerson/Maps/FloatingIslands.FloatingIslands:PersistentLevel.StaticMeshActor_UAID_D85ED303482DD56801_1921956481
 |   |- Actor Package: /Game/__ExternalActors__/FirstPerson/Maps/FloatingIslands/0/M4/WCXKQZO7PM3EBIL7EBAT4F
 |   |- Actor Path: /Game/FirstPerson/Maps/FloatingIslands.FloatingIslands:PersistentLevel.StaticMeshActor_UAID_D85ED303482DD56801_1456076476
 |   |- Actor Package: /Game/__ExternalActors__/FirstPerson/Maps/FloatingIslands/1/BR/7HTSDH2MDPY53J2IFPLOWX
 |   |- Actor Path: /Game/FirstPerson/Maps/FloatingIslands.FloatingIslands:PersistentLevel.StaticMeshActor_UAID_D85ED303482DD36801_1663118168
 |   |- Actor Package: /Game/__ExternalActors__/FirstPerson/Maps/FloatingIslands/1/F0/WOVVK1UC5JJBTABT18W1PY
 |   |- Actor Path: /Game/FirstPerson/Maps/FloatingIslands.FloatingIslands:PersistentLevel.StaticMeshActor_UAID_D85ED303482DD46801_1336342353
 |   |- Actor Package: /Game/__ExternalActors__/FirstPerson/Maps/FloatingIslands/1/X7/G2C3US7KVXEMK9ZHSTYZF3
 |   |- Actor Path: /Game/FirstPerson/Maps/FloatingIslands.FloatingIslands:PersistentLevel.StaticMeshActor_UAID_D85ED303482DD56801_1362870474
 |   |- Actor Package: /Game/__ExternalActors__/FirstPerson/Maps/FloatingIslands/8/DT/YX6D4M0BJ0TAFK436UFBQ6
 |   |- Actor Path: /Game/FirstPerson/Maps/FloatingIslands.FloatingIslands:PersistentLevel.StaticMeshActor_UAID_D85ED303482DD56801_1713966480
 |   |- Actor Package: /Game/__ExternalActors__/FirstPerson/Maps/FloatingIslands/A/VF/78RID0AHF8XIVO8ZEICJ5X
 |   |- Actor Path: /Game/FirstPerson/Maps/FloatingIslands.FloatingIslands:PersistentLevel.StaticMeshActor_UAID_D85ED303482DD46801_1303907352
 |   |- Actor Package: /Game/__ExternalActors__/FirstPerson/Maps/FloatingIslands/B/Z6/YZ7CSFDEJ3YCSTTSSUUUOR
 |   |- Actor Path: /Game/FirstPerson/Maps/FloatingIslands.FloatingIslands:PersistentLevel.StaticMeshActor_UAID_D85ED303482DD46801_1495480355
 |   |- Actor Package: /Game/__ExternalActors__/FirstPerson/Maps/FloatingIslands/E/BY/85LV8G2CM3QM06GDM605OZ
[+] Content of Grid Level 1
 |- [+] Content of Cell MainGrid_L1_X-1_Y0
 |   |- Actor Count: 1
 |   |- MinMaxZ: X=0.000 Y=25600.000
 |   |- Actor Path: /Game/FirstPerson/Maps/FloatingIslands.FloatingIslands:PersistentLevel.InstancedFoliageActor_25600_-1_0_0
 |   |- Actor Package: /Game/__ExternalActors__/FirstPerson/Maps/FloatingIslands/5/93/TJB68PHYP2CQUCOKTRR9YJ
 |- [+] Content of Cell MainGrid_L1_X-1_Y-1
 |   |- Actor Count: 1
 |   |- MinMaxZ: X=0.000 Y=25600.000
 |   |- Actor Path: /Game/FirstPerson/Maps/FloatingIslands.FloatingIslands:PersistentLevel.InstancedFoliageActor_25600_-1_-1_0
 |   |- Actor Package: /Game/__ExternalActors__/FirstPerson/Maps/FloatingIslands/9/A3/Q3VZ7FJVNXYYICJYKJ25AK
[+] Content of Grid Level 2

