[+] Containers:
 |- [+] Container: /Game/FirstPerson/Maps/FloatingIslands
 |   |- [+] ActorDescs:
 |   |   |- Guid:07FCB4A44D0734A4F83E60856EAABB50 BaseClass: NativeClass:/Script/Engine.StaticMeshActor Name:StaticMeshActor_UAID_D85ED303482D826801_1094392887 Label:SM_S_Rock_8 SpatiallyLoaded:1 Bounds:IsValid=true, Min=(X=-5847.398 Y=3595.959 Z=-2978.171), Max=(X=-378.073 Y=8289.471 Z=2949.963) RuntimeGrid:None EditorOnly:0 RuntimeOnly:0 HLODRelevant:1 Parent:EC7139124D6FE67DDC3DD0B01A3E436C FolderPath:Island 1 FolderGuid:3E9E6DA64E51A94E1211DC915E04DC9B
 |   |   |- Guid:1974A1D847F7EBC861A37C99A9BF3754 BaseClass: NativeClass:/Script/Engine.SkyLight Name:SkyLight_UAID_D85ED303482D806801_1237668517 Label:SkyLight SpatiallyLoaded:0 Bounds:IsValid=true, Min=(X=0.000 Y=0.000 Z=690.000), Max=(X=0.000 Y=0.000 Z=690.000) RuntimeGrid:None EditorOnly:0 RuntimeOnly:0 HLODRelevant:0 FolderPath:Lighting FolderGuid:828D6E77461DCFCE8367609D0F026E31
 |   |   |- Guid:1B039CD749A16C6D673EA68AA75A7281 BaseClass: NativeClass:/Script/Engine.StaticMeshActor Name:StaticMeshActor_UAID_D85ED303482D806801_2102448524 Label:SM_S_Rock_9 SpatiallyLoaded:1 Bounds:IsValid=true, Min=(X=-5020.645 Y=454.833 Z=-2399.903), Max=(X=-1379.718 Y=4833.004 Z=2879.414) RuntimeGrid:None EditorOnly:0 RuntimeOnly:0 HLODRelevant:1 Parent:EC7139124D6FE67DDC3DD0B01A3E436C FolderPath:Island 1 FolderGuid:3E9E6DA64E51A94E1211DC915E04DC9B
 |   |   |- Guid:2C5E5B824F7856A20E390C9328B4A5C8 BaseClass: NativeClass:/Script/Engine.StaticMeshActor Name:StaticMeshActor_UAID_D85ED303482D806801_2140332525 Label:SM_R_Rock_05 SpatiallyLoaded:1 Bounds:IsValid=true, Min=(X=-4695.502 Y=1496.880 Z=-4652.331), Max=(X=-215.645 Y=5280.766 Z=1032.075) RuntimeGrid:None EditorOnly:0 RuntimeOnly:0 HLODRelevant:1 Parent:EC7139124D6FE67DDC3DD0B01A3E436C FolderPath:Island 1 FolderGuid:3E9E6DA64E51A94E1211DC915E04DC9B
 |   |   |- Guid:2EF7F8D54F8E72B90C2A4C9D532CC431 BaseClass: NativeClass:/Script/Engine.StaticMeshActor Name:StaticMeshActor_UAID_D85ED303482D806801_1237669519 Label:SM_SkySphere SpatiallyLoaded:0 Bounds:IsValid=true, Min=(X=-1638400.000 Y=-1638400.000 Z=-1638400.000), Max=(X=1638400.000 Y=1638400.000 Z=1638400.000) RuntimeGrid:None EditorOnly:0 RuntimeOnly:0 HLODRelevant:1 FolderPath:Lighting FolderGuid:828D6E77461DCFCE8367609D0F026E31
 |   |   |- Guid:3474C3964A6BE083CD4C619B31B6A376 BaseClass: NativeClass:/Script/Engine.StaticMeshActor Name:StaticMeshActor_UAID_D85ED303482D806801_2018626521 Label:SM_S_Rock_08 SpatiallyLoaded:1 Bounds:IsValid=true, Min=(X=-3298.745 Y=2356.886 Z=-2064.722), Max=(X=-185.319 Y=5504.999 Z=2659.004) RuntimeGrid:None EditorOnly:0 RuntimeOnly:0 HLODRelevant:1 Parent:EC7139124D6FE67DDC3DD0B01A3E436C FolderPath:Island 1 FolderGuid:3E9E6DA64E51A94E1211DC915E04DC9B
 |   |   |- Guid:45E640144BC7FDFF99DF64AE5FEACE12 BaseClass: NativeClass:/Script/Engine.StaticMeshActor Name:StaticMeshActor_UAID_D85ED303482D816801_1993857709 Label:SM_S_Rock_03 SpatiallyLoaded:1 Bounds:IsValid=true, Min=(X=-6676.526 Y=2548.606 Z=-1634.028), Max=(X=-2543.047 Y=6584.962 Z=2754.272) RuntimeGrid:None EditorOnly:0 RuntimeOnly:0 HLODRelevant:1 Parent:EC7139124D6FE67DDC3DD0B01A3E436C FolderPath:Island 1 FolderGuid:3E9E6DA64E51A94E1211DC915E04DC9B
 |   |   |- Guid:4E2EB4284C99CDA5EBA2FC8EDC87C5CD BaseClass: NativeClass:/Script/Engine.StaticMeshActor Name:StaticMeshActor_UAID_D85ED303482D816801_1911521707 Label:SM_S_Rock_04 SpatiallyLoaded:1 Bounds:IsValid=true, Min=(X=-5029.734 Y=2711.520 Z=-3637.968), Max=(X=-2328.871 Y=5427.126 Z=2412.911) RuntimeGrid:None EditorOnly:0 RuntimeOnly:0 HLODRelevant:1 Parent:EC7139124D6FE67DDC3DD0B01A3E436C FolderPath:Island 1 FolderGuid:3E9E6DA64E51A94E1211DC915E04DC9B
 |   |   |- Guid:59440895482E6AE638DF35AE07A766A3 BaseClass: NativeClass:/Script/Engine.StaticMeshActor Name:StaticMeshActor_UAID_D85ED303482D816801_1827835706 Label:SM_S_Rock_10 SpatiallyLoaded:1 Bounds:IsValid=true, Min=(X=-5187.516 Y=2450.122 Z=-3344.339), Max=(X=-1295.733 Y=6869.874 Z=2871.560) RuntimeGrid:None EditorOnly:0 RuntimeOnly:0 HLODRelevant:1 Parent:EC7139124D6FE67DDC3DD0B01A3E436C FolderPath:Island 1 FolderGuid:3E9E6DA64E51A94E1211DC915E04DC9B
 |   |   |- Guid:79639CD14D23309D38B097B3C1E6A8E8 BaseClass: NativeClass:/Script/Engine.StaticMeshActor Name:StaticMeshActor_UAID_D85ED303482D826801_1972131897 Label:SM_S_Rock_12 SpatiallyLoaded:1 Bounds:IsValid=true, Min=(X=-5952.028 Y=1938.360 Z=-2479.436), Max=(X=-1853.493 Y=5086.473 Z=2824.750) RuntimeGrid:None EditorOnly:0 RuntimeOnly:0 HLODRelevant:1 Parent:EC7139124D6FE67DDC3DD0B01A3E436C FolderPath:Island 1 FolderGuid:3E9E6DA64E51A94E1211DC915E04DC9B
 |   |   |- Guid:7E0A17B04FE70B560C812DB1A43AEDCB BaseClass: NativeClass:/Script/Engine.StaticMeshActor Name:StaticMeshActor_UAID_D85ED303482D826801_1372594890 Label:SM_R_Rock_3 SpatiallyLoaded:1 Bounds:IsValid=true, Min=(X=-6921.874 Y=1071.376 Z=600.999), Max=(X=-3037.006 Y=5035.837 Z=3265.386) RuntimeGrid:None EditorOnly:0 RuntimeOnly:0 HLODRelevant:1 Parent:EC7139124D6FE67DDC3DD0B01A3E436C FolderPath:Island 1 FolderGuid:3E9E6DA64E51A94E1211DC915E04DC9B
 |   |   |- Guid:8B31FFA542CEC97CC12B499C486937F5 BaseClass: NativeClass:/Script/Engine.SkyAtmosphere Name:SkyAtmosphere_UAID_D85ED303482D806801_1237669518 Label:SkyAtmosphere SpatiallyLoaded:0 Bounds:IsValid=true, Min=(X=0.000 Y=0.000 Z=1020.000), Max=(X=0.000 Y=0.000 Z=1020.000) RuntimeGrid:None EditorOnly:0 RuntimeOnly:0 HLODRelevant:0 FolderPath:Lighting FolderGuid:828D6E77461DCFCE8367609D0F026E31
 |   |   |- Guid:8BDB3CF043E1CCE28A8084B6BDF7CA25 BaseClass: NativeClass:/Script/Engine.StaticMeshActor Name:StaticMeshActor_UAID_D85ED303482D836801_1871558041 Label:SM_S_Rock_06 SpatiallyLoaded:1 Bounds:IsValid=true, Min=(X=-5719.568 Y=1549.553 Z=-2806.061), Max=(X=-1455.221 Y=5859.664 Z=-473.488) RuntimeGrid:None EditorOnly:0 RuntimeOnly:0 HLODRelevant:1
 |   |   |- Guid:9ED485B84455DC46D24117AA0D50500B BaseClass: NativeClass:/Script/Engine.StaticMeshActor Name:StaticMeshActor_UAID_D85ED303482D826801_1807242896 Label:SM_S_Rock_4 SpatiallyLoaded:1 Bounds:IsValid=true, Min=(X=-3596.922 Y=3599.346 Z=-686.739), Max=(X=621.153 Y=7858.525 Z=2808.452) RuntimeGrid:None EditorOnly:0 RuntimeOnly:0 HLODRelevant:1 Parent:EC7139124D6FE67DDC3DD0B01A3E436C FolderPath:Island 1 FolderGuid:3E9E6DA64E51A94E1211DC915E04DC9B
 |   |   |- Guid:A08A98CA4FD3258F3F018390023D823E BaseClass: NativeClass:/Script/Engine.ExponentialHeightFog Name:ExponentialHeightFog_UAID_D85ED303482D806801_1237666514 Label:ExponentialHeightFog SpatiallyLoaded:0 Bounds:IsValid=true, Min=(X=-10.000 Y=-10.000 Z=590.000), Max=(X=-10.000 Y=-10.000 Z=590.000) RuntimeGrid:None EditorOnly:0 RuntimeOnly:0 HLODRelevant:0 FolderPath:Lighting FolderGuid:828D6E77461DCFCE8367609D0F026E31
 |   |   |- Guid:B32C7EF34F4E95941B6B6B8195FCB53C BaseClass: NativeClass:/Script/Engine.StaticMeshActor Name:StaticMeshActor_UAID_D85ED303482D826801_2013674898 Label:SM_S_Rock_01 SpatiallyLoaded:1 Bounds:IsValid=true, Min=(X=-2977.739 Y=1753.325 Z=-187.701), Max=(X=473.397 Y=5913.512 Z=2700.582) RuntimeGrid:None EditorOnly:0 RuntimeOnly:0 HLODRelevant:1 Parent:EC7139124D6FE67DDC3DD0B01A3E436C FolderPath:Island 1 FolderGuid:3E9E6DA64E51A94E1211DC915E04DC9B
 |   |   |- Guid:B53D9CC84027DAC95804FFBB9E8BC8FF BaseClass: NativeClass:/Script/Engine.StaticMeshActor Name:StaticMeshActor_UAID_D85ED303482D836801_1924410042 Label:SM_S_Rock_2 SpatiallyLoaded:1 Bounds:IsValid=true, Min=(X=-4275.160 Y=2696.616 Z=-173.377), Max=(X=-786.173 Y=6856.803 Z=2747.315) RuntimeGrid:None EditorOnly:0 RuntimeOnly:0 HLODRelevant:1 Parent:EC7139124D6FE67DDC3DD0B01A3E436C FolderPath:Island FolderGuid:04FE987C4952A58D4CF963BDABD789F7
 |   |   |- Guid:B7A741F143D3E06E982A00A25C23B2D7 BaseClass: NativeClass:/Script/Engine.WorldDataLayers Name:WorldDataLayers Label:WorldDataLayers SpatiallyLoaded:0 Bounds:IsValid=true, Min=(X=0.000 Y=0.000 Z=0.000), Max=(X=0.000 Y=0.000 Z=0.000) RuntimeGrid:None EditorOnly:0 RuntimeOnly:0 HLODRelevant:0
 |   |   |- Guid:C7647CD24350917308010C885C8654E8 BaseClass: NativeClass:/Script/Engine.StaticMeshActor Name:StaticMeshActor_UAID_D85ED303482D826801_1719782895 Label:SM_R_Rock_6 SpatiallyLoaded:1 Bounds:IsValid=true, Min=(X=-5713.250 Y=4076.273 Z=-2981.229), Max=(X=-833.134 Y=8492.673 Z=2647.683) RuntimeGrid:None EditorOnly:0 RuntimeOnly:0 HLODRelevant:1 Parent:EC7139124D6FE67DDC3DD0B01A3E436C FolderPath:Island 1 FolderGuid:3E9E6DA64E51A94E1211DC915E04DC9B
 |   |   |- Guid:D741B8AD442AAE71B734AEB2F96F59CE BaseClass: NativeClass:/Script/Engine.StaticMeshActor Name:StaticMeshActor_UAID_D85ED303482D806801_2076386523 Label:SM_S_Rock_07 SpatiallyLoaded:1 Bounds:IsValid=true, Min=(X=-4483.420 Y=807.890 Z=-1043.380), Max=(X=-423.468 Y=3080.780 Z=2761.063) RuntimeGrid:None EditorOnly:0 RuntimeOnly:0 HLODRelevant:1 Parent:EC7139124D6FE67DDC3DD0B01A3E436C FolderPath:Island 1 FolderGuid:3E9E6DA64E51A94E1211DC915E04DC9B
 |   |   |- Guid:E17A028A461DBFF6DCB0268A2EEE816E BaseClass: NativeClass:/Script/Engine.VolumetricCloud Name:VolumetricCloud_UAID_D85ED303482D806801_1237667515 Label:VolumetricCloud SpatiallyLoaded:0 Bounds:IsValid=true, Min=(X=0.000 Y=0.000 Z=820.000), Max=(X=0.000 Y=0.000 Z=820.000) RuntimeGrid:None EditorOnly:0 RuntimeOnly:0 HLODRelevant:0 FolderPath:Lighting FolderGuid:828D6E77461DCFCE8367609D0F026E31
 |   |   |- Guid:EAF6EEEB4A55156130C829A0036E47DC BaseClass: NativeClass:/Script/Engine.DirectionalLight Name:DirectionalLight_UAID_D85ED303482D806801_1237668516 Label:DirectionalLight SpatiallyLoaded:0 Bounds:IsValid=true, Min=(X=-4398046511104.000 Y=-4398046511104.000 Z=-4398046511104.000), Max=(X=4398046511104.000 Y=4398046511104.000 Z=4398046511104.000) RuntimeGrid:None EditorOnly:0 RuntimeOnly:0 HLODRelevant:0 FolderPath:Lighting FolderGuid:828D6E77461DCFCE8367609D0F026E31
 |   |   |- Guid:EC7139124D6FE67DDC3DD0B01A3E436C BaseClass: NativeClass:/Script/Engine.StaticMeshActor Name:StaticMeshActor_UAID_D85ED303482D836801_1553388040 Label:Sphere SpatiallyLoaded:1 Bounds:IsValid=true, Min=(X=328.346 Y=-2785.077 Z=3513.821), Max=(X=1128.346 Y=-1985.077 Z=4313.821) RuntimeGrid:None EditorOnly:0 RuntimeOnly:0 HLODRelevant:1
 |   |   |- Guid:EE46051F4473B5BB7002C4BD9A3358AE BaseClass: NativeClass:/Script/Engine.PostProcessVolume Name:PostProcessVolume_UAID_D85ED303482D806801_1237670520 Label:PostProcessVolume SpatiallyLoaded:0 Bounds:IsValid=true, Min=(X=0.000 Y=0.000 Z=400.000), Max=(X=200.000 Y=200.000 Z=600.000) RuntimeGrid:None EditorOnly:0 RuntimeOnly:0 HLODRelevant:0 FolderPath:Lighting FolderGuid:828D6E77461DCFCE8367609D0F026E31
 |   |   |- Guid:F6E5C3E9473EFDC06BABE19837ECCFBB BaseClass: NativeClass:/Script/Engine.StaticMeshActor Name:StaticMeshActor_UAID_D85ED303482D826801_1617811894 Label:SM_R_Rock_03 SpatiallyLoaded:1 Bounds:IsValid=true, Min=(X=-6123.523 Y=4043.021 Z=-106.139), Max=(X=-624.574 Y=8832.138 Z=3570.991) RuntimeGrid:None EditorOnly:0 RuntimeOnly:0 HLODRelevant:1 Parent:EC7139124D6FE67DDC3DD0B01A3E436C FolderPath:Island 1 FolderGuid:3E9E6DA64E51A94E1211DC915E04DC9B
 |   |   |- Guid:FA4D0D094E59637E52467C9BDC639EB5 BaseClass: NativeClass:/Script/Engine.StaticMeshActor Name:StaticMeshActor_UAID_D85ED303482D826801_1560038893 Label:SM_R_Rock_2 SpatiallyLoaded:1 Bounds:IsValid=true, Min=(X=-7289.880 Y=2138.542 Z=-178.521), Max=(X=-2791.370 Y=6886.710 Z=3269.026) RuntimeGrid:None EditorOnly:0 RuntimeOnly:0 HLODRelevant:1 Parent:EC7139124D6FE67DDC3DD0B01A3E436C FolderPath:Island 1 FolderGuid:3E9E6DA64E51A94E1211DC915E04DC9B
 |   |- [+] Clusters:
 |   |   |- [+] [  0]
 |   |   |   |- Guid:B7A741F143D3E06E982A00A25C23B2D7 BaseClass: NativeClass:/Script/Engine.WorldDataLayers Name:WorldDataLayers Label:WorldDataLayers SpatiallyLoaded:0 Bounds:IsValid=true, Min=(X=0.000 Y=0.000 Z=0.000), Max=(X=0.000 Y=0.000 Z=0.000) RuntimeGrid:None EditorOnly:0 RuntimeOnly:0 HLODRelevant:0
 |   |   |- [+] [  1]
 |   |   |   |- Guid:8B31FFA542CEC97CC12B499C486937F5 BaseClass: NativeClass:/Script/Engine.SkyAtmosphere Name:SkyAtmosphere_UAID_D85ED303482D806801_1237669518 Label:SkyAtmosphere SpatiallyLoaded:0 Bounds:IsValid=true, Min=(X=0.000 Y=0.000 Z=1020.000), Max=(X=0.000 Y=0.000 Z=1020.000) RuntimeGrid:None EditorOnly:0 RuntimeOnly:0 HLODRelevant:0 FolderPath:Lighting FolderGuid:828D6E77461DCFCE8367609D0F026E31
 |   |   |- [+] [  2]
 |   |   |   |- Guid:EE46051F4473B5BB7002C4BD9A3358AE BaseClass: NativeClass:/Script/Engine.PostProcessVolume Name:PostProcessVolume_UAID_D85ED303482D806801_1237670520 Label:PostProcessVolume SpatiallyLoaded:0 Bounds:IsValid=true, Min=(X=0.000 Y=0.000 Z=400.000), Max=(X=200.000 Y=200.000 Z=600.000) RuntimeGrid:None EditorOnly:0 RuntimeOnly:0 HLODRelevant:0 FolderPath:Lighting FolderGuid:828D6E77461DCFCE8367609D0F026E31
 |   |   |- [+] [  3]
 |   |   |   |- Guid:2EF7F8D54F8E72B90C2A4C9D532CC431 BaseClass: NativeClass:/Script/Engine.StaticMeshActor Name:StaticMeshActor_UAID_D85ED303482D806801_1237669519 Label:SM_SkySphere SpatiallyLoaded:0 Bounds:IsValid=true, Min=(X=-1638400.000 Y=-1638400.000 Z=-1638400.000), Max=(X=1638400.000 Y=1638400.000 Z=1638400.000) RuntimeGrid:None EditorOnly:0 RuntimeOnly:0 HLODRelevant:1 FolderPath:Lighting FolderGuid:828D6E77461DCFCE8367609D0F026E31
 |   |   |- [+] [  4]
 |   |   |   |- Guid:E17A028A461DBFF6DCB0268A2EEE816E BaseClass: NativeClass:/Script/Engine.VolumetricCloud Name:VolumetricCloud_UAID_D85ED303482D806801_1237667515 Label:VolumetricCloud SpatiallyLoaded:0 Bounds:IsValid=true, Min=(X=0.000 Y=0.000 Z=820.000), Max=(X=0.000 Y=0.000 Z=820.000) RuntimeGrid:None EditorOnly:0 RuntimeOnly:0 HLODRelevant:0 FolderPath:Lighting FolderGuid:828D6E77461DCFCE8367609D0F026E31
 |   |   |- [+] [  5]
 |   |   |   |- Guid:1974A1D847F7EBC861A37C99A9BF3754 BaseClass: NativeClass:/Script/Engine.SkyLight Name:SkyLight_UAID_D85ED303482D806801_1237668517 Label:SkyLight SpatiallyLoaded:0 Bounds:IsValid=true, Min=(X=0.000 Y=0.000 Z=690.000), Max=(X=0.000 Y=0.000 Z=690.000) RuntimeGrid:None EditorOnly:0 RuntimeOnly:0 HLODRelevant:0 FolderPath:Lighting FolderGuid:828D6E77461DCFCE8367609D0F026E31
 |   |   |- [+] [  6]
 |   |   |   |- Guid:A08A98CA4FD3258F3F018390023D823E BaseClass: NativeClass:/Script/Engine.ExponentialHeightFog Name:ExponentialHeightFog_UAID_D85ED303482D806801_1237666514 Label:ExponentialHeightFog SpatiallyLoaded:0 Bounds:IsValid=true, Min=(X=-10.000 Y=-10.000 Z=590.000), Max=(X=-10.000 Y=-10.000 Z=590.000) RuntimeGrid:None EditorOnly:0 RuntimeOnly:0 HLODRelevant:0 FolderPath:Lighting FolderGuid:828D6E77461DCFCE8367609D0F026E31
 |   |   |- [+] [  7]
 |   |   |   |- Guid:EAF6EEEB4A55156130C829A0036E47DC BaseClass: NativeClass:/Script/Engine.DirectionalLight Name:DirectionalLight_UAID_D85ED303482D806801_1237668516 Label:DirectionalLight SpatiallyLoaded:0 Bounds:IsValid=true, Min=(X=-4398046511104.000 Y=-4398046511104.000 Z=-4398046511104.000), Max=(X=4398046511104.000 Y=4398046511104.000 Z=4398046511104.000) RuntimeGrid:None EditorOnly:0 RuntimeOnly:0 HLODRelevant:0 FolderPath:Lighting FolderGuid:828D6E77461DCFCE8367609D0F026E31
 |   |   |- [+] [  8]
 |   |   |   |- Guid:8BDB3CF043E1CCE28A8084B6BDF7CA25 BaseClass: NativeClass:/Script/Engine.StaticMeshActor Name:StaticMeshActor_UAID_D85ED303482D836801_1871558041 Label:SM_S_Rock_06 SpatiallyLoaded:1 Bounds:IsValid=true, Min=(X=-5719.568 Y=1549.553 Z=-2806.061), Max=(X=-1455.221 Y=5859.664 Z=-473.488) RuntimeGrid:None EditorOnly:0 RuntimeOnly:0 HLODRelevant:1
 |   |   |- [+] [  9]
 |   |   |   |- Guid:B53D9CC84027DAC95804FFBB9E8BC8FF BaseClass: NativeClass:/Script/Engine.StaticMeshActor Name:StaticMeshActor_UAID_D85ED303482D836801_1924410042 Label:SM_S_Rock_2 SpatiallyLoaded:1 Bounds:IsValid=true, Min=(X=-4275.160 Y=2696.616 Z=-173.377), Max=(X=-786.173 Y=6856.803 Z=2747.315) RuntimeGrid:None EditorOnly:0 RuntimeOnly:0 HLODRelevant:1 Parent:EC7139124D6FE67DDC3DD0B01A3E436C FolderPath:Island FolderGuid:04FE987C4952A58D4CF963BDABD789F7
 |   |   |   |- Guid:45E640144BC7FDFF99DF64AE5FEACE12 BaseClass: NativeClass:/Script/Engine.StaticMeshActor Name:StaticMeshActor_UAID_D85ED303482D816801_1993857709 Label:SM_S_Rock_03 SpatiallyLoaded:1 Bounds:IsValid=true, Min=(X=-6676.526 Y=2548.606 Z=-1634.028), Max=(X=-2543.047 Y=6584.962 Z=2754.272) RuntimeGrid:None EditorOnly:0 RuntimeOnly:0 HLODRelevant:1 Parent:EC7139124D6FE67DDC3DD0B01A3E436C FolderPath:Island 1 FolderGuid:3E9E6DA64E51A94E1211DC915E04DC9B
 |   |   |   |- Guid:C7647CD24350917308010C885C8654E8 BaseClass: NativeClass:/Script/Engine.StaticMeshActor Name:StaticMeshActor_UAID_D85ED303482D826801_1719782895 Label:SM_R_Rock_6 SpatiallyLoaded:1 Bounds:IsValid=true, Min=(X=-5713.250 Y=4076.273 Z=-2981.229), Max=(X=-833.134 Y=8492.673 Z=2647.683) RuntimeGrid:None EditorOnly:0 RuntimeOnly:0 HLODRelevant:1 Parent:EC7139124D6FE67DDC3DD0B01A3E436C FolderPath:Island 1 FolderGuid:3E9E6DA64E51A94E1211DC915E04DC9B
 |   |   |   |- Guid:D741B8AD442AAE71B734AEB2F96F59CE BaseClass: NativeClass:/Script/Engine.StaticMeshActor Name:StaticMeshActor_UAID_D85ED303482D806801_2076386523 Label:SM_S_Rock_07 SpatiallyLoaded:1 Bounds:IsValid=true, Min=(X=-4483.420 Y=807.890 Z=-1043.380), Max=(X=-423.468 Y=3080.780 Z=2761.063) RuntimeGrid:None EditorOnly:0 RuntimeOnly:0 HLODRelevant:1 Parent:EC7139124D6FE67DDC3DD0B01A3E436C FolderPath:Island 1 FolderGuid:3E9E6DA64E51A94E1211DC915E04DC9B
 |   |   |   |- Guid:3474C3964A6BE083CD4C619B31B6A376 BaseClass: NativeClass:/Script/Engine.StaticMeshActor Name:StaticMeshActor_UAID_D85ED303482D806801_2018626521 Label:SM_S_Rock_08 SpatiallyLoaded:1 Bounds:IsValid=true, Min=(X=-3298.745 Y=2356.886 Z=-2064.722), Max=(X=-185.319 Y=5504.999 Z=2659.004) RuntimeGrid:None EditorOnly:0 RuntimeOnly:0 HLODRelevant:1 Parent:EC7139124D6FE67DDC3DD0B01A3E436C FolderPath:Island 1 FolderGuid:3E9E6DA64E51A94E1211DC915E04DC9B
 |   |   |   |- Guid:79639CD14D23309D38B097B3C1E6A8E8 BaseClass: NativeClass:/Script/Engine.StaticMeshActor Name:StaticMeshActor_UAID_D85ED303482D826801_1972131897 Label:SM_S_Rock_12 SpatiallyLoaded:1 Bounds:IsValid=true, Min=(X=-5952.028 Y=1938.360 Z=-2479.436), Max=(X=-1853.493 Y=5086.473 Z=2824.750) RuntimeGrid:None EditorOnly:0 RuntimeOnly:0 HLODRelevant:1 Parent:EC7139124D6FE67DDC3DD0B01A3E436C FolderPath:Island 1 FolderGuid:3E9E6DA64E51A94E1211DC915E04DC9B
 |   |   |   |- Guid:1B039CD749A16C6D673EA68AA75A7281 BaseClass: NativeClass:/Script/Engine.StaticMeshActor Name:StaticMeshActor_UAID_D85ED303482D806801_2102448524 Label:SM_S_Rock_9 SpatiallyLoaded:1 Bounds:IsValid=true, Min=(X=-5020.645 Y=454.833 Z=-2399.903), Max=(X=-1379.718 Y=4833.004 Z=2879.414) RuntimeGrid:None EditorOnly:0 RuntimeOnly:0 HLODRelevant:1 Parent:EC7139124D6FE67DDC3DD0B01A3E436C FolderPath:Island 1 FolderGuid:3E9E6DA64E51A94E1211DC915E04DC9B
 |   |   |   |- Guid:F6E5C3E9473EFDC06BABE19837ECCFBB BaseClass: NativeClass:/Script/Engine.StaticMeshActor Name:StaticMeshActor_UAID_D85ED303482D826801_1617811894 Label:SM_R_Rock_03 SpatiallyLoaded:1 Bounds:IsValid=true, Min=(X=-6123.523 Y=4043.021 Z=-106.139), Max=(X=-624.574 Y=8832.138 Z=3570.991) RuntimeGrid:None EditorOnly:0 RuntimeOnly:0 HLODRelevant:1 Parent:EC7139124D6FE67DDC3DD0B01A3E436C FolderPath:Island 1 FolderGuid:3E9E6DA64E51A94E1211DC915E04DC9B
 |   |   |   |- Guid:B32C7EF34F4E95941B6B6B8195FCB53C BaseClass: NativeClass:/Script/Engine.StaticMeshActor Name:StaticMeshActor_UAID_D85ED303482D826801_2013674898 Label:SM_S_Rock_01 SpatiallyLoaded:1 Bounds:IsValid=true, Min=(X=-2977.739 Y=1753.325 Z=-187.701), Max=(X=473.397 Y=5913.512 Z=2700.582) RuntimeGrid:None EditorOnly:0 RuntimeOnly:0 HLODRelevant:1 Parent:EC7139124D6FE67DDC3DD0B01A3E436C FolderPath:Island 1 FolderGuid:3E9E6DA64E51A94E1211DC915E04DC9B
 |   |   |   |- Guid:9ED485B84455DC46D24117AA0D50500B BaseClass: NativeClass:/Script/Engine.StaticMeshActor Name:StaticMeshActor_UAID_D85ED303482D826801_1807242896 Label:SM_S_Rock_4 SpatiallyLoaded:1 Bounds:IsValid=true, Min=(X=-3596.922 Y=3599.346 Z=-686.739), Max=(X=621.153 Y=7858.525 Z=2808.452) RuntimeGrid:None EditorOnly:0 RuntimeOnly:0 HLODRelevant:1 Parent:EC7139124D6FE67DDC3DD0B01A3E436C FolderPath:Island 1 FolderGuid:3E9E6DA64E51A94E1211DC915E04DC9B
 |   |   |   |- Guid:4E2EB4284C99CDA5EBA2FC8EDC87C5CD BaseClass: NativeClass:/Script/Engine.StaticMeshActor Name:StaticMeshActor_UAID_D85ED303482D816801_1911521707 Label:SM_S_Rock_04 SpatiallyLoaded:1 Bounds:IsValid=true, Min=(X=-5029.734 Y=2711.520 Z=-3637.968), Max=(X=-2328.871 Y=5427.126 Z=2412.911) RuntimeGrid:None EditorOnly:0 RuntimeOnly:0 HLODRelevant:1 Parent:EC7139124D6FE67DDC3DD0B01A3E436C FolderPath:Island 1 FolderGuid:3E9E6DA64E51A94E1211DC915E04DC9B
 |   |   |   |- Guid:59440895482E6AE638DF35AE07A766A3 BaseClass: NativeClass:/Script/Engine.StaticMeshActor Name:StaticMeshActor_UAID_D85ED303482D816801_1827835706 Label:SM_S_Rock_10 SpatiallyLoaded:1 Bounds:IsValid=true, Min=(X=-5187.516 Y=2450.122 Z=-3344.339), Max=(X=-1295.733 Y=6869.874 Z=2871.560) RuntimeGrid:None EditorOnly:0 RuntimeOnly:0 HLODRelevant:1 Parent:EC7139124D6FE67DDC3DD0B01A3E436C FolderPath:Island 1 FolderGuid:3E9E6DA64E51A94E1211DC915E04DC9B
 |   |   |   |- Guid:7E0A17B04FE70B560C812DB1A43AEDCB BaseClass: NativeClass:/Script/Engine.StaticMeshActor Name:StaticMeshActor_UAID_D85ED303482D826801_1372594890 Label:SM_R_Rock_3 SpatiallyLoaded:1 Bounds:IsValid=true, Min=(X=-6921.874 Y=1071.376 Z=600.999), Max=(X=-3037.006 Y=5035.837 Z=3265.386) RuntimeGrid:None EditorOnly:0 RuntimeOnly:0 HLODRelevant:1 Parent:EC7139124D6FE67DDC3DD0B01A3E436C FolderPath:Island 1 FolderGuid:3E9E6DA64E51A94E1211DC915E04DC9B
 |   |   |   |- Guid:07FCB4A44D0734A4F83E60856EAABB50 BaseClass: NativeClass:/Script/Engine.StaticMeshActor Name:StaticMeshActor_UAID_D85ED303482D826801_1094392887 Label:SM_S_Rock_8 SpatiallyLoaded:1 Bounds:IsValid=true, Min=(X=-5847.398 Y=3595.959 Z=-2978.171), Max=(X=-378.073 Y=8289.471 Z=2949.963) RuntimeGrid:None EditorOnly:0 RuntimeOnly:0 HLODRelevant:1 Parent:EC7139124D6FE67DDC3DD0B01A3E436C FolderPath:Island 1 FolderGuid:3E9E6DA64E51A94E1211DC915E04DC9B
 |   |   |   |- Guid:FA4D0D094E59637E52467C9BDC639EB5 BaseClass: NativeClass:/Script/Engine.StaticMeshActor Name:StaticMeshActor_UAID_D85ED303482D826801_1560038893 Label:SM_R_Rock_2 SpatiallyLoaded:1 Bounds:IsValid=true, Min=(X=-7289.880 Y=2138.542 Z=-178.521), Max=(X=-2791.370 Y=6886.710 Z=3269.026) RuntimeGrid:None EditorOnly:0 RuntimeOnly:0 HLODRelevant:1 Parent:EC7139124D6FE67DDC3DD0B01A3E436C FolderPath:Island 1 FolderGuid:3E9E6DA64E51A94E1211DC915E04DC9B
 |   |   |   |- Guid:2C5E5B824F7856A20E390C9328B4A5C8 BaseClass: NativeClass:/Script/Engine.StaticMeshActor Name:StaticMeshActor_UAID_D85ED303482D806801_2140332525 Label:SM_R_Rock_05 SpatiallyLoaded:1 Bounds:IsValid=true, Min=(X=-4695.502 Y=1496.880 Z=-4652.331), Max=(X=-215.645 Y=5280.766 Z=1032.075) RuntimeGrid:None EditorOnly:0 RuntimeOnly:0 HLODRelevant:1 Parent:EC7139124D6FE67DDC3DD0B01A3E436C FolderPath:Island 1 FolderGuid:3E9E6DA64E51A94E1211DC915E04DC9B
 |   |   |   |- Guid:EC7139124D6FE67DDC3DD0B01A3E436C BaseClass: NativeClass:/Script/Engine.StaticMeshActor Name:StaticMeshActor_UAID_D85ED303482D836801_1553388040 Label:Sphere SpatiallyLoaded:1 Bounds:IsValid=true, Min=(X=328.346 Y=-2785.077 Z=3513.821), Max=(X=1128.346 Y=-1985.077 Z=4313.821) RuntimeGrid:None EditorOnly:0 RuntimeOnly:0 HLODRelevant:1
 |- ContainerInstances:
 |- [+] MainContainer:
 |   |-        ID: 0x0000000000000000
 |   |-    Bounds: IsValid=true, Min=(X=-7289.880 Y=-2785.077 Z=-4652.331), Max=(X=1128.346 Y=8832.138 Z=4313.821)
 |   |- Transform: 0.000000,0.000000,0.000000|0.000000,0.000000,-0.000000|1.000000,1.000000,1.000000
 |   |- Container: /Game/FirstPerson/Maps/FloatingIslands
----------------------------------------------------------------------------------------------------------------
FloatingIslands - Persistent Level
----------------------------------------------------------------------------------------------------------------
Always loaded Actor Count: 33 

----------------------------------------------------------------------------------------------------------------
FloatingIslands - Runtime Spatial Hash - Streaming Grid - MainGrid
----------------------------------------------------------------------------------------------------------------
            Origin: X=0.000 Y=0.000 Z=0.000
         Cell Size: 12800
      World Bounds: IsValid=true, Min=(X=-7289.880 Y=-2785.077 Z=-4652.331), Max=(X=1128.346 Y=8832.138 Z=4313.821)
     Loading Range: 25600.00
Block Slow Loading: No
 ClientOnlyVisible: No

[+] Grid Levels: 2
 |- Level  0: Cell Count    1 | Cell Size   12800 | Actor Count    1 (100.0%)
 |- Level  1: Cell Count    0 | Cell Size   25600 | Actor Count    0 (0.0%)

[+] Content of Grid Level 0
 |- [+] Content of Cell MainGrid_L0_X-1_Y0
 |   |- Actor Count: 1
 |   |- MinMaxZ: X=-2806.061 Y=-473.488
 |   |- Actor Path: /Game/FirstPerson/Maps/FloatingIslands.FloatingIslands:PersistentLevel.StaticMeshActor_UAID_D85ED303482D836801_1871558041
 |   |- Actor Package: /Game/__ExternalActors__/FirstPerson/Maps/FloatingIslands/B/CL/6ZIF0V8YQ1W6MVC2W2RQ23
[+] Content of Grid Level 1

