[+] Containers:
 |- [+] Container: /Game/FirstPerson/Maps/FloatingIslands
 |   |- [+] ActorDescs:
 |   |   |- Guid:07FCB4A44D0734A4F83E60856EAABB50 BaseClass: NativeClass:/Script/Engine.StaticMeshActor Name:StaticMeshActor_UAID_D85ED303482D826801_1094392887 Label:SM_S_Rock_8 SpatiallyLoaded:1 Bounds:IsValid=true, Min=(X=-5025.430 Y=2848.329 Z=-5311.442), Max=(X=-239.770 Y=6955.152 Z=-124.324) RuntimeGrid:None EditorOnly:0 RuntimeOnly:0 HLODRelevant:1 Parent:EC7139124D6FE67DDC3DD0B01A3E436C FolderPath:Island 1 FolderGuid:3E9E6DA64E51A94E1211DC915E04DC9B
 |   |   |- Guid:1974A1D847F7EBC861A37C99A9BF3754 BaseClass: NativeClass:/Script/Engine.SkyLight Name:SkyLight_UAID_D85ED303482D806801_1237668517 Label:SkyLight SpatiallyLoaded:0 Bounds:IsValid=true, Min=(X=0.000 Y=0.000 Z=690.000), Max=(X=0.000 Y=0.000 Z=690.000) RuntimeGrid:None EditorOnly:0 RuntimeOnly:0 HLODRelevant:0 FolderPath:Lighting FolderGuid:828D6E77461DCFCE8367609D0F026E31
 |   |   |- Guid:1B039CD749A16C6D673EA68AA75A7281 BaseClass: NativeClass:/Script/Engine.StaticMeshActor Name:StaticMeshActor_UAID_D85ED303482D806801_2102448524 Label:SM_S_Rock_9 SpatiallyLoaded:1 Bounds:IsValid=true, Min=(X=-4302.021 Y=99.844 Z=-4805.456), Max=(X=-1116.210 Y=3930.744 Z=-186.055) RuntimeGrid:None EditorOnly:0 RuntimeOnly:0 HLODRelevant:1 Parent:EC7139124D6FE67DDC3DD0B01A3E436C FolderPath:Island 1 FolderGuid:3E9E6DA64E51A94E1211DC915E04DC9B
 |   |   |- Guid:2C5E5B824F7856A20E390C9328B4A5C8 BaseClass: NativeClass:/Script/Engine.StaticMeshActor Name:StaticMeshActor_UAID_D85ED303482D806801_2140332525 Label:SM_R_Rock_05 SpatiallyLoaded:1 Bounds:IsValid=true, Min=(X=-4017.521 Y=1344.069 Z=-6776.331), Max=(X=-97.646 Y=4654.969 Z=-1802.476) RuntimeGrid:None EditorOnly:0 RuntimeOnly:0 HLODRelevant:1 Parent:EC7139124D6FE67DDC3DD0B01A3E436C FolderPath:Island 1 FolderGuid:3E9E6DA64E51A94E1211DC915E04DC9B
 |   |   |- Guid:2EF7F8D54F8E72B90C2A4C9D532CC431 BaseClass: NativeClass:/Script/Engine.StaticMeshActor Name:StaticMeshActor_UAID_D85ED303482D806801_1237669519 Label:SM_SkySphere SpatiallyLoaded:0 Bounds:IsValid=true, Min=(X=-1638400.000 Y=-1638400.000 Z=-1638400.000), Max=(X=1638400.000 Y=1638400.000 Z=1638400.000) RuntimeGrid:None EditorOnly:0 RuntimeOnly:0 HLODRelevant:1 FolderPath:Lighting FolderGuid:828D6E77461DCFCE8367609D0F026E31
 |   |   |- Guid:3474C3964A6BE083CD4C619B31B6A376 BaseClass: NativeClass:/Script/Engine.StaticMeshActor Name:StaticMeshActor_UAID_D85ED303482D806801_2018626521 Label:SM_S_Rock_08 SpatiallyLoaded:1 Bounds:IsValid=true, Min=(X=-2795.359 Y=1764.140 Z=-4512.173), Max=(X=-71.111 Y=4518.739 Z=-378.913) RuntimeGrid:None EditorOnly:0 RuntimeOnly:0 HLODRelevant:1 Parent:EC7139124D6FE67DDC3DD0B01A3E436C FolderPath:Island 1 FolderGuid:3E9E6DA64E51A94E1211DC915E04DC9B
 |   |   |- Guid:45E640144BC7FDFF99DF64AE5FEACE12 BaseClass: NativeClass:/Script/Engine.StaticMeshActor Name:StaticMeshActor_UAID_D85ED303482D816801_1993857709 Label:SM_S_Rock_03 SpatiallyLoaded:1 Bounds:IsValid=true, Min=(X=-5750.917 Y=1931.895 Z=-4135.316), Max=(X=-2134.123 Y=5463.707 Z=-295.554) RuntimeGrid:None EditorOnly:0 RuntimeOnly:0 HLODRelevant:1 Parent:EC7139124D6FE67DDC3DD0B01A3E436C FolderPath:Island 1 FolderGuid:3E9E6DA64E51A94E1211DC915E04DC9B
 |   |   |- Guid:4E2EB4284C99CDA5EBA2FC8EDC87C5CD BaseClass: NativeClass:/Script/Engine.StaticMeshActor Name:StaticMeshActor_UAID_D85ED303482D816801_1911521707 Label:SM_S_Rock_04 SpatiallyLoaded:1 Bounds:IsValid=true, Min=(X=-4309.974 Y=2074.445 Z=-5658.576), Max=(X=-1946.719 Y=4450.600 Z=-364.057) RuntimeGrid:None EditorOnly:0 RuntimeOnly:0 HLODRelevant:1 Parent:EC7139124D6FE67DDC3DD0B01A3E436C FolderPath:Island 1 FolderGuid:3E9E6DA64E51A94E1211DC915E04DC9B
 |   |   |- Guid:59440895482E6AE638DF35AE07A766A3 BaseClass: NativeClass:/Script/Engine.StaticMeshActor Name:StaticMeshActor_UAID_D85ED303482D816801_1827835706 Label:SM_S_Rock_10 SpatiallyLoaded:1 Bounds:IsValid=true, Min=(X=-4448.033 Y=1845.722 Z=-5631.838), Max=(X=-1042.723 Y=5713.005 Z=-192.926) RuntimeGrid:None EditorOnly:0 RuntimeOnly:0 HLODRelevant:1 Parent:EC7139124D6FE67DDC3DD0B01A3E436C FolderPath:Island 1 FolderGuid:3E9E6DA64E51A94E1211DC915E04DC9B
 |   |   |- Guid:79639CD14D23309D38B097B3C1E6A8E8 BaseClass: NativeClass:/Script/Engine.StaticMeshActor Name:StaticMeshActor_UAID_D85ED303482D826801_1972131897 Label:SM_S_Rock_12 SpatiallyLoaded:1 Bounds:IsValid=true, Min=(X=-5116.981 Y=1397.930 Z=-4875.048), Max=(X=-1530.763 Y=4152.529 Z=-233.885) RuntimeGrid:None EditorOnly:0 RuntimeOnly:0 HLODRelevant:1 Parent:EC7139124D6FE67DDC3DD0B01A3E436C FolderPath:Island 1 FolderGuid:3E9E6DA64E51A94E1211DC915E04DC9B
 |   |   |- Guid:7E0A17B04FE70B560C812DB1A43AEDCB BaseClass: NativeClass:/Script/Engine.StaticMeshActor Name:StaticMeshActor_UAID_D85ED303482D826801_1372594890 Label:SM_R_Rock_3 SpatiallyLoaded:1 Bounds:IsValid=true, Min=(X=-5965.596 Y=639.319 Z=-2179.667), Max=(X=-2566.337 Y=4108.223 Z=151.671) RuntimeGrid:None EditorOnly:0 RuntimeOnly:0 HLODRelevant:1 Parent:EC7139124D6FE67DDC3DD0B01A3E436C FolderPath:Island 1 FolderGuid:3E9E6DA64E51A94E1211DC915E04DC9B
 |   |   |- Guid:8B31FFA542CEC97CC12B499C486937F5 BaseClass: NativeClass:/Script/Engine.SkyAtmosphere Name:SkyAtmosphere_UAID_D85ED303482D806801_1237669518 Label:SkyAtmosphere SpatiallyLoaded:0 Bounds:IsValid=true, Min=(X=0.000 Y=0.000 Z=1020.000), Max=(X=0.000 Y=0.000 Z=1020.000) RuntimeGrid:None EditorOnly:0 RuntimeOnly:0 HLODRelevant:0 FolderPath:Lighting FolderGuid:828D6E77461DCFCE8367609D0F026E31
 |   |   |- Guid:9ED485B84455DC46D24117AA0D50500B BaseClass: NativeClass:/Script/Engine.StaticMeshActor Name:StaticMeshActor_UAID_D85ED303482D826801_1807242896 Label:SM_S_Rock_4 SpatiallyLoaded:1 Bounds:IsValid=true, Min=(X=-3149.837 Y=2864.657 Z=-3171.907), Max=(X=801.082 Y=6568.845 Z=-119.857) RuntimeGrid:None EditorOnly:0 RuntimeOnly:0 HLODRelevant:1 Parent:EC7139124D6FE67DDC3DD0B01A3E436C FolderPath:Island 1 FolderGuid:3E9E6DA64E51A94E1211DC915E04DC9B
 |   |   |- Guid:A08A98CA4FD3258F3F018390023D823E BaseClass: NativeClass:/Script/Engine.ExponentialHeightFog Name:ExponentialHeightFog_UAID_D85ED303482D806801_1237666514 Label:ExponentialHeightFog SpatiallyLoaded:0 Bounds:IsValid=true, Min=(X=-10.000 Y=-10.000 Z=590.000), Max=(X=-10.000 Y=-10.000 Z=590.000) RuntimeGrid:None EditorOnly:0 RuntimeOnly:0 HLODRelevant:0 FolderPath:Lighting FolderGuid:828D6E77461DCFCE8367609D0F026E31
 |   |   |- Guid:B32C7EF34F4E95941B6B6B8195FCB53C BaseClass: NativeClass:/Script/Engine.StaticMeshActor Name:StaticMeshActor_UAID_D85ED303482D826801_2013674898 Label:SM_S_Rock_01 SpatiallyLoaded:1 Bounds:IsValid=true, Min=(X=-2514.478 Y=1236.024 Z=-2998.703), Max=(X=505.265 Y=4876.188 Z=-471.456) RuntimeGrid:None EditorOnly:0 RuntimeOnly:0 HLODRelevant:1 Parent:EC7139124D6FE67DDC3DD0B01A3E436C FolderPath:Island 1 FolderGuid:3E9E6DA64E51A94E1211DC915E04DC9B
 |   |   |- Guid:B7A741F143D3E06E982A00A25C23B2D7 BaseClass: NativeClass:/Script/Engine.WorldDataLayers Name:WorldDataLayers Label:WorldDataLayers SpatiallyLoaded:0 Bounds:IsValid=true, Min=(X=0.000 Y=0.000 Z=0.000), Max=(X=0.000 Y=0.000 Z=0.000) RuntimeGrid:None EditorOnly:0 RuntimeOnly:0 HLODRelevant:0
 |   |   |- Guid:C7647CD24350917308010C885C8654E8 BaseClass: NativeClass:/Script/Engine.StaticMeshActor Name:StaticMeshActor_UAID_D85ED303482D826801_1719782895 Label:SM_R_Rock_6 SpatiallyLoaded:1 Bounds:IsValid=true, Min=(X=-4908.051 Y=3268.604 Z=-5314.117), Max=(X=-637.949 Y=7132.954 Z=-388.819) RuntimeGrid:None EditorOnly:0 RuntimeOnly:0 HLODRelevant:1 Parent:EC7139124D6FE67DDC3DD0B01A3E436C FolderPath:Island 1 FolderGuid:3E9E6DA64E51A94E1211DC915E04DC9B
 |   |   |- Guid:D741B8AD442AAE71B734AEB2F96F59CE BaseClass: NativeClass:/Script/Engine.StaticMeshActor Name:StaticMeshActor_UAID_D85ED303482D806801_2076386523 Label:SM_S_Rock_07 SpatiallyLoaded:1 Bounds:IsValid=true, Min=(X=-3831.949 Y=408.769 Z=-3618.499), Max=(X=-279.491 Y=2397.547 Z=-289.612) RuntimeGrid:None EditorOnly:0 RuntimeOnly:0 HLODRelevant:1 Parent:EC7139124D6FE67DDC3DD0B01A3E436C FolderPath:Island 1 FolderGuid:3E9E6DA64E51A94E1211DC915E04DC9B
 |   |   |- Guid:E17A028A461DBFF6DCB0268A2EEE816E BaseClass: NativeClass:/Script/Engine.VolumetricCloud Name:VolumetricCloud_UAID_D85ED303482D806801_1237667515 Label:VolumetricCloud SpatiallyLoaded:0 Bounds:IsValid=true, Min=(X=0.000 Y=0.000 Z=820.000), Max=(X=0.000 Y=0.000 Z=820.000) RuntimeGrid:None EditorOnly:0 RuntimeOnly:0 HLODRelevant:0 FolderPath:Lighting FolderGuid:828D6E77461DCFCE8367609D0F026E31
 |   |   |- Guid:EAF6EEEB4A55156130C829A0036E47DC BaseClass: NativeClass:/Script/Engine.DirectionalLight Name:DirectionalLight_UAID_D85ED303482D806801_1237668516 Label:DirectionalLight SpatiallyLoaded:0 Bounds:IsValid=true, Min=(X=-4398046511104.000 Y=-4398046511104.000 Z=-4398046511104.000), Max=(X=4398046511104.000 Y=4398046511104.000 Z=4398046511104.000) RuntimeGrid:None EditorOnly:0 RuntimeOnly:0 HLODRelevant:0 FolderPath:Lighting FolderGuid:828D6E77461DCFCE8367609D0F026E31
 |   |   |- Guid:EC7139124D6FE67DDC3DD0B01A3E436C BaseClass: NativeClass:/Script/Engine.StaticMeshActor Name:StaticMeshActor_UAID_D85ED303482D836801_1553388040 Label:Sphere SpatiallyLoaded:1 Bounds:IsValid=true, Min=(X=378.346 Y=-2735.077 Z=369.052), Max=(X=1078.346 Y=-2035.077 Z=1069.052) RuntimeGrid:None EditorOnly:0 RuntimeOnly:0 HLODRelevant:1
 |   |   |- Guid:EE46051F4473B5BB7002C4BD9A3358AE BaseClass: NativeClass:/Script/Engine.PostProcessVolume Name:PostProcessVolume_UAID_D85ED303482D806801_1237670520 Label:PostProcessVolume SpatiallyLoaded:0 Bounds:IsValid=true, Min=(X=0.000 Y=0.000 Z=400.000), Max=(X=200.000 Y=200.000 Z=600.000) RuntimeGrid:None EditorOnly:0 RuntimeOnly:0 HLODRelevant:0 FolderPath:Lighting FolderGuid:828D6E77461DCFCE8367609D0F026E31
 |   |   |- Guid:F6E5C3E9473EFDC06BABE19837ECCFBB BaseClass: NativeClass:/Script/Engine.StaticMeshActor Name:StaticMeshActor_UAID_D85ED303482D826801_1617811894 Label:SM_R_Rock_03 SpatiallyLoaded:1 Bounds:IsValid=true, Min=(X=-5267.039 Y=3239.509 Z=-2798.413), Max=(X=-455.459 Y=7429.985 Z=419.075) RuntimeGrid:None EditorOnly:0 RuntimeOnly:0 HLODRelevant:1 Parent:EC7139124D6FE67DDC3DD0B01A3E436C FolderPath:Island 1 FolderGuid:3E9E6DA64E51A94E1211DC915E04DC9B
 |   |   |- Guid:FA4D0D094E59637E52467C9BDC639EB5 BaseClass: NativeClass:/Script/Engine.StaticMeshActor Name:StaticMeshActor_UAID_D85ED303482D826801_1560038893 Label:SM_R_Rock_2 SpatiallyLoaded:1 Bounds:IsValid=true, Min=(X=-6287.602 Y=1573.089 Z=-2861.747), Max=(X=-2351.405 Y=5727.736 Z=154.856) RuntimeGrid:None EditorOnly:0 RuntimeOnly:0 HLODRelevant:1 Parent:EC7139124D6FE67DDC3DD0B01A3E436C FolderPath:Island 1 FolderGuid:3E9E6DA64E51A94E1211DC915E04DC9B
 |   |- [+] Clusters:
 |   |   |- [+] [  0]
 |   |   |   |- Guid:B7A741F143D3E06E982A00A25C23B2D7 BaseClass: NativeClass:/Script/Engine.WorldDataLayers Name:WorldDataLayers Label:WorldDataLayers SpatiallyLoaded:0 Bounds:IsValid=true, Min=(X=0.000 Y=0.000 Z=0.000), Max=(X=0.000 Y=0.000 Z=0.000) RuntimeGrid:None EditorOnly:0 RuntimeOnly:0 HLODRelevant:0
 |   |   |- [+] [  1]
 |   |   |   |- Guid:8B31FFA542CEC97CC12B499C486937F5 BaseClass: NativeClass:/Script/Engine.SkyAtmosphere Name:SkyAtmosphere_UAID_D85ED303482D806801_1237669518 Label:SkyAtmosphere SpatiallyLoaded:0 Bounds:IsValid=true, Min=(X=0.000 Y=0.000 Z=1020.000), Max=(X=0.000 Y=0.000 Z=1020.000) RuntimeGrid:None EditorOnly:0 RuntimeOnly:0 HLODRelevant:0 FolderPath:Lighting FolderGuid:828D6E77461DCFCE8367609D0F026E31
 |   |   |- [+] [  2]
 |   |   |   |- Guid:EE46051F4473B5BB7002C4BD9A3358AE BaseClass: NativeClass:/Script/Engine.PostProcessVolume Name:PostProcessVolume_UAID_D85ED303482D806801_1237670520 Label:PostProcessVolume SpatiallyLoaded:0 Bounds:IsValid=true, Min=(X=0.000 Y=0.000 Z=400.000), Max=(X=200.000 Y=200.000 Z=600.000) RuntimeGrid:None EditorOnly:0 RuntimeOnly:0 HLODRelevant:0 FolderPath:Lighting FolderGuid:828D6E77461DCFCE8367609D0F026E31
 |   |   |- [+] [  3]
 |   |   |   |- Guid:2EF7F8D54F8E72B90C2A4C9D532CC431 BaseClass: NativeClass:/Script/Engine.StaticMeshActor Name:StaticMeshActor_UAID_D85ED303482D806801_1237669519 Label:SM_SkySphere SpatiallyLoaded:0 Bounds:IsValid=true, Min=(X=-1638400.000 Y=-1638400.000 Z=-1638400.000), Max=(X=1638400.000 Y=1638400.000 Z=1638400.000) RuntimeGrid:None EditorOnly:0 RuntimeOnly:0 HLODRelevant:1 FolderPath:Lighting FolderGuid:828D6E77461DCFCE8367609D0F026E31
 |   |   |- [+] [  4]
 |   |   |   |- Guid:E17A028A461DBFF6DCB0268A2EEE816E BaseClass: NativeClass:/Script/Engine.VolumetricCloud Name:VolumetricCloud_UAID_D85ED303482D806801_1237667515 Label:VolumetricCloud SpatiallyLoaded:0 Bounds:IsValid=true, Min=(X=0.000 Y=0.000 Z=820.000), Max=(X=0.000 Y=0.000 Z=820.000) RuntimeGrid:None EditorOnly:0 RuntimeOnly:0 HLODRelevant:0 FolderPath:Lighting FolderGuid:828D6E77461DCFCE8367609D0F026E31
 |   |   |- [+] [  5]
 |   |   |   |- Guid:1974A1D847F7EBC861A37C99A9BF3754 BaseClass: NativeClass:/Script/Engine.SkyLight Name:SkyLight_UAID_D85ED303482D806801_1237668517 Label:SkyLight SpatiallyLoaded:0 Bounds:IsValid=true, Min=(X=0.000 Y=0.000 Z=690.000), Max=(X=0.000 Y=0.000 Z=690.000) RuntimeGrid:None EditorOnly:0 RuntimeOnly:0 HLODRelevant:0 FolderPath:Lighting FolderGuid:828D6E77461DCFCE8367609D0F026E31
 |   |   |- [+] [  6]
 |   |   |   |- Guid:A08A98CA4FD3258F3F018390023D823E BaseClass: NativeClass:/Script/Engine.ExponentialHeightFog Name:ExponentialHeightFog_UAID_D85ED303482D806801_1237666514 Label:ExponentialHeightFog SpatiallyLoaded:0 Bounds:IsValid=true, Min=(X=-10.000 Y=-10.000 Z=590.000), Max=(X=-10.000 Y=-10.000 Z=590.000) RuntimeGrid:None EditorOnly:0 RuntimeOnly:0 HLODRelevant:0 FolderPath:Lighting FolderGuid:828D6E77461DCFCE8367609D0F026E31
 |   |   |- [+] [  7]
 |   |   |   |- Guid:EAF6EEEB4A55156130C829A0036E47DC BaseClass: NativeClass:/Script/Engine.DirectionalLight Name:DirectionalLight_UAID_D85ED303482D806801_1237668516 Label:DirectionalLight SpatiallyLoaded:0 Bounds:IsValid=true, Min=(X=-4398046511104.000 Y=-4398046511104.000 Z=-4398046511104.000), Max=(X=4398046511104.000 Y=4398046511104.000 Z=4398046511104.000) RuntimeGrid:None EditorOnly:0 RuntimeOnly:0 HLODRelevant:0 FolderPath:Lighting FolderGuid:828D6E77461DCFCE8367609D0F026E31
 |   |   |- [+] [  8]
 |   |   |   |- Guid:45E640144BC7FDFF99DF64AE5FEACE12 BaseClass: NativeClass:/Script/Engine.StaticMeshActor Name:StaticMeshActor_UAID_D85ED303482D816801_1993857709 Label:SM_S_Rock_03 SpatiallyLoaded:1 Bounds:IsValid=true, Min=(X=-5750.917 Y=1931.895 Z=-4135.316), Max=(X=-2134.123 Y=5463.707 Z=-295.554) RuntimeGrid:None EditorOnly:0 RuntimeOnly:0 HLODRelevant:1 Parent:EC7139124D6FE67DDC3DD0B01A3E436C FolderPath:Island 1 FolderGuid:3E9E6DA64E51A94E1211DC915E04DC9B
 |   |   |   |- Guid:C7647CD24350917308010C885C8654E8 BaseClass: NativeClass:/Script/Engine.StaticMeshActor Name:StaticMeshActor_UAID_D85ED303482D826801_1719782895 Label:SM_R_Rock_6 SpatiallyLoaded:1 Bounds:IsValid=true, Min=(X=-4908.051 Y=3268.604 Z=-5314.117), Max=(X=-637.949 Y=7132.954 Z=-388.819) RuntimeGrid:None EditorOnly:0 RuntimeOnly:0 HLODRelevant:1 Parent:EC7139124D6FE67DDC3DD0B01A3E436C FolderPath:Island 1 FolderGuid:3E9E6DA64E51A94E1211DC915E04DC9B
 |   |   |   |- Guid:D741B8AD442AAE71B734AEB2F96F59CE BaseClass: NativeClass:/Script/Engine.StaticMeshActor Name:StaticMeshActor_UAID_D85ED303482D806801_2076386523 Label:SM_S_Rock_07 SpatiallyLoaded:1 Bounds:IsValid=true, Min=(X=-3831.949 Y=408.769 Z=-3618.499), Max=(X=-279.491 Y=2397.547 Z=-289.612) RuntimeGrid:None EditorOnly:0 RuntimeOnly:0 HLODRelevant:1 Parent:EC7139124D6FE67DDC3DD0B01A3E436C FolderPath:Island 1 FolderGuid:3E9E6DA64E51A94E1211DC915E04DC9B
 |   |   |   |- Guid:3474C3964A6BE083CD4C619B31B6A376 BaseClass: NativeClass:/Script/Engine.StaticMeshActor Name:StaticMeshActor_UAID_D85ED303482D806801_2018626521 Label:SM_S_Rock_08 SpatiallyLoaded:1 Bounds:IsValid=true, Min=(X=-2795.359 Y=1764.140 Z=-4512.173), Max=(X=-71.111 Y=4518.739 Z=-378.913) RuntimeGrid:None EditorOnly:0 RuntimeOnly:0 HLODRelevant:1 Parent:EC7139124D6FE67DDC3DD0B01A3E436C FolderPath:Island 1 FolderGuid:3E9E6DA64E51A94E1211DC915E04DC9B
 |   |   |   |- Guid:79639CD14D23309D38B097B3C1E6A8E8 BaseClass: NativeClass:/Script/Engine.StaticMeshActor Name:StaticMeshActor_UAID_D85ED303482D826801_1972131897 Label:SM_S_Rock_12 SpatiallyLoaded:1 Bounds:IsValid=true, Min=(X=-5116.981 Y=1397.930 Z=-4875.048), Max=(X=-1530.763 Y=4152.529 Z=-233.885) RuntimeGrid:None EditorOnly:0 RuntimeOnly:0 HLODRelevant:1 Parent:EC7139124D6FE67DDC3DD0B01A3E436C FolderPath:Island 1 FolderGuid:3E9E6DA64E51A94E1211DC915E04DC9B
 |   |   |   |- Guid:1B039CD749A16C6D673EA68AA75A7281 BaseClass: NativeClass:/Script/Engine.StaticMeshActor Name:StaticMeshActor_UAID_D85ED303482D806801_2102448524 Label:SM_S_Rock_9 SpatiallyLoaded:1 Bounds:IsValid=true, Min=(X=-4302.021 Y=99.844 Z=-4805.456), Max=(X=-1116.210 Y=3930.744 Z=-186.055) RuntimeGrid:None EditorOnly:0 RuntimeOnly:0 HLODRelevant:1 Parent:EC7139124D6FE67DDC3DD0B01A3E436C FolderPath:Island 1 FolderGuid:3E9E6DA64E51A94E1211DC915E04DC9B
 |   |   |   |- Guid:F6E5C3E9473EFDC06BABE19837ECCFBB BaseClass: NativeClass:/Script/Engine.StaticMeshActor Name:StaticMeshActor_UAID_D85ED303482D826801_1617811894 Label:SM_R_Rock_03 SpatiallyLoaded:1 Bounds:IsValid=true, Min=(X=-5267.039 Y=3239.509 Z=-2798.413), Max=(X=-455.459 Y=7429.985 Z=419.075) RuntimeGrid:None EditorOnly:0 RuntimeOnly:0 HLODRelevant:1 Parent:EC7139124D6FE67DDC3DD0B01A3E436C FolderPath:Island 1 FolderGuid:3E9E6DA64E51A94E1211DC915E04DC9B
 |   |   |   |- Guid:B32C7EF34F4E95941B6B6B8195FCB53C BaseClass: NativeClass:/Script/Engine.StaticMeshActor Name:StaticMeshActor_UAID_D85ED303482D826801_2013674898 Label:SM_S_Rock_01 SpatiallyLoaded:1 Bounds:IsValid=true, Min=(X=-2514.478 Y=1236.024 Z=-2998.703), Max=(X=505.265 Y=4876.188 Z=-471.456) RuntimeGrid:None EditorOnly:0 RuntimeOnly:0 HLODRelevant:1 Parent:EC7139124D6FE67DDC3DD0B01A3E436C FolderPath:Island 1 FolderGuid:3E9E6DA64E51A94E1211DC915E04DC9B
 |   |   |   |- Guid:9ED485B84455DC46D24117AA0D50500B BaseClass: NativeClass:/Script/Engine.StaticMeshActor Name:StaticMeshActor_UAID_D85ED303482D826801_1807242896 Label:SM_S_Rock_4 SpatiallyLoaded:1 Bounds:IsValid=true, Min=(X=-3149.837 Y=2864.657 Z=-3171.907), Max=(X=801.082 Y=6568.845 Z=-119.857) RuntimeGrid:None EditorOnly:0 RuntimeOnly:0 HLODRelevant:1 Parent:EC7139124D6FE67DDC3DD0B01A3E436C FolderPath:Island 1 FolderGuid:3E9E6DA64E51A94E1211DC915E04DC9B
 |   |   |   |- Guid:4E2EB4284C99CDA5EBA2FC8EDC87C5CD BaseClass: NativeClass:/Script/Engine.StaticMeshActor Name:StaticMeshActor_UAID_D85ED303482D816801_1911521707 Label:SM_S_Rock_04 SpatiallyLoaded:1 Bounds:IsValid=true, Min=(X=-4309.974 Y=2074.445 Z=-5658.576), Max=(X=-1946.719 Y=4450.600 Z=-364.057) RuntimeGrid:None EditorOnly:0 RuntimeOnly:0 HLODRelevant:1 Parent:EC7139124D6FE67DDC3DD0B01A3E436C FolderPath:Island 1 FolderGuid:3E9E6DA64E51A94E1211DC915E04DC9B
 |   |   |   |- Guid:59440895482E6AE638DF35AE07A766A3 BaseClass: NativeClass:/Script/Engine.StaticMeshActor Name:StaticMeshActor_UAID_D85ED303482D816801_1827835706 Label:SM_S_Rock_10 SpatiallyLoaded:1 Bounds:IsValid=true, Min=(X=-4448.033 Y=1845.722 Z=-5631.838), Max=(X=-1042.723 Y=5713.005 Z=-192.926) RuntimeGrid:None EditorOnly:0 RuntimeOnly:0 HLODRelevant:1 Parent:EC7139124D6FE67DDC3DD0B01A3E436C FolderPath:Island 1 FolderGuid:3E9E6DA64E51A94E1211DC915E04DC9B
 |   |   |   |- Guid:7E0A17B04FE70B560C812DB1A43AEDCB BaseClass: NativeClass:/Script/Engine.StaticMeshActor Name:StaticMeshActor_UAID_D85ED303482D826801_1372594890 Label:SM_R_Rock_3 SpatiallyLoaded:1 Bounds:IsValid=true, Min=(X=-5965.596 Y=639.319 Z=-2179.667), Max=(X=-2566.337 Y=4108.223 Z=151.671) RuntimeGrid:None EditorOnly:0 RuntimeOnly:0 HLODRelevant:1 Parent:EC7139124D6FE67DDC3DD0B01A3E436C FolderPath:Island 1 FolderGuid:3E9E6DA64E51A94E1211DC915E04DC9B
 |   |   |   |- Guid:07FCB4A44D0734A4F83E60856EAABB50 BaseClass: NativeClass:/Script/Engine.StaticMeshActor Name:StaticMeshActor_UAID_D85ED303482D826801_1094392887 Label:SM_S_Rock_8 SpatiallyLoaded:1 Bounds:IsValid=true, Min=(X=-5025.430 Y=2848.329 Z=-5311.442), Max=(X=-239.770 Y=6955.152 Z=-124.324) RuntimeGrid:None EditorOnly:0 RuntimeOnly:0 HLODRelevant:1 Parent:EC7139124D6FE67DDC3DD0B01A3E436C FolderPath:Island 1 FolderGuid:3E9E6DA64E51A94E1211DC915E04DC9B
 |   |   |   |- Guid:FA4D0D094E59637E52467C9BDC639EB5 BaseClass: NativeClass:/Script/Engine.StaticMeshActor Name:StaticMeshActor_UAID_D85ED303482D826801_1560038893 Label:SM_R_Rock_2 SpatiallyLoaded:1 Bounds:IsValid=true, Min=(X=-6287.602 Y=1573.089 Z=-2861.747), Max=(X=-2351.405 Y=5727.736 Z=154.856) RuntimeGrid:None EditorOnly:0 RuntimeOnly:0 HLODRelevant:1 Parent:EC7139124D6FE67DDC3DD0B01A3E436C FolderPath:Island 1 FolderGuid:3E9E6DA64E51A94E1211DC915E04DC9B
 |   |   |   |- Guid:2C5E5B824F7856A20E390C9328B4A5C8 BaseClass: NativeClass:/Script/Engine.StaticMeshActor Name:StaticMeshActor_UAID_D85ED303482D806801_2140332525 Label:SM_R_Rock_05 SpatiallyLoaded:1 Bounds:IsValid=true, Min=(X=-4017.521 Y=1344.069 Z=-6776.331), Max=(X=-97.646 Y=4654.969 Z=-1802.476) RuntimeGrid:None EditorOnly:0 RuntimeOnly:0 HLODRelevant:1 Parent:EC7139124D6FE67DDC3DD0B01A3E436C FolderPath:Island 1 FolderGuid:3E9E6DA64E51A94E1211DC915E04DC9B
 |   |   |   |- Guid:EC7139124D6FE67DDC3DD0B01A3E436C BaseClass: NativeClass:/Script/Engine.StaticMeshActor Name:StaticMeshActor_UAID_D85ED303482D836801_1553388040 Label:Sphere SpatiallyLoaded:1 Bounds:IsValid=true, Min=(X=378.346 Y=-2735.077 Z=369.052), Max=(X=1078.346 Y=-2035.077 Z=1069.052) RuntimeGrid:None EditorOnly:0 RuntimeOnly:0 HLODRelevant:1
 |- ContainerInstances:
 |- [+] MainContainer:
 |   |-        ID: 0x0000000000000000
 |   |-    Bounds: IsValid=true, Min=(X=-6287.602 Y=-2735.077 Z=-6776.331), Max=(X=1078.346 Y=7429.985 Z=1069.052)
 |   |- Transform: 0.000000,0.000000,0.000000|0.000000,0.000000,-0.000000|1.000000,1.000000,1.000000
 |   |- Container: /Game/FirstPerson/Maps/FloatingIslands
----------------------------------------------------------------------------------------------------------------
FloatingIslands - Persistent Level
----------------------------------------------------------------------------------------------------------------
Always loaded Actor Count: 32 

----------------------------------------------------------------------------------------------------------------
FloatingIslands - Runtime Spatial Hash - Streaming Grid - MainGrid
----------------------------------------------------------------------------------------------------------------
            Origin: X=0.000 Y=0.000 Z=0.000
         Cell Size: 12800
      World Bounds: IsValid=true, Min=(X=-6287.602 Y=-2735.077 Z=-6776.331), Max=(X=1078.346 Y=7429.985 Z=1069.052)
     Loading Range: 25600.00
Block Slow Loading: No
 ClientOnlyVisible: No

[+] Grid Levels: 2
 |- Level  0: Cell Count    0 | Cell Size   12800 | Actor Count    0 (0.0%)
 |- Level  1: Cell Count    0 | Cell Size   25600 | Actor Count    0 (0.0%)

[+] Content of Grid Level 0
[+] Content of Grid Level 1

