[+] Containers:
 |- [+] Container: /Game/FirstPerson/Maps/FloatingIslands
 |   |- [+] ActorDescs:
 |   |   |- Guid:078820CF435F6E3B5CE7FDBAB273B810 BaseClass: NativeClass:/Script/Engine.StaticMeshActor Name:StaticMeshActor_UAID_D85ED303482DD36801_1232061162 Label:SM_Common_Tree_04 SpatiallyLoaded:1 Bounds:IsValid=true, Min=(X=-3118.877 Y=-3724.926 Z=4364.138), Max=(X=-2103.955 Y=-2841.956 Z=5093.692) RuntimeGrid:None EditorOnly:0 RuntimeOnly:0 HLODRelevant:1
 |   |   |- Guid:07FCB4A44D0734A4F83E60856EAABB50 BaseClass: NativeClass:/Script/Engine.StaticMeshActor Name:StaticMeshActor_UAID_D85ED303482D826801_1094392887 Label:SM_S_Rock_8 SpatiallyLoaded:1 Bounds:IsValid=true, Min=(X=-7044.483 Y=-1592.036 Z=-1617.828), Max=(X=-1575.158 Y=3101.476 Z=4310.306) RuntimeGrid:None EditorOnly:0 RuntimeOnly:0 HLODRelevant:1 FolderPath:Island FolderGuid:04FE987C4952A58D4CF963BDABD789F7
 |   |   |- Guid:185A2D8944356DBAC8117F8EADC82EFD BaseClass: NativeClass:/Script/Engine.StaticMeshActor Name:StaticMeshActor_UAID_D85ED303482DD36801_1850255172 Label:SM_Common_Tree_02 SpatiallyLoaded:1 Bounds:IsValid=true, Min=(X=-4227.638 Y=-323.343 Z=5104.268), Max=(X=-2910.239 Y=988.979 Z=6151.026) RuntimeGrid:None EditorOnly:0 RuntimeOnly:0 HLODRelevant:1
 |   |   |- Guid:1974A1D847F7EBC861A37C99A9BF3754 BaseClass: NativeClass:/Script/Engine.SkyLight Name:SkyLight_UAID_D85ED303482D806801_1237668517 Label:SkyLight SpatiallyLoaded:0 Bounds:IsValid=true, Min=(X=0.000 Y=0.000 Z=690.000), Max=(X=0.000 Y=0.000 Z=690.000) RuntimeGrid:None EditorOnly:0 RuntimeOnly:0 HLODRelevant:0 FolderPath:Lighting FolderGuid:828D6E77461DCFCE8367609D0F026E31
 |   |   |- Guid:1B039CD749A16C6D673EA68AA75A7281 BaseClass: NativeClass:/Script/Engine.StaticMeshActor Name:StaticMeshActor_UAID_D85ED303482D806801_2102448524 Label:SM_S_Rock_9 SpatiallyLoaded:1 Bounds:IsValid=true, Min=(X=-6324.289 Y=-4778.295 Z=-935.232), Max=(X=-2549.541 Y=-400.125 Z=4268.831) RuntimeGrid:None EditorOnly:0 RuntimeOnly:0 HLODRelevant:1 FolderPath:Island FolderGuid:04FE987C4952A58D4CF963BDABD789F7
 |   |   |- Guid:2C5E5B824F7856A20E390C9328B4A5C8 BaseClass: NativeClass:/Script/Engine.StaticMeshActor Name:StaticMeshActor_UAID_D85ED303482D806801_2140332525 Label:SM_R_Rock_05 SpatiallyLoaded:1 Bounds:IsValid=true, Min=(X=-5892.587 Y=-3691.114 Z=-3291.988), Max=(X=-1412.731 Y=92.772 Z=2392.418) RuntimeGrid:None EditorOnly:0 RuntimeOnly:0 HLODRelevant:1 FolderPath:Island FolderGuid:04FE987C4952A58D4CF963BDABD789F7
 |   |   |- Guid:2EF7F8D54F8E72B90C2A4C9D532CC431 BaseClass: NativeClass:/Script/Engine.StaticMeshActor Name:StaticMeshActor_UAID_D85ED303482D806801_1237669519 Label:SM_SkySphere SpatiallyLoaded:0 Bounds:IsValid=true, Min=(X=-1638400.000 Y=-1638400.000 Z=-1638400.000), Max=(X=1638400.000 Y=1638400.000 Z=1638400.000) RuntimeGrid:None EditorOnly:0 RuntimeOnly:0 HLODRelevant:1 FolderPath:Lighting FolderGuid:828D6E77461DCFCE8367609D0F026E31
 |   |   |- Guid:3474C3964A6BE083CD4C619B31B6A376 BaseClass: NativeClass:/Script/Engine.StaticMeshActor Name:StaticMeshActor_UAID_D85ED303482D806801_2018626521 Label:SM_S_Rock_08 SpatiallyLoaded:1 Bounds:IsValid=true, Min=(X=-4495.831 Y=-2831.108 Z=-704.379), Max=(X=-1382.404 Y=317.004 Z=4019.347) RuntimeGrid:None EditorOnly:0 RuntimeOnly:0 HLODRelevant:1 FolderPath:Island FolderGuid:04FE987C4952A58D4CF963BDABD789F7
 |   |   |- Guid:42C2302044A619E86EDF2CA88B0C6406 BaseClass: NativeClass:/Script/Engine.StaticMeshActor Name:StaticMeshActor_UAID_D85ED303482DD26801_1717394982 Label:SM_Common_Tree_03 SpatiallyLoaded:1 Bounds:IsValid=true, Min=(X=-2882.961 Y=-1351.628 Z=4580.717), Max=(X=-2254.331 Y=-597.330 Z=5254.643) RuntimeGrid:None EditorOnly:0 RuntimeOnly:0 HLODRelevant:1
 |   |   |- Guid:45E640144BC7FDFF99DF64AE5FEACE12 BaseClass: NativeClass:/Script/Engine.StaticMeshActor Name:StaticMeshActor_UAID_D85ED303482D816801_1993857709 Label:SM_S_Rock_03 SpatiallyLoaded:1 Bounds:IsValid=true, Min=(X=-7873.612 Y=-2639.389 Z=-273.684), Max=(X=-3740.132 Y=1396.968 Z=4114.615) RuntimeGrid:None EditorOnly:0 RuntimeOnly:0 HLODRelevant:1 FolderPath:Island FolderGuid:04FE987C4952A58D4CF963BDABD789F7
 |   |   |- Guid:4951485E44C34177EB768A8EED87F76E BaseClass: NativeClass:/Script/Engine.StaticMeshActor Name:StaticMeshActor_UAID_D85ED303482DD36801_1548249165 Label:SM_Common_Tree_10 SpatiallyLoaded:1 Bounds:IsValid=true, Min=(X=-4926.919 Y=-2799.420 Z=5177.364), Max=(X=-4143.828 Y=-1995.094 Z=5724.229) RuntimeGrid:None EditorOnly:0 RuntimeOnly:0 HLODRelevant:1
 |   |   |- Guid:4E2EB4284C99CDA5EBA2FC8EDC87C5CD BaseClass: NativeClass:/Script/Engine.StaticMeshActor Name:StaticMeshActor_UAID_D85ED303482D816801_1911521707 Label:SM_S_Rock_04 SpatiallyLoaded:1 Bounds:IsValid=true, Min=(X=-6226.819 Y=-2476.474 Z=-2277.625), Max=(X=-3525.957 Y=239.131 Z=3773.254) RuntimeGrid:None EditorOnly:0 RuntimeOnly:0 HLODRelevant:1 FolderPath:Island FolderGuid:04FE987C4952A58D4CF963BDABD789F7
 |   |   |- Guid:59440895482E6AE638DF35AE07A766A3 BaseClass: NativeClass:/Script/Engine.StaticMeshActor Name:StaticMeshActor_UAID_D85ED303482D816801_1827835706 Label:SM_S_Rock_10 SpatiallyLoaded:1 Bounds:IsValid=true, Min=(X=-6384.601 Y=-2737.873 Z=-1983.996), Max=(X=-2492.818 Y=1681.880 Z=4231.904) RuntimeGrid:None EditorOnly:0 RuntimeOnly:0 HLODRelevant:1 FolderPath:Island FolderGuid:04FE987C4952A58D4CF963BDABD789F7
 |   |   |- Guid:5A727FF141AE8C9DB5FE1AB02742BA08 BaseClass: NativeClass:/Script/Engine.StaticMeshActor Name:StaticMeshActor_UAID_D85ED303482D846801_1156306219 Label:SM_S_Rock_3 SpatiallyLoaded:1 Bounds:IsValid=true, Min=(X=-6654.388 Y=-3694.717 Z=1220.526), Max=(X=-2301.154 Y=860.186 Z=4141.217) RuntimeGrid:None EditorOnly:0 RuntimeOnly:0 HLODRelevant:1 FolderPath:Island FolderGuid:04FE987C4952A58D4CF963BDABD789F7
 |   |   |- Guid:6487702F4C74C4605704978CA8AFD377 BaseClass: NativeClass:/Script/Engine.StaticMeshActor Name:StaticMeshActor_UAID_D85ED303482DD36801_1778495170 Label:SM_Common_Tree_2 SpatiallyLoaded:1 Bounds:IsValid=true, Min=(X=-2422.639 Y=-1004.450 Z=3886.442), Max=(X=-217.149 Y=490.253 Z=5609.363) RuntimeGrid:None EditorOnly:0 RuntimeOnly:0 HLODRelevant:1
 |   |   |- Guid:7801F7DF4800F9F6773D1CB8AAB4DE9B BaseClass: NativeClass:/Script/Engine.StaticMeshActor Name:StaticMeshActor_UAID_D85ED303482DD46801_1198711351 Label:SM_Common_Tree_7 SpatiallyLoaded:1 Bounds:IsValid=true, Min=(X=-7367.643 Y=-1176.121 Z=4090.043), Max=(X=-6416.961 Y=-103.504 Z=5095.752) RuntimeGrid:None EditorOnly:0 RuntimeOnly:0 HLODRelevant:1
 |   |   |- Guid:79639CD14D23309D38B097B3C1E6A8E8 BaseClass: NativeClass:/Script/Engine.StaticMeshActor Name:StaticMeshActor_UAID_D85ED303482D826801_1972131897 Label:SM_S_Rock_12 SpatiallyLoaded:1 Bounds:IsValid=true, Min=(X=-7149.113 Y=-3249.635 Z=-1119.093), Max=(X=-3050.578 Y=-101.522 Z=4185.094) RuntimeGrid:None EditorOnly:0 RuntimeOnly:0 HLODRelevant:1 FolderPath:Island FolderGuid:04FE987C4952A58D4CF963BDABD789F7
 |   |   |- Guid:7E0A17B04FE70B560C812DB1A43AEDCB BaseClass: NativeClass:/Script/Engine.StaticMeshActor Name:StaticMeshActor_UAID_D85ED303482D826801_1372594890 Label:SM_R_Rock_3 SpatiallyLoaded:1 Bounds:IsValid=true, Min=(X=-8118.959 Y=-4116.618 Z=1961.342), Max=(X=-4234.091 Y=-152.157 Z=4625.730) RuntimeGrid:None EditorOnly:0 RuntimeOnly:0 HLODRelevant:1 FolderPath:Island FolderGuid:04FE987C4952A58D4CF963BDABD789F7
 |   |   |- Guid:8B31FFA542CEC97CC12B499C486937F5 BaseClass: NativeClass:/Script/Engine.SkyAtmosphere Name:SkyAtmosphere_UAID_D85ED303482D806801_1237669518 Label:SkyAtmosphere SpatiallyLoaded:0 Bounds:IsValid=true, Min=(X=0.000 Y=0.000 Z=1020.000), Max=(X=0.000 Y=0.000 Z=1020.000) RuntimeGrid:None EditorOnly:0 RuntimeOnly:0 HLODRelevant:0 FolderPath:Lighting FolderGuid:828D6E77461DCFCE8367609D0F026E31
 |   |   |- Guid:8BDB3CF043E1CCE28A8084B6BDF7CA25 BaseClass: NativeClass:/Script/Engine.StaticMeshActor Name:StaticMeshActor_UAID_D85ED303482D836801_1871558041 Label:SM_S_Rock_06 SpatiallyLoaded:1 Bounds:IsValid=true, Min=(X=-6916.653 Y=-3638.442 Z=-1445.718), Max=(X=-2652.306 Y=671.669 Z=886.855) RuntimeGrid:None EditorOnly:0 RuntimeOnly:0 HLODRelevant:1 FolderPath:Island FolderGuid:04FE987C4952A58D4CF963BDABD789F7
 |   |   |- Guid:9537AD6549A5ED3B03C3DF93E239B912 BaseClass: NativeClass:/Script/Landscape.Landscape Name:Landscape_UAID_D85ED303482D856801_1084456399 Label:Landscape SpatiallyLoaded:0 Bounds:IsValid=true, Min=(X=-9743.404 Y=-7263.427 Z=4168.569), Max=(X=-9743.404 Y=-7263.427 Z=4168.569) RuntimeGrid:None EditorOnly:0 RuntimeOnly:0 HLODRelevant:0 FolderPath:Island FolderGuid:04FE987C4952A58D4CF963BDABD789F7
 |   |   |- Guid:9ED485B84455DC46D24117AA0D50500B BaseClass: NativeClass:/Script/Engine.StaticMeshActor Name:StaticMeshActor_UAID_D85ED303482D826801_1807242896 Label:SM_S_Rock_4 SpatiallyLoaded:1 Bounds:IsValid=true, Min=(X=-4794.007 Y=-1588.649 Z=673.604), Max=(X=-575.933 Y=2670.531 Z=4168.796) RuntimeGrid:None EditorOnly:0 RuntimeOnly:0 HLODRelevant:1 FolderPath:Island FolderGuid:04FE987C4952A58D4CF963BDABD789F7
 |   |   |- Guid:A08A98CA4FD3258F3F018390023D823E BaseClass: NativeClass:/Script/Engine.ExponentialHeightFog Name:ExponentialHeightFog_UAID_D85ED303482D806801_1237666514 Label:ExponentialHeightFog SpatiallyLoaded:0 Bounds:IsValid=true, Min=(X=-10.000 Y=-10.000 Z=590.000), Max=(X=-10.000 Y=-10.000 Z=590.000) RuntimeGrid:None EditorOnly:0 RuntimeOnly:0 HLODRelevant:0 FolderPath:Lighting FolderGuid:828D6E77461DCFCE8367609D0F026E31
 |   |   |- Guid:A28E814D426DF8C902F136801852AE26 BaseClass: NativeClass:/Script/Foliage.InstancedFoliageActor Name:InstancedFoliageActor_25600_-1_-1_0 Label:InstancedFoliageActor_-1_-1_0 SpatiallyLoaded:1 Bounds:IsValid=true, Min=(X=-25600.000 Y=-25600.000 Z=0.000), Max=(X=0.000 Y=0.000 Z=25600.000) RuntimeGrid:None EditorOnly:0 RuntimeOnly:0 HLODRelevant:0
 |   |   |- Guid:A81ACCA24A7FD6A4BC7D72A61189A49B BaseClass: NativeClass:/Script/Engine.StaticMeshActor Name:StaticMeshActor_UAID_D85ED303482DD36801_1222860161 Label:SM_Common_Tree_4 SpatiallyLoaded:1 Bounds:IsValid=true, Min=(X=-4176.424 Y=-2867.921 Z=4288.522), Max=(X=-2988.113 Y=-2153.684 Z=5448.104) RuntimeGrid:None EditorOnly:0 RuntimeOnly:0 HLODRelevant:1
 |   |   |- Guid:B32C7EF34F4E95941B6B6B8195FCB53C BaseClass: NativeClass:/Script/Engine.StaticMeshActor Name:StaticMeshActor_UAID_D85ED303482D826801_2013674898 Label:SM_S_Rock_01 SpatiallyLoaded:1 Bounds:IsValid=true, Min=(X=-4174.825 Y=-3434.670 Z=1172.642), Max=(X=-723.689 Y=725.517 Z=4060.925) RuntimeGrid:None EditorOnly:0 RuntimeOnly:0 HLODRelevant:1 FolderPath:Island FolderGuid:04FE987C4952A58D4CF963BDABD789F7
 |   |   |- Guid:B53D9CC84027DAC95804FFBB9E8BC8FF BaseClass: NativeClass:/Script/Engine.StaticMeshActor Name:StaticMeshActor_UAID_D85ED303482D836801_1924410042 Label:SM_S_Rock_2 SpatiallyLoaded:1 Bounds:IsValid=true, Min=(X=-5472.246 Y=-2491.378 Z=1186.966), Max=(X=-1983.259 Y=1668.808 Z=4107.658) RuntimeGrid:None EditorOnly:0 RuntimeOnly:0 HLODRelevant:1 FolderPath:Island FolderGuid:04FE987C4952A58D4CF963BDABD789F7
 |   |   |- Guid:B7453B3542FAE0CA1729D184E942DEB5 BaseClass: NativeClass:/Script/Engine.StaticMeshActor Name:StaticMeshActor_UAID_D85ED303482DD46801_1303907352 Label:SM_Common_Tree_5 SpatiallyLoaded:1 Bounds:IsValid=true, Min=(X=-6545.739 Y=574.373 Z=3829.340), Max=(X=-5619.962 Y=1244.272 Z=4710.695) RuntimeGrid:None EditorOnly:0 RuntimeOnly:0 HLODRelevant:1
 |   |   |- Guid:B7A741F143D3E06E982A00A25C23B2D7 BaseClass: NativeClass:/Script/Engine.WorldDataLayers Name:WorldDataLayers Label:WorldDataLayers SpatiallyLoaded:0 Bounds:IsValid=true, Min=(X=0.000 Y=0.000 Z=0.000), Max=(X=0.000 Y=0.000 Z=0.000) RuntimeGrid:None EditorOnly:0 RuntimeOnly:0 HLODRelevant:0
 |   |   |- Guid:BB3981054F51088DDC9CF99FCF1B01E8 BaseClass: NativeClass:/Script/Engine.StaticMeshActor Name:StaticMeshActor_UAID_D85ED303482DD36801_1663118168 Label:SM_Common_Tree_07 SpatiallyLoaded:1 Bounds:IsValid=true, Min=(X=-3845.419 Y=1193.833 Z=4381.907), Max=(X=-2609.021 Y=2410.073 Z=5368.843) RuntimeGrid:None EditorOnly:0 RuntimeOnly:0 HLODRelevant:1
 |   |   |- Guid:C6354C7B4FA56764A9DC07BDD9D4C2E4 BaseClass: NativeClass:/Script/Engine.StaticMeshActor Name:StaticMeshActor_UAID_D85ED303482DD36801_1304178164 Label:SM_Common_Tree_06 SpatiallyLoaded:1 Bounds:IsValid=true, Min=(X=-5399.321 Y=-1380.399 Z=4800.874), Max=(X=-4241.814 Y=-74.430 Z=6025.379) RuntimeGrid:None EditorOnly:0 RuntimeOnly:0 HLODRelevant:1
 |   |   |- Guid:C7647CD24350917308010C885C8654E8 BaseClass: NativeClass:/Script/Engine.StaticMeshActor Name:StaticMeshActor_UAID_D85ED303482D826801_1719782895 Label:SM_R_Rock_6 SpatiallyLoaded:1 Bounds:IsValid=true, Min=(X=-6910.336 Y=-1111.721 Z=-1620.886), Max=(X=-2030.219 Y=3304.678 Z=4008.026) RuntimeGrid:None EditorOnly:0 RuntimeOnly:0 HLODRelevant:1 FolderPath:Island FolderGuid:04FE987C4952A58D4CF963BDABD789F7
 |   |   |- Guid:C927A4264255185C1AEEC18CC587531D BaseClass: NativeClass:/Script/Foliage.InstancedFoliageActor Name:InstancedFoliageActor_25600_-1_0_0 Label:InstancedFoliageActor_-1_0_0 SpatiallyLoaded:1 Bounds:IsValid=true, Min=(X=-25600.000 Y=0.000 Z=0.000), Max=(X=0.000 Y=25600.000 Z=25600.000) RuntimeGrid:None EditorOnly:0 RuntimeOnly:0 HLODRelevant:0
 |   |   |- Guid:D1E1433D4F387A013F1309BF3C138435 BaseClass: NativeClass:/Script/Engine.StaticMeshActor Name:StaticMeshActor_UAID_D85ED303482DD46801_1166332350 Label:SM_Common_Tree_3 SpatiallyLoaded:1 Bounds:IsValid=true, Min=(X=-7190.875 Y=-3158.995 Z=4059.035), Max=(X=-5965.316 Y=-1892.082 Z=5036.369) RuntimeGrid:None EditorOnly:0 RuntimeOnly:0 HLODRelevant:1
 |   |   |- Guid:D2AEC83A469D3ACB592BE4868B37F1FB BaseClass: NativeClass:/Script/Landscape.LandscapeStreamingProxy Name:LandscapeStreamingProxy_8UWVG117R7KAU1JAPP2CNK8K1_126_0_0_0 Label:LandscapeStreamingProxy_0_0_0 SpatiallyLoaded:1 Bounds:IsValid=true, Min=(X=-9743.404 Y=-7263.427 Z=1726.382), Max=(X=2856.596 Y=5336.573 Z=5796.694) RuntimeGrid:None EditorOnly:0 RuntimeOnly:0 HLODRelevant:1 FolderPath:Island FolderGuid:04FE987C4952A58D4CF963BDABD789F7
 |   |   |- Guid:D741B8AD442AAE71B734AEB2F96F59CE BaseClass: NativeClass:/Script/Engine.StaticMeshActor Name:StaticMeshActor_UAID_D85ED303482D806801_2076386523 Label:SM_S_Rock_07 SpatiallyLoaded:1 Bounds:IsValid=true, Min=(X=-5680.505 Y=-4380.104 Z=316.963), Max=(X=-1620.553 Y=-2107.215 Z=4121.406) RuntimeGrid:None EditorOnly:0 RuntimeOnly:0 HLODRelevant:1 FolderPath:Island FolderGuid:04FE987C4952A58D4CF963BDABD789F7
 |   |   |- Guid:D84496094337E35D97251B88E430B42E BaseClass: NativeClass:/Script/Engine.StaticMeshActor Name:StaticMeshActor_UAID_D85ED303482DD46801_1336342353 Label:SM_Common_Tree_6 SpatiallyLoaded:1 Bounds:IsValid=true, Min=(X=-5839.538 Y=1065.360 Z=3968.313), Max=(X=-4870.354 Y=1966.998 Z=4876.604) RuntimeGrid:None EditorOnly:0 RuntimeOnly:0 HLODRelevant:1
 |   |   |- Guid:E17A028A461DBFF6DCB0268A2EEE816E BaseClass: NativeClass:/Script/Engine.VolumetricCloud Name:VolumetricCloud_UAID_D85ED303482D806801_1237667515 Label:VolumetricCloud SpatiallyLoaded:0 Bounds:IsValid=true, Min=(X=0.000 Y=0.000 Z=820.000), Max=(X=0.000 Y=0.000 Z=820.000) RuntimeGrid:None EditorOnly:0 RuntimeOnly:0 HLODRelevant:0 FolderPath:Lighting FolderGuid:828D6E77461DCFCE8367609D0F026E31
 |   |   |- Guid:EAF6EEEB4A55156130C829A0036E47DC BaseClass: NativeClass:/Script/Engine.DirectionalLight Name:DirectionalLight_UAID_D85ED303482D806801_1237668516 Label:DirectionalLight SpatiallyLoaded:0 Bounds:IsValid=true, Min=(X=-4398046511104.000 Y=-4398046511104.000 Z=-4398046511104.000), Max=(X=4398046511104.000 Y=4398046511104.000 Z=4398046511104.000) RuntimeGrid:None EditorOnly:0 RuntimeOnly:0 HLODRelevant:0 FolderPath:Lighting FolderGuid:828D6E77461DCFCE8367609D0F026E31
 |   |   |- Guid:EC60B9D846A1AA963B9585A605A5E1A3 BaseClass: NativeClass:/Script/Engine.StaticMeshActor Name:StaticMeshActor_UAID_D85ED303482DD46801_1127530349 Label:SM_Common_Tree_11 SpatiallyLoaded:1 Bounds:IsValid=true, Min=(X=-5792.347 Y=-4675.499 Z=3774.368), Max=(X=-4318.950 Y=-2965.382 Z=5430.852) RuntimeGrid:None EditorOnly:0 RuntimeOnly:0 HLODRelevant:1
 |   |   |- Guid:EE46051F4473B5BB7002C4BD9A3358AE BaseClass: NativeClass:/Script/Engine.PostProcessVolume Name:PostProcessVolume_UAID_D85ED303482D806801_1237670520 Label:PostProcessVolume SpatiallyLoaded:0 Bounds:IsValid=true, Min=(X=0.000 Y=0.000 Z=400.000), Max=(X=200.000 Y=200.000 Z=600.000) RuntimeGrid:None EditorOnly:0 RuntimeOnly:0 HLODRelevant:0 FolderPath:Lighting FolderGuid:828D6E77461DCFCE8367609D0F026E31
 |   |   |- Guid:F3B5AD474787AB56DB3A1E8D6AC65341 BaseClass: NativeClass:/Script/Engine.StaticMeshActor Name:StaticMeshActor_UAID_D85ED303482DD36801_1592584167 Label:SM_Common_Tree_12 SpatiallyLoaded:1 Bounds:IsValid=true, Min=(X=-5574.373 Y=-261.802 Z=4954.854), Max=(X=-4472.694 Y=889.131 Z=6024.016) RuntimeGrid:None EditorOnly:0 RuntimeOnly:0 HLODRelevant:1
 |   |   |- Guid:F6E5C3E9473EFDC06BABE19837ECCFBB BaseClass: NativeClass:/Script/Engine.StaticMeshActor Name:StaticMeshActor_UAID_D85ED303482D826801_1617811894 Label:SM_R_Rock_03 SpatiallyLoaded:1 Bounds:IsValid=true, Min=(X=-7320.608 Y=-1144.973 Z=1254.204), Max=(X=-1821.660 Y=3644.143 Z=4931.334) RuntimeGrid:None EditorOnly:0 RuntimeOnly:0 HLODRelevant:1 FolderPath:Island FolderGuid:04FE987C4952A58D4CF963BDABD789F7
 |   |   |- Guid:FA4D0D094E59637E52467C9BDC639EB5 BaseClass: NativeClass:/Script/Engine.StaticMeshActor Name:StaticMeshActor_UAID_D85ED303482D826801_1560038893 Label:SM_R_Rock_2 SpatiallyLoaded:1 Bounds:IsValid=true, Min=(X=-8486.966 Y=-3049.452 Z=1181.823), Max=(X=-3988.455 Y=1698.716 Z=4629.370) RuntimeGrid:None EditorOnly:0 RuntimeOnly:0 HLODRelevant:1 FolderPath:Island FolderGuid:04FE987C4952A58D4CF963BDABD789F7
 |   |- [+] Clusters:
 |   |   |- [+] [  0]
 |   |   |   |- Guid:2C5E5B824F7856A20E390C9328B4A5C8 BaseClass: NativeClass:/Script/Engine.StaticMeshActor Name:StaticMeshActor_UAID_D85ED303482D806801_2140332525 Label:SM_R_Rock_05 SpatiallyLoaded:1 Bounds:IsValid=true, Min=(X=-5892.587 Y=-3691.114 Z=-3291.988), Max=(X=-1412.731 Y=92.772 Z=2392.418) RuntimeGrid:None EditorOnly:0 RuntimeOnly:0 HLODRelevant:1 FolderPath:Island FolderGuid:04FE987C4952A58D4CF963BDABD789F7
 |   |   |- [+] [  1]
 |   |   |   |- Guid:D2AEC83A469D3ACB592BE4868B37F1FB BaseClass: NativeClass:/Script/Landscape.LandscapeStreamingProxy Name:LandscapeStreamingProxy_8UWVG117R7KAU1JAPP2CNK8K1_126_0_0_0 Label:LandscapeStreamingProxy_0_0_0 SpatiallyLoaded:1 Bounds:IsValid=true, Min=(X=-9743.404 Y=-7263.427 Z=1726.382), Max=(X=2856.596 Y=5336.573 Z=5796.694) RuntimeGrid:None EditorOnly:0 RuntimeOnly:0 HLODRelevant:1 FolderPath:Island FolderGuid:04FE987C4952A58D4CF963BDABD789F7
 |   |   |- [+] [  2]
 |   |   |   |- Guid:9537AD6549A5ED3B03C3DF93E239B912 BaseClass: NativeClass:/Script/Landscape.Landscape Name:Landscape_UAID_D85ED303482D856801_1084456399 Label:Landscape SpatiallyLoaded:0 Bounds:IsValid=true, Min=(X=-9743.404 Y=-7263.427 Z=4168.569), Max=(X=-9743.404 Y=-7263.427 Z=4168.569) RuntimeGrid:None EditorOnly:0 RuntimeOnly:0 HLODRelevant:0 FolderPath:Island FolderGuid:04FE987C4952A58D4CF963BDABD789F7
 |   |   |- [+] [  3]
 |   |   |   |- Guid:FA4D0D094E59637E52467C9BDC639EB5 BaseClass: NativeClass:/Script/Engine.StaticMeshActor Name:StaticMeshActor_UAID_D85ED303482D826801_1560038893 Label:SM_R_Rock_2 SpatiallyLoaded:1 Bounds:IsValid=true, Min=(X=-8486.966 Y=-3049.452 Z=1181.823), Max=(X=-3988.455 Y=1698.716 Z=4629.370) RuntimeGrid:None EditorOnly:0 RuntimeOnly:0 HLODRelevant:1 FolderPath:Island FolderGuid:04FE987C4952A58D4CF963BDABD789F7
 |   |   |- [+] [  4]
 |   |   |   |- Guid:07FCB4A44D0734A4F83E60856EAABB50 BaseClass: NativeClass:/Script/Engine.StaticMeshActor Name:StaticMeshActor_UAID_D85ED303482D826801_1094392887 Label:SM_S_Rock_8 SpatiallyLoaded:1 Bounds:IsValid=true, Min=(X=-7044.483 Y=-1592.036 Z=-1617.828), Max=(X=-1575.158 Y=3101.476 Z=4310.306) RuntimeGrid:None EditorOnly:0 RuntimeOnly:0 HLODRelevant:1 FolderPath:Island FolderGuid:04FE987C4952A58D4CF963BDABD789F7
 |   |   |- [+] [  5]
 |   |   |   |- Guid:8B31FFA542CEC97CC12B499C486937F5 BaseClass: NativeClass:/Script/Engine.SkyAtmosphere Name:SkyAtmosphere_UAID_D85ED303482D806801_1237669518 Label:SkyAtmosphere SpatiallyLoaded:0 Bounds:IsValid=true, Min=(X=0.000 Y=0.000 Z=1020.000), Max=(X=0.000 Y=0.000 Z=1020.000) RuntimeGrid:None EditorOnly:0 RuntimeOnly:0 HLODRelevant:0 FolderPath:Lighting FolderGuid:828D6E77461DCFCE8367609D0F026E31
 |   |   |- [+] [  6]
 |   |   |   |- Guid:7E0A17B04FE70B560C812DB1A43AEDCB BaseClass: NativeClass:/Script/Engine.StaticMeshActor Name:StaticMeshActor_UAID_D85ED303482D826801_1372594890 Label:SM_R_Rock_3 SpatiallyLoaded:1 Bounds:IsValid=true, Min=(X=-8118.959 Y=-4116.618 Z=1961.342), Max=(X=-4234.091 Y=-152.157 Z=4625.730) RuntimeGrid:None EditorOnly:0 RuntimeOnly:0 HLODRelevant:1 FolderPath:Island FolderGuid:04FE987C4952A58D4CF963BDABD789F7
 |   |   |- [+] [  7]
 |   |   |   |- Guid:59440895482E6AE638DF35AE07A766A3 BaseClass: NativeClass:/Script/Engine.StaticMeshActor Name:StaticMeshActor_UAID_D85ED303482D816801_1827835706 Label:SM_S_Rock_10 SpatiallyLoaded:1 Bounds:IsValid=true, Min=(X=-6384.601 Y=-2737.873 Z=-1983.996), Max=(X=-2492.818 Y=1681.880 Z=4231.904) RuntimeGrid:None EditorOnly:0 RuntimeOnly:0 HLODRelevant:1 FolderPath:Island FolderGuid:04FE987C4952A58D4CF963BDABD789F7
 |   |   |- [+] [  8]
 |   |   |   |- Guid:4E2EB4284C99CDA5EBA2FC8EDC87C5CD BaseClass: NativeClass:/Script/Engine.StaticMeshActor Name:StaticMeshActor_UAID_D85ED303482D816801_1911521707 Label:SM_S_Rock_04 SpatiallyLoaded:1 Bounds:IsValid=true, Min=(X=-6226.819 Y=-2476.474 Z=-2277.625), Max=(X=-3525.957 Y=239.131 Z=3773.254) RuntimeGrid:None EditorOnly:0 RuntimeOnly:0 HLODRelevant:1 FolderPath:Island FolderGuid:04FE987C4952A58D4CF963BDABD789F7
 |   |   |- [+] [  9]
 |   |   |   |- Guid:9ED485B84455DC46D24117AA0D50500B BaseClass: NativeClass:/Script/Engine.StaticMeshActor Name:StaticMeshActor_UAID_D85ED303482D826801_1807242896 Label:SM_S_Rock_4 SpatiallyLoaded:1 Bounds:IsValid=true, Min=(X=-4794.007 Y=-1588.649 Z=673.604), Max=(X=-575.933 Y=2670.531 Z=4168.796) RuntimeGrid:None EditorOnly:0 RuntimeOnly:0 HLODRelevant:1 FolderPath:Island FolderGuid:04FE987C4952A58D4CF963BDABD789F7
 |   |   |- [+] [ 10]
 |   |   |   |- Guid:EE46051F4473B5BB7002C4BD9A3358AE BaseClass: NativeClass:/Script/Engine.PostProcessVolume Name:PostProcessVolume_UAID_D85ED303482D806801_1237670520 Label:PostProcessVolume SpatiallyLoaded:0 Bounds:IsValid=true, Min=(X=0.000 Y=0.000 Z=400.000), Max=(X=200.000 Y=200.000 Z=600.000) RuntimeGrid:None EditorOnly:0 RuntimeOnly:0 HLODRelevant:0 FolderPath:Lighting FolderGuid:828D6E77461DCFCE8367609D0F026E31
 |   |   |- [+] [ 11]
 |   |   |   |- Guid:B32C7EF34F4E95941B6B6B8195FCB53C BaseClass: NativeClass:/Script/Engine.StaticMeshActor Name:StaticMeshActor_UAID_D85ED303482D826801_2013674898 Label:SM_S_Rock_01 SpatiallyLoaded:1 Bounds:IsValid=true, Min=(X=-4174.825 Y=-3434.670 Z=1172.642), Max=(X=-723.689 Y=725.517 Z=4060.925) RuntimeGrid:None EditorOnly:0 RuntimeOnly:0 HLODRelevant:1 FolderPath:Island FolderGuid:04FE987C4952A58D4CF963BDABD789F7
 |   |   |- [+] [ 12]
 |   |   |   |- Guid:B7A741F143D3E06E982A00A25C23B2D7 BaseClass: NativeClass:/Script/Engine.WorldDataLayers Name:WorldDataLayers Label:WorldDataLayers SpatiallyLoaded:0 Bounds:IsValid=true, Min=(X=0.000 Y=0.000 Z=0.000), Max=(X=0.000 Y=0.000 Z=0.000) RuntimeGrid:None EditorOnly:0 RuntimeOnly:0 HLODRelevant:0
 |   |   |- [+] [ 13]
 |   |   |   |- Guid:E17A028A461DBFF6DCB0268A2EEE816E BaseClass: NativeClass:/Script/Engine.VolumetricCloud Name:VolumetricCloud_UAID_D85ED303482D806801_1237667515 Label:VolumetricCloud SpatiallyLoaded:0 Bounds:IsValid=true, Min=(X=0.000 Y=0.000 Z=820.000), Max=(X=0.000 Y=0.000 Z=820.000) RuntimeGrid:None EditorOnly:0 RuntimeOnly:0 HLODRelevant:0 FolderPath:Lighting FolderGuid:828D6E77461DCFCE8367609D0F026E31
 |   |   |- [+] [ 14]
 |   |   |   |- Guid:F6E5C3E9473EFDC06BABE19837ECCFBB BaseClass: NativeClass:/Script/Engine.StaticMeshActor Name:StaticMeshActor_UAID_D85ED303482D826801_1617811894 Label:SM_R_Rock_03 SpatiallyLoaded:1 Bounds:IsValid=true, Min=(X=-7320.608 Y=-1144.973 Z=1254.204), Max=(X=-1821.660 Y=3644.143 Z=4931.334) RuntimeGrid:None EditorOnly:0 RuntimeOnly:0 HLODRelevant:1 FolderPath:Island FolderGuid:04FE987C4952A58D4CF963BDABD789F7
 |   |   |- [+] [ 15]
 |   |   |   |- Guid:1B039CD749A16C6D673EA68AA75A7281 BaseClass: NativeClass:/Script/Engine.StaticMeshActor Name:StaticMeshActor_UAID_D85ED303482D806801_2102448524 Label:SM_S_Rock_9 SpatiallyLoaded:1 Bounds:IsValid=true, Min=(X=-6324.289 Y=-4778.295 Z=-935.232), Max=(X=-2549.541 Y=-400.125 Z=4268.831) RuntimeGrid:None EditorOnly:0 RuntimeOnly:0 HLODRelevant:1 FolderPath:Island FolderGuid:04FE987C4952A58D4CF963BDABD789F7
 |   |   |- [+] [ 16]
 |   |   |   |- Guid:79639CD14D23309D38B097B3C1E6A8E8 BaseClass: NativeClass:/Script/Engine.StaticMeshActor Name:StaticMeshActor_UAID_D85ED303482D826801_1972131897 Label:SM_S_Rock_12 SpatiallyLoaded:1 Bounds:IsValid=true, Min=(X=-7149.113 Y=-3249.635 Z=-1119.093), Max=(X=-3050.578 Y=-101.522 Z=4185.094) RuntimeGrid:None EditorOnly:0 RuntimeOnly:0 HLODRelevant:1 FolderPath:Island FolderGuid:04FE987C4952A58D4CF963BDABD789F7
 |   |   |- [+] [ 17]
 |   |   |   |- Guid:8BDB3CF043E1CCE28A8084B6BDF7CA25 BaseClass: NativeClass:/Script/Engine.StaticMeshActor Name:StaticMeshActor_UAID_D85ED303482D836801_1871558041 Label:SM_S_Rock_06 SpatiallyLoaded:1 Bounds:IsValid=true, Min=(X=-6916.653 Y=-3638.442 Z=-1445.718), Max=(X=-2652.306 Y=671.669 Z=886.855) RuntimeGrid:None EditorOnly:0 RuntimeOnly:0 HLODRelevant:1 FolderPath:Island FolderGuid:04FE987C4952A58D4CF963BDABD789F7
 |   |   |- [+] [ 18]
 |   |   |   |- Guid:3474C3964A6BE083CD4C619B31B6A376 BaseClass: NativeClass:/Script/Engine.StaticMeshActor Name:StaticMeshActor_UAID_D85ED303482D806801_2018626521 Label:SM_S_Rock_08 SpatiallyLoaded:1 Bounds:IsValid=true, Min=(X=-4495.831 Y=-2831.108 Z=-704.379), Max=(X=-1382.404 Y=317.004 Z=4019.347) RuntimeGrid:None EditorOnly:0 RuntimeOnly:0 HLODRelevant:1 FolderPath:Island FolderGuid:04FE987C4952A58D4CF963BDABD789F7
 |   |   |- [+] [ 19]
 |   |   |   |- Guid:D741B8AD442AAE71B734AEB2F96F59CE BaseClass: NativeClass:/Script/Engine.StaticMeshActor Name:StaticMeshActor_UAID_D85ED303482D806801_2076386523 Label:SM_S_Rock_07 SpatiallyLoaded:1 Bounds:IsValid=true, Min=(X=-5680.505 Y=-4380.104 Z=316.963), Max=(X=-1620.553 Y=-2107.215 Z=4121.406) RuntimeGrid:None EditorOnly:0 RuntimeOnly:0 HLODRelevant:1 FolderPath:Island FolderGuid:04FE987C4952A58D4CF963BDABD789F7
 |   |   |- [+] [ 20]
 |   |   |   |- Guid:C7647CD24350917308010C885C8654E8 BaseClass: NativeClass:/Script/Engine.StaticMeshActor Name:StaticMeshActor_UAID_D85ED303482D826801_1719782895 Label:SM_R_Rock_6 SpatiallyLoaded:1 Bounds:IsValid=true, Min=(X=-6910.336 Y=-1111.721 Z=-1620.886), Max=(X=-2030.219 Y=3304.678 Z=4008.026) RuntimeGrid:None EditorOnly:0 RuntimeOnly:0 HLODRelevant:1 FolderPath:Island FolderGuid:04FE987C4952A58D4CF963BDABD789F7
 |   |   |- [+] [ 21]
 |   |   |   |- Guid:1974A1D847F7EBC861A37C99A9BF3754 BaseClass: NativeClass:/Script/Engine.SkyLight Name:SkyLight_UAID_D85ED303482D806801_1237668517 Label:SkyLight SpatiallyLoaded:0 Bounds:IsValid=true, Min=(X=0.000 Y=0.000 Z=690.000), Max=(X=0.000 Y=0.000 Z=690.000) RuntimeGrid:None EditorOnly:0 RuntimeOnly:0 HLODRelevant:0 FolderPath:Lighting FolderGuid:828D6E77461DCFCE8367609D0F026E31
 |   |   |- [+] [ 22]
 |   |   |   |- Guid:B53D9CC84027DAC95804FFBB9E8BC8FF BaseClass: NativeClass:/Script/Engine.StaticMeshActor Name:StaticMeshActor_UAID_D85ED303482D836801_1924410042 Label:SM_S_Rock_2 SpatiallyLoaded:1 Bounds:IsValid=true, Min=(X=-5472.246 Y=-2491.378 Z=1186.966), Max=(X=-1983.259 Y=1668.808 Z=4107.658) RuntimeGrid:None EditorOnly:0 RuntimeOnly:0 HLODRelevant:1 FolderPath:Island FolderGuid:04FE987C4952A58D4CF963BDABD789F7
 |   |   |- [+] [ 23]
 |   |   |   |- Guid:A08A98CA4FD3258F3F018390023D823E BaseClass: NativeClass:/Script/Engine.ExponentialHeightFog Name:ExponentialHeightFog_UAID_D85ED303482D806801_1237666514 Label:ExponentialHeightFog SpatiallyLoaded:0 Bounds:IsValid=true, Min=(X=-10.000 Y=-10.000 Z=590.000), Max=(X=-10.000 Y=-10.000 Z=590.000) RuntimeGrid:None EditorOnly:0 RuntimeOnly:0 HLODRelevant:0 FolderPath:Lighting FolderGuid:828D6E77461DCFCE8367609D0F026E31
 |   |   |- [+] [ 24]
 |   |   |   |- Guid:5A727FF141AE8C9DB5FE1AB02742BA08 BaseClass: NativeClass:/Script/Engine.StaticMeshActor Name:StaticMeshActor_UAID_D85ED303482D846801_1156306219 Label:SM_S_Rock_3 SpatiallyLoaded:1 Bounds:IsValid=true, Min=(X=-6654.388 Y=-3694.717 Z=1220.526), Max=(X=-2301.154 Y=860.186 Z=4141.217) RuntimeGrid:None EditorOnly:0 RuntimeOnly:0 HLODRelevant:1 FolderPath:Island FolderGuid:04FE987C4952A58D4CF963BDABD789F7
 |   |   |- [+] [ 25]
 |   |   |   |- Guid:EAF6EEEB4A55156130C829A0036E47DC BaseClass: NativeClass:/Script/Engine.DirectionalLight Name:DirectionalLight_UAID_D85ED303482D806801_1237668516 Label:DirectionalLight SpatiallyLoaded:0 Bounds:IsValid=true, Min=(X=-4398046511104.000 Y=-4398046511104.000 Z=-4398046511104.000), Max=(X=4398046511104.000 Y=4398046511104.000 Z=4398046511104.000) RuntimeGrid:None EditorOnly:0 RuntimeOnly:0 HLODRelevant:0 FolderPath:Lighting FolderGuid:828D6E77461DCFCE8367609D0F026E31
 |   |   |- [+] [ 26]
 |   |   |   |- Guid:45E640144BC7FDFF99DF64AE5FEACE12 BaseClass: NativeClass:/Script/Engine.StaticMeshActor Name:StaticMeshActor_UAID_D85ED303482D816801_1993857709 Label:SM_S_Rock_03 SpatiallyLoaded:1 Bounds:IsValid=true, Min=(X=-7873.612 Y=-2639.389 Z=-273.684), Max=(X=-3740.132 Y=1396.968 Z=4114.615) RuntimeGrid:None EditorOnly:0 RuntimeOnly:0 HLODRelevant:1 FolderPath:Island FolderGuid:04FE987C4952A58D4CF963BDABD789F7
 |   |   |- [+] [ 27]
 |   |   |   |- Guid:2EF7F8D54F8E72B90C2A4C9D532CC431 BaseClass: NativeClass:/Script/Engine.StaticMeshActor Name:StaticMeshActor_UAID_D85ED303482D806801_1237669519 Label:SM_SkySphere SpatiallyLoaded:0 Bounds:IsValid=true, Min=(X=-1638400.000 Y=-1638400.000 Z=-1638400.000), Max=(X=1638400.000 Y=1638400.000 Z=1638400.000) RuntimeGrid:None EditorOnly:0 RuntimeOnly:0 HLODRelevant:1 FolderPath:Lighting FolderGuid:828D6E77461DCFCE8367609D0F026E31
 |   |   |- [+] [ 28]
 |   |   |   |- Guid:42C2302044A619E86EDF2CA88B0C6406 BaseClass: NativeClass:/Script/Engine.StaticMeshActor Name:StaticMeshActor_UAID_D85ED303482DD26801_1717394982 Label:SM_Common_Tree_03 SpatiallyLoaded:1 Bounds:IsValid=true, Min=(X=-2882.961 Y=-1351.628 Z=4580.717), Max=(X=-2254.331 Y=-597.330 Z=5254.643) RuntimeGrid:None EditorOnly:0 RuntimeOnly:0 HLODRelevant:1
 |   |   |- [+] [ 29]
 |   |   |   |- Guid:A28E814D426DF8C902F136801852AE26 BaseClass: NativeClass:/Script/Foliage.InstancedFoliageActor Name:InstancedFoliageActor_25600_-1_-1_0 Label:InstancedFoliageActor_-1_-1_0 SpatiallyLoaded:1 Bounds:IsValid=true, Min=(X=-25600.000 Y=-25600.000 Z=0.000), Max=(X=0.000 Y=0.000 Z=25600.000) RuntimeGrid:None EditorOnly:0 RuntimeOnly:0 HLODRelevant:0
 |   |   |- [+] [ 30]
 |   |   |   |- Guid:C927A4264255185C1AEEC18CC587531D BaseClass: NativeClass:/Script/Foliage.InstancedFoliageActor Name:InstancedFoliageActor_25600_-1_0_0 Label:InstancedFoliageActor_-1_0_0 SpatiallyLoaded:1 Bounds:IsValid=true, Min=(X=-25600.000 Y=0.000 Z=0.000), Max=(X=0.000 Y=25600.000 Z=25600.000) RuntimeGrid:None EditorOnly:0 RuntimeOnly:0 HLODRelevant:0
 |   |   |- [+] [ 31]
 |   |   |   |- Guid:A81ACCA24A7FD6A4BC7D72A61189A49B BaseClass: NativeClass:/Script/Engine.StaticMeshActor Name:StaticMeshActor_UAID_D85ED303482DD36801_1222860161 Label:SM_Common_Tree_4 SpatiallyLoaded:1 Bounds:IsValid=true, Min=(X=-4176.424 Y=-2867.921 Z=4288.522), Max=(X=-2988.113 Y=-2153.684 Z=5448.104) RuntimeGrid:None EditorOnly:0 RuntimeOnly:0 HLODRelevant:1
 |   |   |- [+] [ 32]
 |   |   |   |- Guid:078820CF435F6E3B5CE7FDBAB273B810 BaseClass: NativeClass:/Script/Engine.StaticMeshActor Name:StaticMeshActor_UAID_D85ED303482DD36801_1232061162 Label:SM_Common_Tree_04 SpatiallyLoaded:1 Bounds:IsValid=true, Min=(X=-3118.877 Y=-3724.926 Z=4364.138), Max=(X=-2103.955 Y=-2841.956 Z=5093.692) RuntimeGrid:None EditorOnly:0 RuntimeOnly:0 HLODRelevant:1
 |   |   |- [+] [ 33]
 |   |   |   |- Guid:C6354C7B4FA56764A9DC07BDD9D4C2E4 BaseClass: NativeClass:/Script/Engine.StaticMeshActor Name:StaticMeshActor_UAID_D85ED303482DD36801_1304178164 Label:SM_Common_Tree_06 SpatiallyLoaded:1 Bounds:IsValid=true, Min=(X=-5399.321 Y=-1380.399 Z=4800.874), Max=(X=-4241.814 Y=-74.430 Z=6025.379) RuntimeGrid:None EditorOnly:0 RuntimeOnly:0 HLODRelevant:1
 |   |   |- [+] [ 34]
 |   |   |   |- Guid:4951485E44C34177EB768A8EED87F76E BaseClass: NativeClass:/Script/Engine.StaticMeshActor Name:StaticMeshActor_UAID_D85ED303482DD36801_1548249165 Label:SM_Common_Tree_10 SpatiallyLoaded:1 Bounds:IsValid=true, Min=(X=-4926.919 Y=-2799.420 Z=5177.364), Max=(X=-4143.828 Y=-1995.094 Z=5724.229) RuntimeGrid:None EditorOnly:0 RuntimeOnly:0 HLODRelevant:1
 |   |   |- [+] [ 35]
 |   |   |   |- Guid:F3B5AD474787AB56DB3A1E8D6AC65341 BaseClass: NativeClass:/Script/Engine.StaticMeshActor Name:StaticMeshActor_UAID_D85ED303482DD36801_1592584167 Label:SM_Common_Tree_12 SpatiallyLoaded:1 Bounds:IsValid=true, Min=(X=-5574.373 Y=-261.802 Z=4954.854), Max=(X=-4472.694 Y=889.131 Z=6024.016) RuntimeGrid:None EditorOnly:0 RuntimeOnly:0 HLODRelevant:1
 |   |   |- [+] [ 36]
 |   |   |   |- Guid:BB3981054F51088DDC9CF99FCF1B01E8 BaseClass: NativeClass:/Script/Engine.StaticMeshActor Name:StaticMeshActor_UAID_D85ED303482DD36801_1663118168 Label:SM_Common_Tree_07 SpatiallyLoaded:1 Bounds:IsValid=true, Min=(X=-3845.419 Y=1193.833 Z=4381.907), Max=(X=-2609.021 Y=2410.073 Z=5368.843) RuntimeGrid:None EditorOnly:0 RuntimeOnly:0 HLODRelevant:1
 |   |   |- [+] [ 37]
 |   |   |   |- Guid:6487702F4C74C4605704978CA8AFD377 BaseClass: NativeClass:/Script/Engine.StaticMeshActor Name:StaticMeshActor_UAID_D85ED303482DD36801_1778495170 Label:SM_Common_Tree_2 SpatiallyLoaded:1 Bounds:IsValid=true, Min=(X=-2422.639 Y=-1004.450 Z=3886.442), Max=(X=-217.149 Y=490.253 Z=5609.363) RuntimeGrid:None EditorOnly:0 RuntimeOnly:0 HLODRelevant:1
 |   |   |- [+] [ 38]
 |   |   |   |- Guid:185A2D8944356DBAC8117F8EADC82EFD BaseClass: NativeClass:/Script/Engine.StaticMeshActor Name:StaticMeshActor_UAID_D85ED303482DD36801_1850255172 Label:SM_Common_Tree_02 SpatiallyLoaded:1 Bounds:IsValid=true, Min=(X=-4227.638 Y=-323.343 Z=5104.268), Max=(X=-2910.239 Y=988.979 Z=6151.026) RuntimeGrid:None EditorOnly:0 RuntimeOnly:0 HLODRelevant:1
 |   |   |- [+] [ 39]
 |   |   |   |- Guid:EC60B9D846A1AA963B9585A605A5E1A3 BaseClass: NativeClass:/Script/Engine.StaticMeshActor Name:StaticMeshActor_UAID_D85ED303482DD46801_1127530349 Label:SM_Common_Tree_11 SpatiallyLoaded:1 Bounds:IsValid=true, Min=(X=-5792.347 Y=-4675.499 Z=3774.368), Max=(X=-4318.950 Y=-2965.382 Z=5430.852) RuntimeGrid:None EditorOnly:0 RuntimeOnly:0 HLODRelevant:1
 |   |   |- [+] [ 40]
 |   |   |   |- Guid:D1E1433D4F387A013F1309BF3C138435 BaseClass: NativeClass:/Script/Engine.StaticMeshActor Name:StaticMeshActor_UAID_D85ED303482DD46801_1166332350 Label:SM_Common_Tree_3 SpatiallyLoaded:1 Bounds:IsValid=true, Min=(X=-7190.875 Y=-3158.995 Z=4059.035), Max=(X=-5965.316 Y=-1892.082 Z=5036.369) RuntimeGrid:None EditorOnly:0 RuntimeOnly:0 HLODRelevant:1
 |   |   |- [+] [ 41]
 |   |   |   |- Guid:7801F7DF4800F9F6773D1CB8AAB4DE9B BaseClass: NativeClass:/Script/Engine.StaticMeshActor Name:StaticMeshActor_UAID_D85ED303482DD46801_1198711351 Label:SM_Common_Tree_7 SpatiallyLoaded:1 Bounds:IsValid=true, Min=(X=-7367.643 Y=-1176.121 Z=4090.043), Max=(X=-6416.961 Y=-103.504 Z=5095.752) RuntimeGrid:None EditorOnly:0 RuntimeOnly:0 HLODRelevant:1
 |   |   |- [+] [ 42]
 |   |   |   |- Guid:B7453B3542FAE0CA1729D184E942DEB5 BaseClass: NativeClass:/Script/Engine.StaticMeshActor Name:StaticMeshActor_UAID_D85ED303482DD46801_1303907352 Label:SM_Common_Tree_5 SpatiallyLoaded:1 Bounds:IsValid=true, Min=(X=-6545.739 Y=574.373 Z=3829.340), Max=(X=-5619.962 Y=1244.272 Z=4710.695) RuntimeGrid:None EditorOnly:0 RuntimeOnly:0 HLODRelevant:1
 |   |   |- [+] [ 43]
 |   |   |   |- Guid:D84496094337E35D97251B88E430B42E BaseClass: NativeClass:/Script/Engine.StaticMeshActor Name:StaticMeshActor_UAID_D85ED303482DD46801_1336342353 Label:SM_Common_Tree_6 SpatiallyLoaded:1 Bounds:IsValid=true, Min=(X=-5839.538 Y=1065.360 Z=3968.313), Max=(X=-4870.354 Y=1966.998 Z=4876.604) RuntimeGrid:None EditorOnly:0 RuntimeOnly:0 HLODRelevant:1
 |- ContainerInstances:
 |- [+] MainContainer:
 |   |-        ID: 0x0000000000000000
 |   |-    Bounds: IsValid=true, Min=(X=-25600.000 Y=-25600.000 Z=-3291.988), Max=(X=2856.596 Y=25600.000 Z=25600.000)
 |   |- Transform: 0.000000,0.000000,0.000000|0.000000,0.000000,-0.000000|1.000000,1.000000,1.000000
 |   |- Container: /Game/FirstPerson/Maps/FloatingIslands
----------------------------------------------------------------------------------------------------------------
FloatingIslands - Persistent Level
----------------------------------------------------------------------------------------------------------------
Always loaded Actor Count: 63 

----------------------------------------------------------------------------------------------------------------
FloatingIslands - Runtime Spatial Hash - Streaming Grid - MainGrid
----------------------------------------------------------------------------------------------------------------
            Origin: X=0.000 Y=0.000 Z=0.000
         Cell Size: 12800
      World Bounds: IsValid=true, Min=(X=-25600.000 Y=-25600.000 Z=-3291.988), Max=(X=2856.596 Y=25600.000 Z=25600.000)
     Loading Range: 25600.00
Block Slow Loading: No
 ClientOnlyVisible: No

[+] Grid Levels: 3
 |- Level  0: Cell Count    2 | Cell Size   12800 | Actor Count   16 (88.9%)
 |- Level  1: Cell Count    2 | Cell Size   25600 | Actor Count    2 (11.1%)
 |- Level  2: Cell Count    0 | Cell Size   51200 | Actor Count    0 (0.0%)

[+] Content of Grid Level 0
 |- [+] Content of Cell MainGrid_L0_X-1_Y-1
 |   |- Actor Count: 13
 |   |- MinMaxZ: X=-1119.093 Y=6025.379
 |   |- Actor Path: /Game/FirstPerson/Maps/FloatingIslands.FloatingIslands:PersistentLevel.LandscapeStreamingProxy_8UWVG117R7KAU1JAPP2CNK8K1_126_0_0_0
 |   |- Actor Package: /Game/__ExternalActors__/FirstPerson/Maps/FloatingIslands/0/JY/S8CZGV1IYYZIVIIJ9B6WU8
 |   |- Actor Path: /Game/FirstPerson/Maps/FloatingIslands.FloatingIslands:PersistentLevel.StaticMeshActor_UAID_D85ED303482D826801_1372594890
 |   |- Actor Package: /Game/__ExternalActors__/FirstPerson/Maps/FloatingIslands/5/1J/DZKH2MPM3H90JB4WT30O8A
 |   |- Actor Path: /Game/FirstPerson/Maps/FloatingIslands.FloatingIslands:PersistentLevel.StaticMeshActor_UAID_D85ED303482D806801_2102448524
 |   |- Actor Package: /Game/__ExternalActors__/FirstPerson/Maps/FloatingIslands/8/B5/7C82WQBQYV2NMNA1M5PX71
 |   |- Actor Path: /Game/FirstPerson/Maps/FloatingIslands.FloatingIslands:PersistentLevel.StaticMeshActor_UAID_D85ED303482D826801_1972131897
 |   |- Actor Package: /Game/__ExternalActors__/FirstPerson/Maps/FloatingIslands/9/75/LZIIJP9M0YZJ9ABFNQC3H4
 |   |- Actor Path: /Game/FirstPerson/Maps/FloatingIslands.FloatingIslands:PersistentLevel.StaticMeshActor_UAID_D85ED303482D806801_2076386523
 |   |- Actor Package: /Game/__ExternalActors__/FirstPerson/Maps/FloatingIslands/B/E0/NQCHYZANEKBIIL378DKFAS
 |   |- Actor Path: /Game/FirstPerson/Maps/FloatingIslands.FloatingIslands:PersistentLevel.StaticMeshActor_UAID_D85ED303482DD26801_1717394982
 |   |- Actor Package: /Game/__ExternalActors__/FirstPerson/Maps/FloatingIslands/1/NS/ZJ7QF4BB98NTC4HNHHJB8T
 |   |- Actor Path: /Game/FirstPerson/Maps/FloatingIslands.FloatingIslands:PersistentLevel.StaticMeshActor_UAID_D85ED303482DD36801_1222860161
 |   |- Actor Package: /Game/__ExternalActors__/FirstPerson/Maps/FloatingIslands/5/OT/DORMUPEAAIOIYEIH4G003P
 |   |- Actor Path: /Game/FirstPerson/Maps/FloatingIslands.FloatingIslands:PersistentLevel.StaticMeshActor_UAID_D85ED303482DD36801_1232061162
 |   |- Actor Package: /Game/__ExternalActors__/FirstPerson/Maps/FloatingIslands/5/DU/CKSOSKOL5GDZFQWFVHQY73
 |   |- Actor Path: /Game/FirstPerson/Maps/FloatingIslands.FloatingIslands:PersistentLevel.StaticMeshActor_UAID_D85ED303482DD36801_1304178164
 |   |- Actor Package: /Game/__ExternalActors__/FirstPerson/Maps/FloatingIslands/E/0C/RVGSHR3QO5E17JNW4Y6IHQ
 |   |- Actor Path: /Game/FirstPerson/Maps/FloatingIslands.FloatingIslands:PersistentLevel.StaticMeshActor_UAID_D85ED303482DD36801_1548249165
 |   |- Actor Package: /Game/__ExternalActors__/FirstPerson/Maps/FloatingIslands/3/T8/V34JUT61E4LOP8EXX7RKOD
 |   |- Actor Path: /Game/FirstPerson/Maps/FloatingIslands.FloatingIslands:PersistentLevel.StaticMeshActor_UAID_D85ED303482DD46801_1127530349
 |   |- Actor Package: /Game/__ExternalActors__/FirstPerson/Maps/FloatingIslands/E/QP/VVLA31AHSAW8SEMDZ686YO
 |   |- Actor Path: /Game/FirstPerson/Maps/FloatingIslands.FloatingIslands:PersistentLevel.StaticMeshActor_UAID_D85ED303482DD46801_1166332350
 |   |- Actor Package: /Game/__ExternalActors__/FirstPerson/Maps/FloatingIslands/C/QP/Z78OLCRBHS3TXG2TKTVQN5
 |   |- Actor Path: /Game/FirstPerson/Maps/FloatingIslands.FloatingIslands:PersistentLevel.StaticMeshActor_UAID_D85ED303482DD46801_1198711351
 |   |- Actor Package: /Game/__ExternalActors__/FirstPerson/Maps/FloatingIslands/B/EW/SBXYI2U5E73ITN87S15WT8
 |- [+] Content of Cell MainGrid_L0_X-1_Y0
 |   |- Actor Count: 3
 |   |- MinMaxZ: X=3829.340 Y=5368.843
 |   |- Actor Path: /Game/FirstPerson/Maps/FloatingIslands.FloatingIslands:PersistentLevel.StaticMeshActor_UAID_D85ED303482DD36801_1663118168
 |   |- Actor Package: /Game/__ExternalActors__/FirstPerson/Maps/FloatingIslands/1/F0/WOVVK1UC5JJBTABT18W1PY
 |   |- Actor Path: /Game/FirstPerson/Maps/FloatingIslands.FloatingIslands:PersistentLevel.StaticMeshActor_UAID_D85ED303482DD46801_1303907352
 |   |- Actor Package: /Game/__ExternalActors__/FirstPerson/Maps/FloatingIslands/B/Z6/YZ7CSFDEJ3YCSTTSSUUUOR
 |   |- Actor Path: /Game/FirstPerson/Maps/FloatingIslands.FloatingIslands:PersistentLevel.StaticMeshActor_UAID_D85ED303482DD46801_1336342353
 |   |- Actor Package: /Game/__ExternalActors__/FirstPerson/Maps/FloatingIslands/1/X7/G2C3US7KVXEMK9ZHSTYZF3
[+] Content of Grid Level 1
 |- [+] Content of Cell MainGrid_L1_X-1_Y-1
 |   |- Actor Count: 1
 |   |- MinMaxZ: X=0.000 Y=25600.000
 |   |- Actor Path: /Game/FirstPerson/Maps/FloatingIslands.FloatingIslands:PersistentLevel.InstancedFoliageActor_25600_-1_-1_0
 |   |- Actor Package: /Game/__ExternalActors__/FirstPerson/Maps/FloatingIslands/9/A3/Q3VZ7FJVNXYYICJYKJ25AK
 |- [+] Content of Cell MainGrid_L1_X-1_Y0
 |   |- Actor Count: 1
 |   |- MinMaxZ: X=0.000 Y=25600.000
 |   |- Actor Path: /Game/FirstPerson/Maps/FloatingIslands.FloatingIslands:PersistentLevel.InstancedFoliageActor_25600_-1_0_0
 |   |- Actor Package: /Game/__ExternalActors__/FirstPerson/Maps/FloatingIslands/5/93/TJB68PHYP2CQUCOKTRR9YJ
[+] Content of Grid Level 2

