[+] Containers:
 |- [+] Container: /Game/FirstPerson/Maps/FloatingIslands
 |   |- [+] ActorDescs:
 |   |   |- Guid:07FCB4A44D0734A4F83E60856EAABB50 BaseClass: NativeClass:/Script/Engine.StaticMeshActor Name:StaticMeshActor_UAID_D85ED303482D826801_1094392887 Label:SM_S_Rock_8 SpatiallyLoaded:1 Bounds:IsValid=true, Min=(X=-7044.483 Y=-1592.036 Z=-1617.828), Max=(X=-1575.158 Y=3101.476 Z=4310.306) RuntimeGrid:None EditorOnly:0 RuntimeOnly:0 HLODRelevant:1 FolderPath:Island FolderGuid:04FE987C4952A58D4CF963BDABD789F7
 |   |   |- Guid:084BB30C42A1B4362467CBA43E473E8E BaseClass:/Game/FirstPerson/Blueprints/Collectibles/Coins/Coin_BP.Coin_BP_C NativeClass:/Script/Engine.Actor Name:Coin_BP_C_UAID_D85ED303482D8D6801_1382984816 Label:Coin_BP5 SpatiallyLoaded:1 Bounds:IsValid=true, Min=(X=-4011.966 Y=-2243.591 Z=4236.616), Max=(X=-3947.966 Y=-2179.591 Z=4300.616) RuntimeGrid:None EditorOnly:0 RuntimeOnly:0 HLODRelevant:0
 |   |   |- Guid:0A328CF84B7E0BEF4F8C5BA2621F1A42 BaseClass:/Game/FirstPerson/Blueprints/Collectibles/Coins/Coin_BP.Coin_BP_C NativeClass:/Script/Engine.Actor Name:Coin_BP_C_UAID_D85ED303482D8D6801_1352205813 Label:Coin_BP2 SpatiallyLoaded:1 Bounds:IsValid=true, Min=(X=-4302.188 Y=-2243.591 Z=4236.616), Max=(X=-4238.188 Y=-2179.591 Z=4300.616) RuntimeGrid:None EditorOnly:0 RuntimeOnly:0 HLODRelevant:0
 |   |   |- Guid:1974A1D847F7EBC861A37C99A9BF3754 BaseClass: NativeClass:/Script/Engine.SkyLight Name:SkyLight_UAID_D85ED303482D806801_1237668517 Label:SkyLight SpatiallyLoaded:0 Bounds:IsValid=true, Min=(X=0.000 Y=0.000 Z=690.000), Max=(X=0.000 Y=0.000 Z=690.000) RuntimeGrid:None EditorOnly:0 RuntimeOnly:0 HLODRelevant:0 FolderPath:Lighting FolderGuid:828D6E77461DCFCE8367609D0F026E31
 |   |   |- Guid:1B039CD749A16C6D673EA68AA75A7281 BaseClass: NativeClass:/Script/Engine.StaticMeshActor Name:StaticMeshActor_UAID_D85ED303482D806801_2102448524 Label:SM_S_Rock_9 SpatiallyLoaded:1 Bounds:IsValid=true, Min=(X=-6324.289 Y=-4778.295 Z=-935.232), Max=(X=-2549.541 Y=-400.125 Z=4268.831) RuntimeGrid:None EditorOnly:0 RuntimeOnly:0 HLODRelevant:1 FolderPath:Island FolderGuid:04FE987C4952A58D4CF963BDABD789F7
 |   |   |- Guid:1EF93CC14CAFA1FA7D7C0DBDC058A295 BaseClass:/Game/FirstPerson/Blueprints/Collectibles/Coins/Coin_BP.Coin_BP_C NativeClass:/Script/Engine.Actor Name:Coin_BP_C_UAID_D85ED303482D8D6801_1381205815 Label:Coin_BP4 SpatiallyLoaded:1 Bounds:IsValid=true, Min=(X=-4109.116 Y=-2243.591 Z=4236.616), Max=(X=-4045.116 Y=-2179.591 Z=4300.616) RuntimeGrid:None EditorOnly:0 RuntimeOnly:0 HLODRelevant:0
 |   |   |- Guid:2349726C43400AA92E3731B26E3FA039 BaseClass:/Game/FirstPerson/Blueprints/Collectibles/Coins/Coin_BP.Coin_BP_C NativeClass:/Script/Engine.Actor Name:Coin_BP_C_UAID_D85ED303482D8D6801_1517023818 Label:Coin_BP7 SpatiallyLoaded:1 Bounds:IsValid=true, Min=(X=-4398.411 Y=-1990.395 Z=4236.616), Max=(X=-4334.411 Y=-1926.395 Z=4300.616) RuntimeGrid:None EditorOnly:0 RuntimeOnly:0 HLODRelevant:0
 |   |   |- Guid:2C5E5B824F7856A20E390C9328B4A5C8 BaseClass: NativeClass:/Script/Engine.StaticMeshActor Name:StaticMeshActor_UAID_D85ED303482D806801_2140332525 Label:SM_R_Rock_05 SpatiallyLoaded:1 Bounds:IsValid=true, Min=(X=-5892.587 Y=-3691.114 Z=-3291.988), Max=(X=-1412.731 Y=92.772 Z=2392.418) RuntimeGrid:None EditorOnly:0 RuntimeOnly:0 HLODRelevant:1 FolderPath:Island FolderGuid:04FE987C4952A58D4CF963BDABD789F7
 |   |   |- Guid:2E6FB410496A83ABF08DDDB12949EE09 BaseClass:/Game/FirstPerson/Blueprints/Collectibles/Coins/Coin_BP.Coin_BP_C NativeClass:/Script/Engine.Actor Name:Coin_BP_C_UAID_D85ED303482D8D6801_1517027821 Label:Coin_BP10 SpatiallyLoaded:1 Bounds:IsValid=true, Min=(X=-4109.116 Y=-1990.395 Z=4236.616), Max=(X=-4045.116 Y=-1926.395 Z=4300.616) RuntimeGrid:None EditorOnly:0 RuntimeOnly:0 HLODRelevant:0
 |   |   |- Guid:2EE7361342857FC456FAEEB0F6FCE686 BaseClass:/Game/FirstPerson/Blueprints/Collectibles/Coins/Coin_BP.Coin_BP_C NativeClass:/Script/Engine.Actor Name:Coin_BP_C_UAID_D85ED303482D8D6801_1517026820 Label:Coin_BP9 SpatiallyLoaded:1 Bounds:IsValid=true, Min=(X=-4206.148 Y=-1990.395 Z=4236.616), Max=(X=-4142.148 Y=-1926.395 Z=4300.616) RuntimeGrid:None EditorOnly:0 RuntimeOnly:0 HLODRelevant:0
 |   |   |- Guid:2EF7F8D54F8E72B90C2A4C9D532CC431 BaseClass: NativeClass:/Script/Engine.StaticMeshActor Name:StaticMeshActor_UAID_D85ED303482D806801_1237669519 Label:SM_SkySphere SpatiallyLoaded:0 Bounds:IsValid=true, Min=(X=-1638400.000 Y=-1638400.000 Z=-1638400.000), Max=(X=1638400.000 Y=1638400.000 Z=1638400.000) RuntimeGrid:None EditorOnly:0 RuntimeOnly:0 HLODRelevant:1 FolderPath:Lighting FolderGuid:828D6E77461DCFCE8367609D0F026E31
 |   |   |- Guid:3474C3964A6BE083CD4C619B31B6A376 BaseClass: NativeClass:/Script/Engine.StaticMeshActor Name:StaticMeshActor_UAID_D85ED303482D806801_2018626521 Label:SM_S_Rock_08 SpatiallyLoaded:1 Bounds:IsValid=true, Min=(X=-4495.831 Y=-2831.108 Z=-704.379), Max=(X=-1382.404 Y=317.004 Z=4019.347) RuntimeGrid:None EditorOnly:0 RuntimeOnly:0 HLODRelevant:1 FolderPath:Island FolderGuid:04FE987C4952A58D4CF963BDABD789F7
 |   |   |- Guid:417B0613418CD026F580EAA96BFFB862 BaseClass:/Game/FirstPerson/Blueprints/Collectibles/Coins/Coin_BP.Coin_BP_C NativeClass:/Script/Engine.Actor Name:Coin_BP_C_UAID_D85ED303482D8D6801_1517025819 Label:Coin_BP8 SpatiallyLoaded:1 Bounds:IsValid=true, Min=(X=-4302.188 Y=-1990.395 Z=4236.616), Max=(X=-4238.188 Y=-1926.395 Z=4300.616) RuntimeGrid:None EditorOnly:0 RuntimeOnly:0 HLODRelevant:0
 |   |   |- Guid:45E640144BC7FDFF99DF64AE5FEACE12 BaseClass: NativeClass:/Script/Engine.StaticMeshActor Name:StaticMeshActor_UAID_D85ED303482D816801_1993857709 Label:SM_S_Rock_03 SpatiallyLoaded:1 Bounds:IsValid=true, Min=(X=-7873.612 Y=-2639.389 Z=-273.684), Max=(X=-3740.132 Y=1396.968 Z=4114.615) RuntimeGrid:None EditorOnly:0 RuntimeOnly:0 HLODRelevant:1 FolderPath:Island FolderGuid:04FE987C4952A58D4CF963BDABD789F7
 |   |   |- Guid:4960C0204AC6415FC9155B9A0E435CCC BaseClass:/Game/FirstPerson/Blueprints/Collectibles/Coins/Coin_BP.Coin_BP_C NativeClass:/Script/Engine.Actor Name:Coin_BP_C_UAID_D85ED303482D8D6801_1377535814 Label:Coin_BP3 SpatiallyLoaded:1 Bounds:IsValid=true, Min=(X=-4206.148 Y=-2243.591 Z=4236.616), Max=(X=-4142.148 Y=-2179.591 Z=4300.616) RuntimeGrid:None EditorOnly:0 RuntimeOnly:0 HLODRelevant:0
 |   |   |- Guid:4E2EB4284C99CDA5EBA2FC8EDC87C5CD BaseClass: NativeClass:/Script/Engine.StaticMeshActor Name:StaticMeshActor_UAID_D85ED303482D816801_1911521707 Label:SM_S_Rock_04 SpatiallyLoaded:1 Bounds:IsValid=true, Min=(X=-6226.819 Y=-2476.474 Z=-2277.625), Max=(X=-3525.957 Y=239.131 Z=3773.254) RuntimeGrid:None EditorOnly:0 RuntimeOnly:0 HLODRelevant:1 FolderPath:Island FolderGuid:04FE987C4952A58D4CF963BDABD789F7
 |   |   |- Guid:59440895482E6AE638DF35AE07A766A3 BaseClass: NativeClass:/Script/Engine.StaticMeshActor Name:StaticMeshActor_UAID_D85ED303482D816801_1827835706 Label:SM_S_Rock_10 SpatiallyLoaded:1 Bounds:IsValid=true, Min=(X=-6384.601 Y=-2737.873 Z=-1983.996), Max=(X=-2492.818 Y=1681.880 Z=4231.904) RuntimeGrid:None EditorOnly:0 RuntimeOnly:0 HLODRelevant:1 FolderPath:Island FolderGuid:04FE987C4952A58D4CF963BDABD789F7
 |   |   |- Guid:5A727FF141AE8C9DB5FE1AB02742BA08 BaseClass: NativeClass:/Script/Engine.StaticMeshActor Name:StaticMeshActor_UAID_D85ED303482D846801_1156306219 Label:SM_S_Rock_3 SpatiallyLoaded:1 Bounds:IsValid=true, Min=(X=-6654.388 Y=-3694.717 Z=1220.526), Max=(X=-2301.154 Y=860.186 Z=4141.217) RuntimeGrid:None EditorOnly:0 RuntimeOnly:0 HLODRelevant:1 FolderPath:Island FolderGuid:04FE987C4952A58D4CF963BDABD789F7
 |   |   |- Guid:5F7509A14CF262FF02A0F6B110FB92DF BaseClass:/Game/FirstPerson/Blueprints/Collectibles/Coins/Coin_BP.Coin_BP_C NativeClass:/Script/Engine.Actor Name:Coin_BP_C_UAID_D85ED303482D8D6801_1517029823 Label:Coin_BP12 SpatiallyLoaded:1 Bounds:IsValid=true, Min=(X=-3920.421 Y=-1990.395 Z=4236.616), Max=(X=-3856.421 Y=-1926.395 Z=4300.616) RuntimeGrid:None EditorOnly:0 RuntimeOnly:0 HLODRelevant:0
 |   |   |- Guid:6033A8DA415E2A9FF2E242946E878211 BaseClass:/Game/FirstPerson/Blueprints/Collectibles/Coins/Coin_BP.Coin_BP_C NativeClass:/Script/Engine.Actor Name:Coin_BP_C_UAID_D85ED303482D8D6801_1517028822 Label:Coin_BP11 SpatiallyLoaded:1 Bounds:IsValid=true, Min=(X=-4011.966 Y=-1990.395 Z=4236.616), Max=(X=-3947.966 Y=-1926.395 Z=4300.616) RuntimeGrid:None EditorOnly:0 RuntimeOnly:0 HLODRelevant:0
 |   |   |- Guid:6503C848464BC8C99F99019E1EB225EE BaseClass:/Game/FirstPerson/Blueprints/Collectibles/Gems/Gem_BP.Gem_BP_C NativeClass:/Script/Engine.Actor Name:Gem_BP_C_UAID_D85ED303482D8F6801_1305023179 Label:Gem_BP3 SpatiallyLoaded:1 Bounds:IsValid=true, Min=(X=-3731.915 Y=-1415.830 Z=4219.542), Max=(X=-3651.994 Y=-1335.910 Z=4299.463) RuntimeGrid:None EditorOnly:0 RuntimeOnly:0 HLODRelevant:0
 |   |   |- Guid:79639CD14D23309D38B097B3C1E6A8E8 BaseClass: NativeClass:/Script/Engine.StaticMeshActor Name:StaticMeshActor_UAID_D85ED303482D826801_1972131897 Label:SM_S_Rock_12 SpatiallyLoaded:1 Bounds:IsValid=true, Min=(X=-7149.113 Y=-3249.635 Z=-1119.093), Max=(X=-3050.578 Y=-101.522 Z=4185.094) RuntimeGrid:None EditorOnly:0 RuntimeOnly:0 HLODRelevant:1 FolderPath:Island FolderGuid:04FE987C4952A58D4CF963BDABD789F7
 |   |   |- Guid:7E0A17B04FE70B560C812DB1A43AEDCB BaseClass: NativeClass:/Script/Engine.StaticMeshActor Name:StaticMeshActor_UAID_D85ED303482D826801_1372594890 Label:SM_R_Rock_3 SpatiallyLoaded:1 Bounds:IsValid=true, Min=(X=-8118.959 Y=-4116.618 Z=1961.342), Max=(X=-4234.091 Y=-152.157 Z=4625.730) RuntimeGrid:None EditorOnly:0 RuntimeOnly:0 HLODRelevant:1 FolderPath:Island FolderGuid:04FE987C4952A58D4CF963BDABD789F7
 |   |   |- Guid:8B31FFA542CEC97CC12B499C486937F5 BaseClass: NativeClass:/Script/Engine.SkyAtmosphere Name:SkyAtmosphere_UAID_D85ED303482D806801_1237669518 Label:SkyAtmosphere SpatiallyLoaded:0 Bounds:IsValid=true, Min=(X=0.000 Y=0.000 Z=1020.000), Max=(X=0.000 Y=0.000 Z=1020.000) RuntimeGrid:None EditorOnly:0 RuntimeOnly:0 HLODRelevant:0 FolderPath:Lighting FolderGuid:828D6E77461DCFCE8367609D0F026E31
 |   |   |- Guid:8BDB3CF043E1CCE28A8084B6BDF7CA25 BaseClass: NativeClass:/Script/Engine.StaticMeshActor Name:StaticMeshActor_UAID_D85ED303482D836801_1871558041 Label:SM_S_Rock_06 SpatiallyLoaded:1 Bounds:IsValid=true, Min=(X=-6916.653 Y=-3638.442 Z=-1445.718), Max=(X=-2652.306 Y=671.669 Z=886.855) RuntimeGrid:None EditorOnly:0 RuntimeOnly:0 HLODRelevant:1 FolderPath:Island FolderGuid:04FE987C4952A58D4CF963BDABD789F7
 |   |   |- Guid:9537AD6549A5ED3B03C3DF93E239B912 BaseClass: NativeClass:/Script/Landscape.Landscape Name:Landscape_UAID_D85ED303482D856801_1084456399 Label:Landscape SpatiallyLoaded:0 Bounds:IsValid=true, Min=(X=-9743.404 Y=-7263.427 Z=4168.569), Max=(X=-9743.404 Y=-7263.427 Z=4168.569) RuntimeGrid:None EditorOnly:0 RuntimeOnly:0 HLODRelevant:0
 |   |   |- Guid:9ED485B84455DC46D24117AA0D50500B BaseClass: NativeClass:/Script/Engine.StaticMeshActor Name:StaticMeshActor_UAID_D85ED303482D826801_1807242896 Label:SM_S_Rock_4 SpatiallyLoaded:1 Bounds:IsValid=true, Min=(X=-4794.007 Y=-1588.649 Z=673.604), Max=(X=-575.933 Y=2670.531 Z=4168.796) RuntimeGrid:None EditorOnly:0 RuntimeOnly:0 HLODRelevant:1 FolderPath:Island FolderGuid:04FE987C4952A58D4CF963BDABD789F7
 |   |   |- Guid:9F3588BB4856FF2EAEB1E2B9C8C1FBB7 BaseClass:/Game/FirstPerson/Blueprints/Collectibles/Gems/Gem_BP.Gem_BP_C NativeClass:/Script/Engine.Actor Name:Gem_BP_C_UAID_D85ED303482D8F6801_1302702178 Label:Gem_BP2 SpatiallyLoaded:1 Bounds:IsValid=true, Min=(X=-3731.915 Y=-1541.031 Z=4219.542), Max=(X=-3651.994 Y=-1461.111 Z=4299.463) RuntimeGrid:None EditorOnly:0 RuntimeOnly:0 HLODRelevant:0
 |   |   |- Guid:A08A98CA4FD3258F3F018390023D823E BaseClass: NativeClass:/Script/Engine.ExponentialHeightFog Name:ExponentialHeightFog_UAID_D85ED303482D806801_1237666514 Label:ExponentialHeightFog SpatiallyLoaded:0 Bounds:IsValid=true, Min=(X=-10.000 Y=-10.000 Z=590.000), Max=(X=-10.000 Y=-10.000 Z=590.000) RuntimeGrid:None EditorOnly:0 RuntimeOnly:0 HLODRelevant:0 FolderPath:Lighting FolderGuid:828D6E77461DCFCE8367609D0F026E31
 |   |   |- Guid:B32C7EF34F4E95941B6B6B8195FCB53C BaseClass: NativeClass:/Script/Engine.StaticMeshActor Name:StaticMeshActor_UAID_D85ED303482D826801_2013674898 Label:SM_S_Rock_01 SpatiallyLoaded:1 Bounds:IsValid=true, Min=(X=-4174.825 Y=-3434.670 Z=1172.642), Max=(X=-723.689 Y=725.517 Z=4060.925) RuntimeGrid:None EditorOnly:0 RuntimeOnly:0 HLODRelevant:1 FolderPath:Island FolderGuid:04FE987C4952A58D4CF963BDABD789F7
 |   |   |- Guid:B53D9CC84027DAC95804FFBB9E8BC8FF BaseClass: NativeClass:/Script/Engine.StaticMeshActor Name:StaticMeshActor_UAID_D85ED303482D836801_1924410042 Label:SM_S_Rock_2 SpatiallyLoaded:1 Bounds:IsValid=true, Min=(X=-5472.246 Y=-2491.378 Z=1186.966), Max=(X=-1983.259 Y=1668.808 Z=4107.658) RuntimeGrid:None EditorOnly:0 RuntimeOnly:0 HLODRelevant:1 FolderPath:Island FolderGuid:04FE987C4952A58D4CF963BDABD789F7
 |   |   |- Guid:B7A741F143D3E06E982A00A25C23B2D7 BaseClass: NativeClass:/Script/Engine.WorldDataLayers Name:WorldDataLayers Label:WorldDataLayers SpatiallyLoaded:0 Bounds:IsValid=true, Min=(X=0.000 Y=0.000 Z=0.000), Max=(X=0.000 Y=0.000 Z=0.000) RuntimeGrid:None EditorOnly:0 RuntimeOnly:0 HLODRelevant:0
 |   |   |- Guid:B7D197714B1C4A5FA497E1A46E9FAF4F BaseClass:/Game/FirstPerson/Blueprints/Collectibles/Gems/Gem_BP.Gem_BP_C NativeClass:/Script/Engine.Actor Name:Gem_BP_C_UAID_D85ED303482D8E6801_1324433001 Label:Gem_BP SpatiallyLoaded:1 Bounds:IsValid=true, Min=(X=-3731.915 Y=-1670.418 Z=4219.542), Max=(X=-3651.994 Y=-1590.498 Z=4299.463) RuntimeGrid:None EditorOnly:0 RuntimeOnly:0 HLODRelevant:0
 |   |   |- Guid:C7647CD24350917308010C885C8654E8 BaseClass: NativeClass:/Script/Engine.StaticMeshActor Name:StaticMeshActor_UAID_D85ED303482D826801_1719782895 Label:SM_R_Rock_6 SpatiallyLoaded:1 Bounds:IsValid=true, Min=(X=-6910.336 Y=-1111.721 Z=-1620.886), Max=(X=-2030.219 Y=3304.678 Z=4008.026) RuntimeGrid:None EditorOnly:0 RuntimeOnly:0 HLODRelevant:1 FolderPath:Island FolderGuid:04FE987C4952A58D4CF963BDABD789F7
 |   |   |- Guid:D2AEC83A469D3ACB592BE4868B37F1FB BaseClass: NativeClass:/Script/Landscape.LandscapeStreamingProxy Name:LandscapeStreamingProxy_8UWVG117R7KAU1JAPP2CNK8K1_126_0_0_0 Label:LandscapeStreamingProxy_0_0_0 SpatiallyLoaded:1 Bounds:IsValid=true, Min=(X=-9743.404 Y=-7263.427 Z=1726.382), Max=(X=2856.596 Y=5336.573 Z=4182.632) RuntimeGrid:None EditorOnly:0 RuntimeOnly:0 HLODRelevant:1
 |   |   |- Guid:D682B11648972848A902B19D6C1A9372 BaseClass:/Game/FirstPerson/Blueprints/Collectibles/Coins/Coin_BP.Coin_BP_C NativeClass:/Script/Engine.Actor Name:Coin_BP_C_UAID_D85ED303482D8D6801_1236221812 Label:Coin_BP SpatiallyLoaded:1 Bounds:IsValid=true, Min=(X=-4398.411 Y=-2243.591 Z=4236.616), Max=(X=-4334.411 Y=-2179.591 Z=4300.616) RuntimeGrid:None EditorOnly:0 RuntimeOnly:0 HLODRelevant:0
 |   |   |- Guid:D741B8AD442AAE71B734AEB2F96F59CE BaseClass: NativeClass:/Script/Engine.StaticMeshActor Name:StaticMeshActor_UAID_D85ED303482D806801_2076386523 Label:SM_S_Rock_07 SpatiallyLoaded:1 Bounds:IsValid=true, Min=(X=-5680.505 Y=-4380.104 Z=316.963), Max=(X=-1620.553 Y=-2107.215 Z=4121.406) RuntimeGrid:None EditorOnly:0 RuntimeOnly:0 HLODRelevant:1 FolderPath:Island FolderGuid:04FE987C4952A58D4CF963BDABD789F7
 |   |   |- Guid:E17A028A461DBFF6DCB0268A2EEE816E BaseClass: NativeClass:/Script/Engine.VolumetricCloud Name:VolumetricCloud_UAID_D85ED303482D806801_1237667515 Label:VolumetricCloud SpatiallyLoaded:0 Bounds:IsValid=true, Min=(X=0.000 Y=0.000 Z=820.000), Max=(X=0.000 Y=0.000 Z=820.000) RuntimeGrid:None EditorOnly:0 RuntimeOnly:0 HLODRelevant:0 FolderPath:Lighting FolderGuid:828D6E77461DCFCE8367609D0F026E31
 |   |   |- Guid:EAF6EEEB4A55156130C829A0036E47DC BaseClass: NativeClass:/Script/Engine.DirectionalLight Name:DirectionalLight_UAID_D85ED303482D806801_1237668516 Label:DirectionalLight SpatiallyLoaded:0 Bounds:IsValid=true, Min=(X=-4398046511104.000 Y=-4398046511104.000 Z=-4398046511104.000), Max=(X=4398046511104.000 Y=4398046511104.000 Z=4398046511104.000) RuntimeGrid:None EditorOnly:0 RuntimeOnly:0 HLODRelevant:0 FolderPath:Lighting FolderGuid:828D6E77461DCFCE8367609D0F026E31
 |   |   |- Guid:EE46051F4473B5BB7002C4BD9A3358AE BaseClass: NativeClass:/Script/Engine.PostProcessVolume Name:PostProcessVolume_UAID_D85ED303482D806801_1237670520 Label:PostProcessVolume SpatiallyLoaded:0 Bounds:IsValid=true, Min=(X=0.000 Y=0.000 Z=400.000), Max=(X=200.000 Y=200.000 Z=600.000) RuntimeGrid:None EditorOnly:0 RuntimeOnly:0 HLODRelevant:0 FolderPath:Lighting FolderGuid:828D6E77461DCFCE8367609D0F026E31
 |   |   |- Guid:F6E5C3E9473EFDC06BABE19837ECCFBB BaseClass: NativeClass:/Script/Engine.StaticMeshActor Name:StaticMeshActor_UAID_D85ED303482D826801_1617811894 Label:SM_R_Rock_03 SpatiallyLoaded:1 Bounds:IsValid=true, Min=(X=-7320.608 Y=-1144.973 Z=1254.204), Max=(X=-1821.660 Y=3644.143 Z=4931.334) RuntimeGrid:None EditorOnly:0 RuntimeOnly:0 HLODRelevant:1 FolderPath:Island FolderGuid:04FE987C4952A58D4CF963BDABD789F7
 |   |   |- Guid:FA4D0D094E59637E52467C9BDC639EB5 BaseClass: NativeClass:/Script/Engine.StaticMeshActor Name:StaticMeshActor_UAID_D85ED303482D826801_1560038893 Label:SM_R_Rock_2 SpatiallyLoaded:1 Bounds:IsValid=true, Min=(X=-8486.966 Y=-3049.452 Z=1181.823), Max=(X=-3988.455 Y=1698.716 Z=4629.370) RuntimeGrid:None EditorOnly:0 RuntimeOnly:0 HLODRelevant:1 FolderPath:Island FolderGuid:04FE987C4952A58D4CF963BDABD789F7
 |   |   |- Guid:FFF07DD944A72D81549DFDBFDA287A2C BaseClass:/Game/FirstPerson/Blueprints/Collectibles/Coins/Coin_BP.Coin_BP_C NativeClass:/Script/Engine.Actor Name:Coin_BP_C_UAID_D85ED303482D8D6801_1398843817 Label:Coin_BP6 SpatiallyLoaded:1 Bounds:IsValid=true, Min=(X=-3920.421 Y=-2243.591 Z=4236.616), Max=(X=-3856.421 Y=-2179.591 Z=4300.616) RuntimeGrid:None EditorOnly:0 RuntimeOnly:0 HLODRelevant:0
 |   |- [+] Clusters:
 |   |   |- [+] [  0]
 |   |   |   |- Guid:2C5E5B824F7856A20E390C9328B4A5C8 BaseClass: NativeClass:/Script/Engine.StaticMeshActor Name:StaticMeshActor_UAID_D85ED303482D806801_2140332525 Label:SM_R_Rock_05 SpatiallyLoaded:1 Bounds:IsValid=true, Min=(X=-5892.587 Y=-3691.114 Z=-3291.988), Max=(X=-1412.731 Y=92.772 Z=2392.418) RuntimeGrid:None EditorOnly:0 RuntimeOnly:0 HLODRelevant:1 FolderPath:Island FolderGuid:04FE987C4952A58D4CF963BDABD789F7
 |   |   |- [+] [  1]
 |   |   |   |- Guid:FA4D0D094E59637E52467C9BDC639EB5 BaseClass: NativeClass:/Script/Engine.StaticMeshActor Name:StaticMeshActor_UAID_D85ED303482D826801_1560038893 Label:SM_R_Rock_2 SpatiallyLoaded:1 Bounds:IsValid=true, Min=(X=-8486.966 Y=-3049.452 Z=1181.823), Max=(X=-3988.455 Y=1698.716 Z=4629.370) RuntimeGrid:None EditorOnly:0 RuntimeOnly:0 HLODRelevant:1 FolderPath:Island FolderGuid:04FE987C4952A58D4CF963BDABD789F7
 |   |   |- [+] [  2]
 |   |   |   |- Guid:07FCB4A44D0734A4F83E60856EAABB50 BaseClass: NativeClass:/Script/Engine.StaticMeshActor Name:StaticMeshActor_UAID_D85ED303482D826801_1094392887 Label:SM_S_Rock_8 SpatiallyLoaded:1 Bounds:IsValid=true, Min=(X=-7044.483 Y=-1592.036 Z=-1617.828), Max=(X=-1575.158 Y=3101.476 Z=4310.306) RuntimeGrid:None EditorOnly:0 RuntimeOnly:0 HLODRelevant:1 FolderPath:Island FolderGuid:04FE987C4952A58D4CF963BDABD789F7
 |   |   |- [+] [  3]
 |   |   |   |- Guid:8B31FFA542CEC97CC12B499C486937F5 BaseClass: NativeClass:/Script/Engine.SkyAtmosphere Name:SkyAtmosphere_UAID_D85ED303482D806801_1237669518 Label:SkyAtmosphere SpatiallyLoaded:0 Bounds:IsValid=true, Min=(X=0.000 Y=0.000 Z=1020.000), Max=(X=0.000 Y=0.000 Z=1020.000) RuntimeGrid:None EditorOnly:0 RuntimeOnly:0 HLODRelevant:0 FolderPath:Lighting FolderGuid:828D6E77461DCFCE8367609D0F026E31
 |   |   |- [+] [  4]
 |   |   |   |- Guid:7E0A17B04FE70B560C812DB1A43AEDCB BaseClass: NativeClass:/Script/Engine.StaticMeshActor Name:StaticMeshActor_UAID_D85ED303482D826801_1372594890 Label:SM_R_Rock_3 SpatiallyLoaded:1 Bounds:IsValid=true, Min=(X=-8118.959 Y=-4116.618 Z=1961.342), Max=(X=-4234.091 Y=-152.157 Z=4625.730) RuntimeGrid:None EditorOnly:0 RuntimeOnly:0 HLODRelevant:1 FolderPath:Island FolderGuid:04FE987C4952A58D4CF963BDABD789F7
 |   |   |- [+] [  5]
 |   |   |   |- Guid:59440895482E6AE638DF35AE07A766A3 BaseClass: NativeClass:/Script/Engine.StaticMeshActor Name:StaticMeshActor_UAID_D85ED303482D816801_1827835706 Label:SM_S_Rock_10 SpatiallyLoaded:1 Bounds:IsValid=true, Min=(X=-6384.601 Y=-2737.873 Z=-1983.996), Max=(X=-2492.818 Y=1681.880 Z=4231.904) RuntimeGrid:None EditorOnly:0 RuntimeOnly:0 HLODRelevant:1 FolderPath:Island FolderGuid:04FE987C4952A58D4CF963BDABD789F7
 |   |   |- [+] [  6]
 |   |   |   |- Guid:4E2EB4284C99CDA5EBA2FC8EDC87C5CD BaseClass: NativeClass:/Script/Engine.StaticMeshActor Name:StaticMeshActor_UAID_D85ED303482D816801_1911521707 Label:SM_S_Rock_04 SpatiallyLoaded:1 Bounds:IsValid=true, Min=(X=-6226.819 Y=-2476.474 Z=-2277.625), Max=(X=-3525.957 Y=239.131 Z=3773.254) RuntimeGrid:None EditorOnly:0 RuntimeOnly:0 HLODRelevant:1 FolderPath:Island FolderGuid:04FE987C4952A58D4CF963BDABD789F7
 |   |   |- [+] [  7]
 |   |   |   |- Guid:9ED485B84455DC46D24117AA0D50500B BaseClass: NativeClass:/Script/Engine.StaticMeshActor Name:StaticMeshActor_UAID_D85ED303482D826801_1807242896 Label:SM_S_Rock_4 SpatiallyLoaded:1 Bounds:IsValid=true, Min=(X=-4794.007 Y=-1588.649 Z=673.604), Max=(X=-575.933 Y=2670.531 Z=4168.796) RuntimeGrid:None EditorOnly:0 RuntimeOnly:0 HLODRelevant:1 FolderPath:Island FolderGuid:04FE987C4952A58D4CF963BDABD789F7
 |   |   |- [+] [  8]
 |   |   |   |- Guid:EE46051F4473B5BB7002C4BD9A3358AE BaseClass: NativeClass:/Script/Engine.PostProcessVolume Name:PostProcessVolume_UAID_D85ED303482D806801_1237670520 Label:PostProcessVolume SpatiallyLoaded:0 Bounds:IsValid=true, Min=(X=0.000 Y=0.000 Z=400.000), Max=(X=200.000 Y=200.000 Z=600.000) RuntimeGrid:None EditorOnly:0 RuntimeOnly:0 HLODRelevant:0 FolderPath:Lighting FolderGuid:828D6E77461DCFCE8367609D0F026E31
 |   |   |- [+] [  9]
 |   |   |   |- Guid:D2AEC83A469D3ACB592BE4868B37F1FB BaseClass: NativeClass:/Script/Landscape.LandscapeStreamingProxy Name:LandscapeStreamingProxy_8UWVG117R7KAU1JAPP2CNK8K1_126_0_0_0 Label:LandscapeStreamingProxy_0_0_0 SpatiallyLoaded:1 Bounds:IsValid=true, Min=(X=-9743.404 Y=-7263.427 Z=1726.382), Max=(X=2856.596 Y=5336.573 Z=4182.632) RuntimeGrid:None EditorOnly:0 RuntimeOnly:0 HLODRelevant:1
 |   |   |- [+] [ 10]
 |   |   |   |- Guid:B32C7EF34F4E95941B6B6B8195FCB53C BaseClass: NativeClass:/Script/Engine.StaticMeshActor Name:StaticMeshActor_UAID_D85ED303482D826801_2013674898 Label:SM_S_Rock_01 SpatiallyLoaded:1 Bounds:IsValid=true, Min=(X=-4174.825 Y=-3434.670 Z=1172.642), Max=(X=-723.689 Y=725.517 Z=4060.925) RuntimeGrid:None EditorOnly:0 RuntimeOnly:0 HLODRelevant:1 FolderPath:Island FolderGuid:04FE987C4952A58D4CF963BDABD789F7
 |   |   |- [+] [ 11]
 |   |   |   |- Guid:B7A741F143D3E06E982A00A25C23B2D7 BaseClass: NativeClass:/Script/Engine.WorldDataLayers Name:WorldDataLayers Label:WorldDataLayers SpatiallyLoaded:0 Bounds:IsValid=true, Min=(X=0.000 Y=0.000 Z=0.000), Max=(X=0.000 Y=0.000 Z=0.000) RuntimeGrid:None EditorOnly:0 RuntimeOnly:0 HLODRelevant:0
 |   |   |- [+] [ 12]
 |   |   |   |- Guid:E17A028A461DBFF6DCB0268A2EEE816E BaseClass: NativeClass:/Script/Engine.VolumetricCloud Name:VolumetricCloud_UAID_D85ED303482D806801_1237667515 Label:VolumetricCloud SpatiallyLoaded:0 Bounds:IsValid=true, Min=(X=0.000 Y=0.000 Z=820.000), Max=(X=0.000 Y=0.000 Z=820.000) RuntimeGrid:None EditorOnly:0 RuntimeOnly:0 HLODRelevant:0 FolderPath:Lighting FolderGuid:828D6E77461DCFCE8367609D0F026E31
 |   |   |- [+] [ 13]
 |   |   |   |- Guid:F6E5C3E9473EFDC06BABE19837ECCFBB BaseClass: NativeClass:/Script/Engine.StaticMeshActor Name:StaticMeshActor_UAID_D85ED303482D826801_1617811894 Label:SM_R_Rock_03 SpatiallyLoaded:1 Bounds:IsValid=true, Min=(X=-7320.608 Y=-1144.973 Z=1254.204), Max=(X=-1821.660 Y=3644.143 Z=4931.334) RuntimeGrid:None EditorOnly:0 RuntimeOnly:0 HLODRelevant:1 FolderPath:Island FolderGuid:04FE987C4952A58D4CF963BDABD789F7
 |   |   |- [+] [ 14]
 |   |   |   |- Guid:1B039CD749A16C6D673EA68AA75A7281 BaseClass: NativeClass:/Script/Engine.StaticMeshActor Name:StaticMeshActor_UAID_D85ED303482D806801_2102448524 Label:SM_S_Rock_9 SpatiallyLoaded:1 Bounds:IsValid=true, Min=(X=-6324.289 Y=-4778.295 Z=-935.232), Max=(X=-2549.541 Y=-400.125 Z=4268.831) RuntimeGrid:None EditorOnly:0 RuntimeOnly:0 HLODRelevant:1 FolderPath:Island FolderGuid:04FE987C4952A58D4CF963BDABD789F7
 |   |   |- [+] [ 15]
 |   |   |   |- Guid:79639CD14D23309D38B097B3C1E6A8E8 BaseClass: NativeClass:/Script/Engine.StaticMeshActor Name:StaticMeshActor_UAID_D85ED303482D826801_1972131897 Label:SM_S_Rock_12 SpatiallyLoaded:1 Bounds:IsValid=true, Min=(X=-7149.113 Y=-3249.635 Z=-1119.093), Max=(X=-3050.578 Y=-101.522 Z=4185.094) RuntimeGrid:None EditorOnly:0 RuntimeOnly:0 HLODRelevant:1 FolderPath:Island FolderGuid:04FE987C4952A58D4CF963BDABD789F7
 |   |   |- [+] [ 16]
 |   |   |   |- Guid:3474C3964A6BE083CD4C619B31B6A376 BaseClass: NativeClass:/Script/Engine.StaticMeshActor Name:StaticMeshActor_UAID_D85ED303482D806801_2018626521 Label:SM_S_Rock_08 SpatiallyLoaded:1 Bounds:IsValid=true, Min=(X=-4495.831 Y=-2831.108 Z=-704.379), Max=(X=-1382.404 Y=317.004 Z=4019.347) RuntimeGrid:None EditorOnly:0 RuntimeOnly:0 HLODRelevant:1 FolderPath:Island FolderGuid:04FE987C4952A58D4CF963BDABD789F7
 |   |   |- [+] [ 17]
 |   |   |   |- Guid:D741B8AD442AAE71B734AEB2F96F59CE BaseClass: NativeClass:/Script/Engine.StaticMeshActor Name:StaticMeshActor_UAID_D85ED303482D806801_2076386523 Label:SM_S_Rock_07 SpatiallyLoaded:1 Bounds:IsValid=true, Min=(X=-5680.505 Y=-4380.104 Z=316.963), Max=(X=-1620.553 Y=-2107.215 Z=4121.406) RuntimeGrid:None EditorOnly:0 RuntimeOnly:0 HLODRelevant:1 FolderPath:Island FolderGuid:04FE987C4952A58D4CF963BDABD789F7
 |   |   |- [+] [ 18]
 |   |   |   |- Guid:C7647CD24350917308010C885C8654E8 BaseClass: NativeClass:/Script/Engine.StaticMeshActor Name:StaticMeshActor_UAID_D85ED303482D826801_1719782895 Label:SM_R_Rock_6 SpatiallyLoaded:1 Bounds:IsValid=true, Min=(X=-6910.336 Y=-1111.721 Z=-1620.886), Max=(X=-2030.219 Y=3304.678 Z=4008.026) RuntimeGrid:None EditorOnly:0 RuntimeOnly:0 HLODRelevant:1 FolderPath:Island FolderGuid:04FE987C4952A58D4CF963BDABD789F7
 |   |   |- [+] [ 19]
 |   |   |   |- Guid:1974A1D847F7EBC861A37C99A9BF3754 BaseClass: NativeClass:/Script/Engine.SkyLight Name:SkyLight_UAID_D85ED303482D806801_1237668517 Label:SkyLight SpatiallyLoaded:0 Bounds:IsValid=true, Min=(X=0.000 Y=0.000 Z=690.000), Max=(X=0.000 Y=0.000 Z=690.000) RuntimeGrid:None EditorOnly:0 RuntimeOnly:0 HLODRelevant:0 FolderPath:Lighting FolderGuid:828D6E77461DCFCE8367609D0F026E31
 |   |   |- [+] [ 20]
 |   |   |   |- Guid:A08A98CA4FD3258F3F018390023D823E BaseClass: NativeClass:/Script/Engine.ExponentialHeightFog Name:ExponentialHeightFog_UAID_D85ED303482D806801_1237666514 Label:ExponentialHeightFog SpatiallyLoaded:0 Bounds:IsValid=true, Min=(X=-10.000 Y=-10.000 Z=590.000), Max=(X=-10.000 Y=-10.000 Z=590.000) RuntimeGrid:None EditorOnly:0 RuntimeOnly:0 HLODRelevant:0 FolderPath:Lighting FolderGuid:828D6E77461DCFCE8367609D0F026E31
 |   |   |- [+] [ 21]
 |   |   |   |- Guid:9537AD6549A5ED3B03C3DF93E239B912 BaseClass: NativeClass:/Script/Landscape.Landscape Name:Landscape_UAID_D85ED303482D856801_1084456399 Label:Landscape SpatiallyLoaded:0 Bounds:IsValid=true, Min=(X=-9743.404 Y=-7263.427 Z=4168.569), Max=(X=-9743.404 Y=-7263.427 Z=4168.569) RuntimeGrid:None EditorOnly:0 RuntimeOnly:0 HLODRelevant:0
 |   |   |- [+] [ 22]
 |   |   |   |- Guid:EAF6EEEB4A55156130C829A0036E47DC BaseClass: NativeClass:/Script/Engine.DirectionalLight Name:DirectionalLight_UAID_D85ED303482D806801_1237668516 Label:DirectionalLight SpatiallyLoaded:0 Bounds:IsValid=true, Min=(X=-4398046511104.000 Y=-4398046511104.000 Z=-4398046511104.000), Max=(X=4398046511104.000 Y=4398046511104.000 Z=4398046511104.000) RuntimeGrid:None EditorOnly:0 RuntimeOnly:0 HLODRelevant:0 FolderPath:Lighting FolderGuid:828D6E77461DCFCE8367609D0F026E31
 |   |   |- [+] [ 23]
 |   |   |   |- Guid:45E640144BC7FDFF99DF64AE5FEACE12 BaseClass: NativeClass:/Script/Engine.StaticMeshActor Name:StaticMeshActor_UAID_D85ED303482D816801_1993857709 Label:SM_S_Rock_03 SpatiallyLoaded:1 Bounds:IsValid=true, Min=(X=-7873.612 Y=-2639.389 Z=-273.684), Max=(X=-3740.132 Y=1396.968 Z=4114.615) RuntimeGrid:None EditorOnly:0 RuntimeOnly:0 HLODRelevant:1 FolderPath:Island FolderGuid:04FE987C4952A58D4CF963BDABD789F7
 |   |   |- [+] [ 24]
 |   |   |   |- Guid:2EF7F8D54F8E72B90C2A4C9D532CC431 BaseClass: NativeClass:/Script/Engine.StaticMeshActor Name:StaticMeshActor_UAID_D85ED303482D806801_1237669519 Label:SM_SkySphere SpatiallyLoaded:0 Bounds:IsValid=true, Min=(X=-1638400.000 Y=-1638400.000 Z=-1638400.000), Max=(X=1638400.000 Y=1638400.000 Z=1638400.000) RuntimeGrid:None EditorOnly:0 RuntimeOnly:0 HLODRelevant:1 FolderPath:Lighting FolderGuid:828D6E77461DCFCE8367609D0F026E31
 |   |   |- [+] [ 25]
 |   |   |   |- Guid:8BDB3CF043E1CCE28A8084B6BDF7CA25 BaseClass: NativeClass:/Script/Engine.StaticMeshActor Name:StaticMeshActor_UAID_D85ED303482D836801_1871558041 Label:SM_S_Rock_06 SpatiallyLoaded:1 Bounds:IsValid=true, Min=(X=-6916.653 Y=-3638.442 Z=-1445.718), Max=(X=-2652.306 Y=671.669 Z=886.855) RuntimeGrid:None EditorOnly:0 RuntimeOnly:0 HLODRelevant:1 FolderPath:Island FolderGuid:04FE987C4952A58D4CF963BDABD789F7
 |   |   |- [+] [ 26]
 |   |   |   |- Guid:B53D9CC84027DAC95804FFBB9E8BC8FF BaseClass: NativeClass:/Script/Engine.StaticMeshActor Name:StaticMeshActor_UAID_D85ED303482D836801_1924410042 Label:SM_S_Rock_2 SpatiallyLoaded:1 Bounds:IsValid=true, Min=(X=-5472.246 Y=-2491.378 Z=1186.966), Max=(X=-1983.259 Y=1668.808 Z=4107.658) RuntimeGrid:None EditorOnly:0 RuntimeOnly:0 HLODRelevant:1 FolderPath:Island FolderGuid:04FE987C4952A58D4CF963BDABD789F7
 |   |   |- [+] [ 27]
 |   |   |   |- Guid:5A727FF141AE8C9DB5FE1AB02742BA08 BaseClass: NativeClass:/Script/Engine.StaticMeshActor Name:StaticMeshActor_UAID_D85ED303482D846801_1156306219 Label:SM_S_Rock_3 SpatiallyLoaded:1 Bounds:IsValid=true, Min=(X=-6654.388 Y=-3694.717 Z=1220.526), Max=(X=-2301.154 Y=860.186 Z=4141.217) RuntimeGrid:None EditorOnly:0 RuntimeOnly:0 HLODRelevant:1 FolderPath:Island FolderGuid:04FE987C4952A58D4CF963BDABD789F7
 |   |   |- [+] [ 28]
 |   |   |   |- Guid:D682B11648972848A902B19D6C1A9372 BaseClass:/Game/FirstPerson/Blueprints/Collectibles/Coins/Coin_BP.Coin_BP_C NativeClass:/Script/Engine.Actor Name:Coin_BP_C_UAID_D85ED303482D8D6801_1236221812 Label:Coin_BP SpatiallyLoaded:1 Bounds:IsValid=true, Min=(X=-4398.411 Y=-2243.591 Z=4236.616), Max=(X=-4334.411 Y=-2179.591 Z=4300.616) RuntimeGrid:None EditorOnly:0 RuntimeOnly:0 HLODRelevant:0
 |   |   |- [+] [ 29]
 |   |   |   |- Guid:0A328CF84B7E0BEF4F8C5BA2621F1A42 BaseClass:/Game/FirstPerson/Blueprints/Collectibles/Coins/Coin_BP.Coin_BP_C NativeClass:/Script/Engine.Actor Name:Coin_BP_C_UAID_D85ED303482D8D6801_1352205813 Label:Coin_BP2 SpatiallyLoaded:1 Bounds:IsValid=true, Min=(X=-4302.188 Y=-2243.591 Z=4236.616), Max=(X=-4238.188 Y=-2179.591 Z=4300.616) RuntimeGrid:None EditorOnly:0 RuntimeOnly:0 HLODRelevant:0
 |   |   |- [+] [ 30]
 |   |   |   |- Guid:4960C0204AC6415FC9155B9A0E435CCC BaseClass:/Game/FirstPerson/Blueprints/Collectibles/Coins/Coin_BP.Coin_BP_C NativeClass:/Script/Engine.Actor Name:Coin_BP_C_UAID_D85ED303482D8D6801_1377535814 Label:Coin_BP3 SpatiallyLoaded:1 Bounds:IsValid=true, Min=(X=-4206.148 Y=-2243.591 Z=4236.616), Max=(X=-4142.148 Y=-2179.591 Z=4300.616) RuntimeGrid:None EditorOnly:0 RuntimeOnly:0 HLODRelevant:0
 |   |   |- [+] [ 31]
 |   |   |   |- Guid:1EF93CC14CAFA1FA7D7C0DBDC058A295 BaseClass:/Game/FirstPerson/Blueprints/Collectibles/Coins/Coin_BP.Coin_BP_C NativeClass:/Script/Engine.Actor Name:Coin_BP_C_UAID_D85ED303482D8D6801_1381205815 Label:Coin_BP4 SpatiallyLoaded:1 Bounds:IsValid=true, Min=(X=-4109.116 Y=-2243.591 Z=4236.616), Max=(X=-4045.116 Y=-2179.591 Z=4300.616) RuntimeGrid:None EditorOnly:0 RuntimeOnly:0 HLODRelevant:0
 |   |   |- [+] [ 32]
 |   |   |   |- Guid:084BB30C42A1B4362467CBA43E473E8E BaseClass:/Game/FirstPerson/Blueprints/Collectibles/Coins/Coin_BP.Coin_BP_C NativeClass:/Script/Engine.Actor Name:Coin_BP_C_UAID_D85ED303482D8D6801_1382984816 Label:Coin_BP5 SpatiallyLoaded:1 Bounds:IsValid=true, Min=(X=-4011.966 Y=-2243.591 Z=4236.616), Max=(X=-3947.966 Y=-2179.591 Z=4300.616) RuntimeGrid:None EditorOnly:0 RuntimeOnly:0 HLODRelevant:0
 |   |   |- [+] [ 33]
 |   |   |   |- Guid:FFF07DD944A72D81549DFDBFDA287A2C BaseClass:/Game/FirstPerson/Blueprints/Collectibles/Coins/Coin_BP.Coin_BP_C NativeClass:/Script/Engine.Actor Name:Coin_BP_C_UAID_D85ED303482D8D6801_1398843817 Label:Coin_BP6 SpatiallyLoaded:1 Bounds:IsValid=true, Min=(X=-3920.421 Y=-2243.591 Z=4236.616), Max=(X=-3856.421 Y=-2179.591 Z=4300.616) RuntimeGrid:None EditorOnly:0 RuntimeOnly:0 HLODRelevant:0
 |   |   |- [+] [ 34]
 |   |   |   |- Guid:2349726C43400AA92E3731B26E3FA039 BaseClass:/Game/FirstPerson/Blueprints/Collectibles/Coins/Coin_BP.Coin_BP_C NativeClass:/Script/Engine.Actor Name:Coin_BP_C_UAID_D85ED303482D8D6801_1517023818 Label:Coin_BP7 SpatiallyLoaded:1 Bounds:IsValid=true, Min=(X=-4398.411 Y=-1990.395 Z=4236.616), Max=(X=-4334.411 Y=-1926.395 Z=4300.616) RuntimeGrid:None EditorOnly:0 RuntimeOnly:0 HLODRelevant:0
 |   |   |- [+] [ 35]
 |   |   |   |- Guid:417B0613418CD026F580EAA96BFFB862 BaseClass:/Game/FirstPerson/Blueprints/Collectibles/Coins/Coin_BP.Coin_BP_C NativeClass:/Script/Engine.Actor Name:Coin_BP_C_UAID_D85ED303482D8D6801_1517025819 Label:Coin_BP8 SpatiallyLoaded:1 Bounds:IsValid=true, Min=(X=-4302.188 Y=-1990.395 Z=4236.616), Max=(X=-4238.188 Y=-1926.395 Z=4300.616) RuntimeGrid:None EditorOnly:0 RuntimeOnly:0 HLODRelevant:0
 |   |   |- [+] [ 36]
 |   |   |   |- Guid:2EE7361342857FC456FAEEB0F6FCE686 BaseClass:/Game/FirstPerson/Blueprints/Collectibles/Coins/Coin_BP.Coin_BP_C NativeClass:/Script/Engine.Actor Name:Coin_BP_C_UAID_D85ED303482D8D6801_1517026820 Label:Coin_BP9 SpatiallyLoaded:1 Bounds:IsValid=true, Min=(X=-4206.148 Y=-1990.395 Z=4236.616), Max=(X=-4142.148 Y=-1926.395 Z=4300.616) RuntimeGrid:None EditorOnly:0 RuntimeOnly:0 HLODRelevant:0
 |   |   |- [+] [ 37]
 |   |   |   |- Guid:2E6FB410496A83ABF08DDDB12949EE09 BaseClass:/Game/FirstPerson/Blueprints/Collectibles/Coins/Coin_BP.Coin_BP_C NativeClass:/Script/Engine.Actor Name:Coin_BP_C_UAID_D85ED303482D8D6801_1517027821 Label:Coin_BP10 SpatiallyLoaded:1 Bounds:IsValid=true, Min=(X=-4109.116 Y=-1990.395 Z=4236.616), Max=(X=-4045.116 Y=-1926.395 Z=4300.616) RuntimeGrid:None EditorOnly:0 RuntimeOnly:0 HLODRelevant:0
 |   |   |- [+] [ 38]
 |   |   |   |- Guid:6033A8DA415E2A9FF2E242946E878211 BaseClass:/Game/FirstPerson/Blueprints/Collectibles/Coins/Coin_BP.Coin_BP_C NativeClass:/Script/Engine.Actor Name:Coin_BP_C_UAID_D85ED303482D8D6801_1517028822 Label:Coin_BP11 SpatiallyLoaded:1 Bounds:IsValid=true, Min=(X=-4011.966 Y=-1990.395 Z=4236.616), Max=(X=-3947.966 Y=-1926.395 Z=4300.616) RuntimeGrid:None EditorOnly:0 RuntimeOnly:0 HLODRelevant:0
 |   |   |- [+] [ 39]
 |   |   |   |- Guid:5F7509A14CF262FF02A0F6B110FB92DF BaseClass:/Game/FirstPerson/Blueprints/Collectibles/Coins/Coin_BP.Coin_BP_C NativeClass:/Script/Engine.Actor Name:Coin_BP_C_UAID_D85ED303482D8D6801_1517029823 Label:Coin_BP12 SpatiallyLoaded:1 Bounds:IsValid=true, Min=(X=-3920.421 Y=-1990.395 Z=4236.616), Max=(X=-3856.421 Y=-1926.395 Z=4300.616) RuntimeGrid:None EditorOnly:0 RuntimeOnly:0 HLODRelevant:0
 |   |   |- [+] [ 40]
 |   |   |   |- Guid:B7D197714B1C4A5FA497E1A46E9FAF4F BaseClass:/Game/FirstPerson/Blueprints/Collectibles/Gems/Gem_BP.Gem_BP_C NativeClass:/Script/Engine.Actor Name:Gem_BP_C_UAID_D85ED303482D8E6801_1324433001 Label:Gem_BP SpatiallyLoaded:1 Bounds:IsValid=true, Min=(X=-3731.915 Y=-1670.418 Z=4219.542), Max=(X=-3651.994 Y=-1590.498 Z=4299.463) RuntimeGrid:None EditorOnly:0 RuntimeOnly:0 HLODRelevant:0
 |   |   |- [+] [ 41]
 |   |   |   |- Guid:9F3588BB4856FF2EAEB1E2B9C8C1FBB7 BaseClass:/Game/FirstPerson/Blueprints/Collectibles/Gems/Gem_BP.Gem_BP_C NativeClass:/Script/Engine.Actor Name:Gem_BP_C_UAID_D85ED303482D8F6801_1302702178 Label:Gem_BP2 SpatiallyLoaded:1 Bounds:IsValid=true, Min=(X=-3731.915 Y=-1541.031 Z=4219.542), Max=(X=-3651.994 Y=-1461.111 Z=4299.463) RuntimeGrid:None EditorOnly:0 RuntimeOnly:0 HLODRelevant:0
 |   |   |- [+] [ 42]
 |   |   |   |- Guid:6503C848464BC8C99F99019E1EB225EE BaseClass:/Game/FirstPerson/Blueprints/Collectibles/Gems/Gem_BP.Gem_BP_C NativeClass:/Script/Engine.Actor Name:Gem_BP_C_UAID_D85ED303482D8F6801_1305023179 Label:Gem_BP3 SpatiallyLoaded:1 Bounds:IsValid=true, Min=(X=-3731.915 Y=-1415.830 Z=4219.542), Max=(X=-3651.994 Y=-1335.910 Z=4299.463) RuntimeGrid:None EditorOnly:0 RuntimeOnly:0 HLODRelevant:0
 |- ContainerInstances:
 |- [+] MainContainer:
 |   |-        ID: 0x0000000000000000
 |   |-    Bounds: IsValid=true, Min=(X=-9743.404 Y=-7263.427 Z=-3291.988), Max=(X=2856.596 Y=5336.573 Z=4931.334)
 |   |- Transform: 0.000000,0.000000,0.000000|0.000000,0.000000,-0.000000|1.000000,1.000000,1.000000
 |   |- Container: /Game/FirstPerson/Maps/FloatingIslands
----------------------------------------------------------------------------------------------------------------
FloatingIslands - Persistent Level
----------------------------------------------------------------------------------------------------------------
Always loaded Actor Count: 69 

----------------------------------------------------------------------------------------------------------------
FloatingIslands - Runtime Spatial Hash - Streaming Grid - MainGrid
----------------------------------------------------------------------------------------------------------------
            Origin: X=0.000 Y=0.000 Z=0.000
         Cell Size: 12800
      World Bounds: IsValid=true, Min=(X=-9743.404 Y=-7263.427 Z=-3291.988), Max=(X=2856.596 Y=5336.573 Z=4931.334)
     Loading Range: 25600.00
Block Slow Loading: No
 ClientOnlyVisible: No

[+] Grid Levels: 2
 |- Level  0: Cell Count    1 | Cell Size   12800 | Actor Count   20 (100.0%)
 |- Level  1: Cell Count    0 | Cell Size   25600 | Actor Count    0 (0.0%)

[+] Content of Grid Level 0
 |- [+] Content of Cell MainGrid_L0_X-1_Y-1
 |   |- Actor Count: 20
 |   |- MinMaxZ: X=-1119.093 Y=4625.730
 |   |- Actor Path: /Game/FirstPerson/Maps/FloatingIslands.FloatingIslands:PersistentLevel.StaticMeshActor_UAID_D85ED303482D826801_1372594890
 |   |- Actor Package: /Game/__ExternalActors__/FirstPerson/Maps/FloatingIslands/5/1J/DZKH2MPM3H90JB4WT30O8A
 |   |- Actor Path: /Game/FirstPerson/Maps/FloatingIslands.FloatingIslands:PersistentLevel.LandscapeStreamingProxy_8UWVG117R7KAU1JAPP2CNK8K1_126_0_0_0
 |   |- Actor Package: /Game/__ExternalActors__/FirstPerson/Maps/FloatingIslands/0/JY/S8CZGV1IYYZIVIIJ9B6WU8
 |   |- Actor Path: /Game/FirstPerson/Maps/FloatingIslands.FloatingIslands:PersistentLevel.StaticMeshActor_UAID_D85ED303482D806801_2102448524
 |   |- Actor Package: /Game/__ExternalActors__/FirstPerson/Maps/FloatingIslands/8/B5/7C82WQBQYV2NMNA1M5PX71
 |   |- Actor Path: /Game/FirstPerson/Maps/FloatingIslands.FloatingIslands:PersistentLevel.StaticMeshActor_UAID_D85ED303482D826801_1972131897
 |   |- Actor Package: /Game/__ExternalActors__/FirstPerson/Maps/FloatingIslands/9/75/LZIIJP9M0YZJ9ABFNQC3H4
 |   |- Actor Path: /Game/FirstPerson/Maps/FloatingIslands.FloatingIslands:PersistentLevel.StaticMeshActor_UAID_D85ED303482D806801_2076386523
 |   |- Actor Package: /Game/__ExternalActors__/FirstPerson/Maps/FloatingIslands/B/E0/NQCHYZANEKBIIL378DKFAS
 |   |- Actor Path: /Game/FirstPerson/Maps/FloatingIslands.FloatingIslands:PersistentLevel.Coin_BP_C_UAID_D85ED303482D8D6801_1236221812
 |   |- Actor Package: /Game/__ExternalActors__/FirstPerson/Maps/FloatingIslands/A/I5/81C426YP2LDFC146995UI9
 |   |- Actor Path: /Game/FirstPerson/Maps/FloatingIslands.FloatingIslands:PersistentLevel.Coin_BP_C_UAID_D85ED303482D8D6801_1352205813
 |   |- Actor Package: /Game/__ExternalActors__/FirstPerson/Maps/FloatingIslands/5/QT/V5FFM2XXOXZLYQWU46V50O
 |   |- Actor Path: /Game/FirstPerson/Maps/FloatingIslands.FloatingIslands:PersistentLevel.Coin_BP_C_UAID_D85ED303482D8D6801_1377535814
 |   |- Actor Package: /Game/__ExternalActors__/FirstPerson/Maps/FloatingIslands/0/2E/0RQ8EWGGGCQXVD3KW70Z1B
 |   |- Actor Path: /Game/FirstPerson/Maps/FloatingIslands.FloatingIslands:PersistentLevel.Coin_BP_C_UAID_D85ED303482D8D6801_1381205815
 |   |- Actor Package: /Game/__ExternalActors__/FirstPerson/Maps/FloatingIslands/5/E0/G1WF5LSLZYX9E58FGKUTKJ
 |   |- Actor Path: /Game/FirstPerson/Maps/FloatingIslands.FloatingIslands:PersistentLevel.Coin_BP_C_UAID_D85ED303482D8D6801_1382984816
 |   |- Actor Package: /Game/__ExternalActors__/FirstPerson/Maps/FloatingIslands/A/FS/SJ35AG0R7HEMFQJ3YYQI65
 |   |- Actor Path: /Game/FirstPerson/Maps/FloatingIslands.FloatingIslands:PersistentLevel.Coin_BP_C_UAID_D85ED303482D8D6801_1398843817
 |   |- Actor Package: /Game/__ExternalActors__/FirstPerson/Maps/FloatingIslands/4/3D/K941YMYXYRHJNBC60W0M7P
 |   |- Actor Path: /Game/FirstPerson/Maps/FloatingIslands.FloatingIslands:PersistentLevel.Coin_BP_C_UAID_D85ED303482D8D6801_1517023818
 |   |- Actor Package: /Game/__ExternalActors__/FirstPerson/Maps/FloatingIslands/A/8X/9VEFXF3QL1L02S5YJ6N3DN
 |   |- Actor Path: /Game/FirstPerson/Maps/FloatingIslands.FloatingIslands:PersistentLevel.Coin_BP_C_UAID_D85ED303482D8D6801_1517025819
 |   |- Actor Package: /Game/__ExternalActors__/FirstPerson/Maps/FloatingIslands/B/1Y/AH4NWLB57F4PC66FJP3E8E
 |   |- Actor Path: /Game/FirstPerson/Maps/FloatingIslands.FloatingIslands:PersistentLevel.Coin_BP_C_UAID_D85ED303482D8D6801_1517026820
 |   |- Actor Package: /Game/__ExternalActors__/FirstPerson/Maps/FloatingIslands/E/ZE/CDZLLTQ0F4MGKJP8812B7Q
 |   |- Actor Path: /Game/FirstPerson/Maps/FloatingIslands.FloatingIslands:PersistentLevel.Coin_BP_C_UAID_D85ED303482D8D6801_1517027821
 |   |- Actor Package: /Game/__ExternalActors__/FirstPerson/Maps/FloatingIslands/9/J5/Y45UJWYOKE7QGPUUWF503L
 |   |- Actor Path: /Game/FirstPerson/Maps/FloatingIslands.FloatingIslands:PersistentLevel.Coin_BP_C_UAID_D85ED303482D8D6801_1517028822
 |   |- Actor Package: /Game/__ExternalActors__/FirstPerson/Maps/FloatingIslands/7/IB/USL9ZATSWJT8J2OXKMXVNI
 |   |- Actor Path: /Game/FirstPerson/Maps/FloatingIslands.FloatingIslands:PersistentLevel.Coin_BP_C_UAID_D85ED303482D8D6801_1517029823
 |   |- Actor Package: /Game/__ExternalActors__/FirstPerson/Maps/FloatingIslands/9/V9/ELW5JS5Z5N69CSJ108VJ8W
 |   |- Actor Path: /Game/FirstPerson/Maps/FloatingIslands.FloatingIslands:PersistentLevel.Gem_BP_C_UAID_D85ED303482D8E6801_1324433001
 |   |- Actor Package: /Game/__ExternalActors__/FirstPerson/Maps/FloatingIslands/1/7D/8QQSUBAQYLYJUTT3XR8RKM
 |   |- Actor Path: /Game/FirstPerson/Maps/FloatingIslands.FloatingIslands:PersistentLevel.Gem_BP_C_UAID_D85ED303482D8F6801_1302702178
 |   |- Actor Package: /Game/__ExternalActors__/FirstPerson/Maps/FloatingIslands/D/5H/NTP6F667YD15L0WTVSRESZ
 |   |- Actor Path: /Game/FirstPerson/Maps/FloatingIslands.FloatingIslands:PersistentLevel.Gem_BP_C_UAID_D85ED303482D8F6801_1305023179
 |   |- Actor Package: /Game/__ExternalActors__/FirstPerson/Maps/FloatingIslands/5/8U/ID15SCCDIM4OKUKKE6XECU
[+] Content of Grid Level 1

