[+] Containers:
 |- [+] Container: /Game/FirstPerson/Maps/FloatingIslands
 |   |- [+] ActorDescs:
 |   |   |- Guid:07FCB4A44D0734A4F83E60856EAABB50 BaseClass: NativeClass:/Script/Engine.StaticMeshActor Name:StaticMeshActor_UAID_D85ED303482D826801_1094392887 Label:SM_S_Rock_8 SpatiallyLoaded:1 Bounds:IsValid=true, Min=(X=-3381.494 Y=1353.070 Z=-3588.444), Max=(X=36.834 Y=4286.515 Z=116.640) RuntimeGrid:None EditorOnly:0 RuntimeOnly:0 HLODRelevant:1 Parent:EC7139124D6FE67DDC3DD0B01A3E436C FolderPath:Island 1 FolderGuid:3E9E6DA64E51A94E1211DC915E04DC9B
 |   |   |- Guid:1974A1D847F7EBC861A37C99A9BF3754 BaseClass: NativeClass:/Script/Engine.SkyLight Name:SkyLight_UAID_D85ED303482D806801_1237668517 Label:SkyLight SpatiallyLoaded:0 Bounds:IsValid=true, Min=(X=0.000 Y=0.000 Z=690.000), Max=(X=0.000 Y=0.000 Z=690.000) RuntimeGrid:None EditorOnly:0 RuntimeOnly:0 HLODRelevant:0 FolderPath:Lighting FolderGuid:828D6E77461DCFCE8367609D0F026E31
 |   |   |- Guid:1B039CD749A16C6D673EA68AA75A7281 BaseClass: NativeClass:/Script/Engine.StaticMeshActor Name:StaticMeshActor_UAID_D85ED303482D806801_2102448524 Label:SM_S_Rock_9 SpatiallyLoaded:1 Bounds:IsValid=true, Min=(X=-2864.773 Y=-610.133 Z=-3227.026), Max=(X=-589.194 Y=2126.223 Z=72.547) RuntimeGrid:None EditorOnly:0 RuntimeOnly:0 HLODRelevant:1 Parent:EC7139124D6FE67DDC3DD0B01A3E436C FolderPath:Island 1 FolderGuid:3E9E6DA64E51A94E1211DC915E04DC9B
 |   |   |- Guid:2C5E5B824F7856A20E390C9328B4A5C8 BaseClass: NativeClass:/Script/Engine.StaticMeshActor Name:StaticMeshActor_UAID_D85ED303482D806801_2140332525 Label:SM_R_Rock_05 SpatiallyLoaded:1 Bounds:IsValid=true, Min=(X=-2661.559 Y=278.599 Z=-4634.793), Max=(X=138.351 Y=2643.528 Z=-1082.039) RuntimeGrid:None EditorOnly:0 RuntimeOnly:0 HLODRelevant:1 Parent:EC7139124D6FE67DDC3DD0B01A3E436C FolderPath:Island 1 FolderGuid:3E9E6DA64E51A94E1211DC915E04DC9B
 |   |   |- Guid:2EF7F8D54F8E72B90C2A4C9D532CC431 BaseClass: NativeClass:/Script/Engine.StaticMeshActor Name:StaticMeshActor_UAID_D85ED303482D806801_1237669519 Label:SM_SkySphere SpatiallyLoaded:0 Bounds:IsValid=true, Min=(X=-1638400.000 Y=-1638400.000 Z=-1638400.000), Max=(X=1638400.000 Y=1638400.000 Z=1638400.000) RuntimeGrid:None EditorOnly:0 RuntimeOnly:0 HLODRelevant:1 FolderPath:Lighting FolderGuid:828D6E77461DCFCE8367609D0F026E31
 |   |   |- Guid:3474C3964A6BE083CD4C619B31B6A376 BaseClass: NativeClass:/Script/Engine.StaticMeshActor Name:StaticMeshActor_UAID_D85ED303482D806801_2018626521 Label:SM_S_Rock_08 SpatiallyLoaded:1 Bounds:IsValid=true, Min=(X=-1788.586 Y=578.650 Z=-3017.538), Max=(X=157.305 Y=2546.220 Z=-65.209) RuntimeGrid:None EditorOnly:0 RuntimeOnly:0 HLODRelevant:1 Parent:EC7139124D6FE67DDC3DD0B01A3E436C FolderPath:Island 1 FolderGuid:3E9E6DA64E51A94E1211DC915E04DC9B
 |   |   |- Guid:45E640144BC7FDFF99DF64AE5FEACE12 BaseClass: NativeClass:/Script/Engine.StaticMeshActor Name:StaticMeshActor_UAID_D85ED303482D816801_1993857709 Label:SM_S_Rock_03 SpatiallyLoaded:1 Bounds:IsValid=true, Min=(X=-3899.699 Y=698.475 Z=-2748.354), Max=(X=-1316.275 Y=3221.197 Z=-5.667) RuntimeGrid:None EditorOnly:0 RuntimeOnly:0 HLODRelevant:1 Parent:EC7139124D6FE67DDC3DD0B01A3E436C FolderPath:Island 1 FolderGuid:3E9E6DA64E51A94E1211DC915E04DC9B
 |   |   |- Guid:4E2EB4284C99CDA5EBA2FC8EDC87C5CD BaseClass: NativeClass:/Script/Engine.StaticMeshActor Name:StaticMeshActor_UAID_D85ED303482D816801_1911521707 Label:SM_S_Rock_04 SpatiallyLoaded:1 Bounds:IsValid=true, Min=(X=-2870.454 Y=800.296 Z=-3836.396), Max=(X=-1182.415 Y=2497.550 Z=-54.597) RuntimeGrid:None EditorOnly:0 RuntimeOnly:0 HLODRelevant:1 Parent:EC7139124D6FE67DDC3DD0B01A3E436C FolderPath:Island 1 FolderGuid:3E9E6DA64E51A94E1211DC915E04DC9B
 |   |   |- Guid:59440895482E6AE638DF35AE07A766A3 BaseClass: NativeClass:/Script/Engine.StaticMeshActor Name:StaticMeshActor_UAID_D85ED303482D816801_1827835706 Label:SM_S_Rock_10 SpatiallyLoaded:1 Bounds:IsValid=true, Min=(X=-2969.068 Y=636.922 Z=-3817.298), Max=(X=-536.703 Y=3399.268 Z=67.639) RuntimeGrid:None EditorOnly:0 RuntimeOnly:0 HLODRelevant:1 Parent:EC7139124D6FE67DDC3DD0B01A3E436C FolderPath:Island 1 FolderGuid:3E9E6DA64E51A94E1211DC915E04DC9B
 |   |   |- Guid:79639CD14D23309D38B097B3C1E6A8E8 BaseClass: NativeClass:/Script/Engine.StaticMeshActor Name:StaticMeshActor_UAID_D85ED303482D826801_1972131897 Label:SM_S_Rock_12 SpatiallyLoaded:1 Bounds:IsValid=true, Min=(X=-3446.888 Y=317.071 Z=-3276.734), Max=(X=-885.303 Y=2284.641 Z=38.383) RuntimeGrid:None EditorOnly:0 RuntimeOnly:0 HLODRelevant:1 Parent:EC7139124D6FE67DDC3DD0B01A3E436C FolderPath:Island 1 FolderGuid:3E9E6DA64E51A94E1211DC915E04DC9B
 |   |   |- Guid:7E0A17B04FE70B560C812DB1A43AEDCB BaseClass: NativeClass:/Script/Engine.StaticMeshActor Name:StaticMeshActor_UAID_D85ED303482D826801_1372594890 Label:SM_R_Rock_3 SpatiallyLoaded:1 Bounds:IsValid=true, Min=(X=-4053.041 Y=-224.794 Z=-1351.462), Max=(X=-1624.999 Y=2252.994 Z=313.780) RuntimeGrid:None EditorOnly:0 RuntimeOnly:0 HLODRelevant:1 Parent:EC7139124D6FE67DDC3DD0B01A3E436C FolderPath:Island 1 FolderGuid:3E9E6DA64E51A94E1211DC915E04DC9B
 |   |   |- Guid:8B31FFA542CEC97CC12B499C486937F5 BaseClass: NativeClass:/Script/Engine.SkyAtmosphere Name:SkyAtmosphere_UAID_D85ED303482D806801_1237669518 Label:SkyAtmosphere SpatiallyLoaded:0 Bounds:IsValid=true, Min=(X=0.000 Y=0.000 Z=1020.000), Max=(X=0.000 Y=0.000 Z=1020.000) RuntimeGrid:None EditorOnly:0 RuntimeOnly:0 HLODRelevant:0 FolderPath:Lighting FolderGuid:828D6E77461DCFCE8367609D0F026E31
 |   |   |- Guid:9ED485B84455DC46D24117AA0D50500B BaseClass: NativeClass:/Script/Engine.StaticMeshActor Name:StaticMeshActor_UAID_D85ED303482D826801_1807242896 Label:SM_S_Rock_4 SpatiallyLoaded:1 Bounds:IsValid=true, Min=(X=-2041.785 Y=1364.733 Z=-2060.205), Max=(X=780.300 Y=4010.582 Z=119.831) RuntimeGrid:None EditorOnly:0 RuntimeOnly:0 HLODRelevant:1 Parent:EC7139124D6FE67DDC3DD0B01A3E436C FolderPath:Island 1 FolderGuid:3E9E6DA64E51A94E1211DC915E04DC9B
 |   |   |- Guid:A08A98CA4FD3258F3F018390023D823E BaseClass: NativeClass:/Script/Engine.ExponentialHeightFog Name:ExponentialHeightFog_UAID_D85ED303482D806801_1237666514 Label:ExponentialHeightFog SpatiallyLoaded:0 Bounds:IsValid=true, Min=(X=-10.000 Y=-10.000 Z=590.000), Max=(X=-10.000 Y=-10.000 Z=590.000) RuntimeGrid:None EditorOnly:0 RuntimeOnly:0 HLODRelevant:0 FolderPath:Lighting FolderGuid:828D6E77461DCFCE8367609D0F026E31
 |   |   |- Guid:B32C7EF34F4E95941B6B6B8195FCB53C BaseClass: NativeClass:/Script/Engine.StaticMeshActor Name:StaticMeshActor_UAID_D85ED303482D826801_2013674898 Label:SM_S_Rock_01 SpatiallyLoaded:1 Bounds:IsValid=true, Min=(X=-1587.957 Y=201.424 Z=-1936.488), Max=(X=569.003 Y=2801.541 Z=-131.311) RuntimeGrid:None EditorOnly:0 RuntimeOnly:0 HLODRelevant:1 Parent:EC7139124D6FE67DDC3DD0B01A3E436C FolderPath:Island 1 FolderGuid:3E9E6DA64E51A94E1211DC915E04DC9B
 |   |   |- Guid:B7A741F143D3E06E982A00A25C23B2D7 BaseClass: NativeClass:/Script/Engine.WorldDataLayers Name:WorldDataLayers Label:WorldDataLayers SpatiallyLoaded:0 Bounds:IsValid=true, Min=(X=0.000 Y=0.000 Z=0.000), Max=(X=0.000 Y=0.000 Z=0.000) RuntimeGrid:None EditorOnly:0 RuntimeOnly:0 HLODRelevant:0
 |   |   |- Guid:C7647CD24350917308010C885C8654E8 BaseClass: NativeClass:/Script/Engine.StaticMeshActor Name:StaticMeshActor_UAID_D85ED303482D826801_1719782895 Label:SM_R_Rock_6 SpatiallyLoaded:1 Bounds:IsValid=true, Min=(X=-3297.652 Y=1653.267 Z=-3590.355), Max=(X=-247.579 Y=4413.517 Z=-72.285) RuntimeGrid:None EditorOnly:0 RuntimeOnly:0 HLODRelevant:1 Parent:EC7139124D6FE67DDC3DD0B01A3E436C FolderPath:Island 1 FolderGuid:3E9E6DA64E51A94E1211DC915E04DC9B
 |   |   |- Guid:D741B8AD442AAE71B734AEB2F96F59CE BaseClass: NativeClass:/Script/Engine.StaticMeshActor Name:StaticMeshActor_UAID_D85ED303482D806801_2076386523 Label:SM_S_Rock_07 SpatiallyLoaded:1 Bounds:IsValid=true, Min=(X=-2529.008 Y=-389.472 Z=-2379.199), Max=(X=8.462 Y=1031.083 Z=-1.422) RuntimeGrid:None EditorOnly:0 RuntimeOnly:0 HLODRelevant:1 Parent:EC7139124D6FE67DDC3DD0B01A3E436C FolderPath:Island 1 FolderGuid:3E9E6DA64E51A94E1211DC915E04DC9B
 |   |   |- Guid:E17A028A461DBFF6DCB0268A2EEE816E BaseClass: NativeClass:/Script/Engine.VolumetricCloud Name:VolumetricCloud_UAID_D85ED303482D806801_1237667515 Label:VolumetricCloud SpatiallyLoaded:0 Bounds:IsValid=true, Min=(X=0.000 Y=0.000 Z=820.000), Max=(X=0.000 Y=0.000 Z=820.000) RuntimeGrid:None EditorOnly:0 RuntimeOnly:0 HLODRelevant:0 FolderPath:Lighting FolderGuid:828D6E77461DCFCE8367609D0F026E31
 |   |   |- Guid:EAF6EEEB4A55156130C829A0036E47DC BaseClass: NativeClass:/Script/Engine.DirectionalLight Name:DirectionalLight_UAID_D85ED303482D806801_1237668516 Label:DirectionalLight SpatiallyLoaded:0 Bounds:IsValid=true, Min=(X=-4398046511104.000 Y=-4398046511104.000 Z=-4398046511104.000), Max=(X=4398046511104.000 Y=4398046511104.000 Z=4398046511104.000) RuntimeGrid:None EditorOnly:0 RuntimeOnly:0 HLODRelevant:0 FolderPath:Lighting FolderGuid:828D6E77461DCFCE8367609D0F026E31
 |   |   |- Guid:EC7139124D6FE67DDC3DD0B01A3E436C BaseClass: NativeClass:/Script/Engine.StaticMeshActor Name:StaticMeshActor_UAID_D85ED303482D836801_1553388040 Label:Sphere SpatiallyLoaded:1 Bounds:IsValid=true, Min=(X=478.346 Y=-2635.077 Z=469.052), Max=(X=978.346 Y=-2135.077 Z=969.052) RuntimeGrid:None EditorOnly:0 RuntimeOnly:0 HLODRelevant:1
 |   |   |- Guid:EE46051F4473B5BB7002C4BD9A3358AE BaseClass: NativeClass:/Script/Engine.PostProcessVolume Name:PostProcessVolume_UAID_D85ED303482D806801_1237670520 Label:PostProcessVolume SpatiallyLoaded:0 Bounds:IsValid=true, Min=(X=0.000 Y=0.000 Z=400.000), Max=(X=200.000 Y=200.000 Z=600.000) RuntimeGrid:None EditorOnly:0 RuntimeOnly:0 HLODRelevant:0 FolderPath:Lighting FolderGuid:828D6E77461DCFCE8367609D0F026E31
 |   |   |- Guid:F6E5C3E9473EFDC06BABE19837ECCFBB BaseClass: NativeClass:/Script/Engine.StaticMeshActor Name:StaticMeshActor_UAID_D85ED303482D826801_1617811894 Label:SM_R_Rock_03 SpatiallyLoaded:1 Bounds:IsValid=true, Min=(X=-3554.072 Y=1632.484 Z=-1793.423), Max=(X=-117.229 Y=4625.682 Z=504.783) RuntimeGrid:None EditorOnly:0 RuntimeOnly:0 HLODRelevant:1 Parent:EC7139124D6FE67DDC3DD0B01A3E436C FolderPath:Island 1 FolderGuid:3E9E6DA64E51A94E1211DC915E04DC9B
 |   |   |- Guid:FA4D0D094E59637E52467C9BDC639EB5 BaseClass: NativeClass:/Script/Engine.StaticMeshActor Name:StaticMeshActor_UAID_D85ED303482D826801_1560038893 Label:SM_R_Rock_2 SpatiallyLoaded:1 Bounds:IsValid=true, Min=(X=-4283.046 Y=442.185 Z=-1838.662), Max=(X=-1471.476 Y=3409.790 Z=316.055) RuntimeGrid:None EditorOnly:0 RuntimeOnly:0 HLODRelevant:1 Parent:EC7139124D6FE67DDC3DD0B01A3E436C FolderPath:Island 1 FolderGuid:3E9E6DA64E51A94E1211DC915E04DC9B
 |   |- [+] Clusters:
 |   |   |- [+] [  0]
 |   |   |   |- Guid:B7A741F143D3E06E982A00A25C23B2D7 BaseClass: NativeClass:/Script/Engine.WorldDataLayers Name:WorldDataLayers Label:WorldDataLayers SpatiallyLoaded:0 Bounds:IsValid=true, Min=(X=0.000 Y=0.000 Z=0.000), Max=(X=0.000 Y=0.000 Z=0.000) RuntimeGrid:None EditorOnly:0 RuntimeOnly:0 HLODRelevant:0
 |   |   |- [+] [  1]
 |   |   |   |- Guid:8B31FFA542CEC97CC12B499C486937F5 BaseClass: NativeClass:/Script/Engine.SkyAtmosphere Name:SkyAtmosphere_UAID_D85ED303482D806801_1237669518 Label:SkyAtmosphere SpatiallyLoaded:0 Bounds:IsValid=true, Min=(X=0.000 Y=0.000 Z=1020.000), Max=(X=0.000 Y=0.000 Z=1020.000) RuntimeGrid:None EditorOnly:0 RuntimeOnly:0 HLODRelevant:0 FolderPath:Lighting FolderGuid:828D6E77461DCFCE8367609D0F026E31
 |   |   |- [+] [  2]
 |   |   |   |- Guid:EE46051F4473B5BB7002C4BD9A3358AE BaseClass: NativeClass:/Script/Engine.PostProcessVolume Name:PostProcessVolume_UAID_D85ED303482D806801_1237670520 Label:PostProcessVolume SpatiallyLoaded:0 Bounds:IsValid=true, Min=(X=0.000 Y=0.000 Z=400.000), Max=(X=200.000 Y=200.000 Z=600.000) RuntimeGrid:None EditorOnly:0 RuntimeOnly:0 HLODRelevant:0 FolderPath:Lighting FolderGuid:828D6E77461DCFCE8367609D0F026E31
 |   |   |- [+] [  3]
 |   |   |   |- Guid:2EF7F8D54F8E72B90C2A4C9D532CC431 BaseClass: NativeClass:/Script/Engine.StaticMeshActor Name:StaticMeshActor_UAID_D85ED303482D806801_1237669519 Label:SM_SkySphere SpatiallyLoaded:0 Bounds:IsValid=true, Min=(X=-1638400.000 Y=-1638400.000 Z=-1638400.000), Max=(X=1638400.000 Y=1638400.000 Z=1638400.000) RuntimeGrid:None EditorOnly:0 RuntimeOnly:0 HLODRelevant:1 FolderPath:Lighting FolderGuid:828D6E77461DCFCE8367609D0F026E31
 |   |   |- [+] [  4]
 |   |   |   |- Guid:E17A028A461DBFF6DCB0268A2EEE816E BaseClass: NativeClass:/Script/Engine.VolumetricCloud Name:VolumetricCloud_UAID_D85ED303482D806801_1237667515 Label:VolumetricCloud SpatiallyLoaded:0 Bounds:IsValid=true, Min=(X=0.000 Y=0.000 Z=820.000), Max=(X=0.000 Y=0.000 Z=820.000) RuntimeGrid:None EditorOnly:0 RuntimeOnly:0 HLODRelevant:0 FolderPath:Lighting FolderGuid:828D6E77461DCFCE8367609D0F026E31
 |   |   |- [+] [  5]
 |   |   |   |- Guid:1974A1D847F7EBC861A37C99A9BF3754 BaseClass: NativeClass:/Script/Engine.SkyLight Name:SkyLight_UAID_D85ED303482D806801_1237668517 Label:SkyLight SpatiallyLoaded:0 Bounds:IsValid=true, Min=(X=0.000 Y=0.000 Z=690.000), Max=(X=0.000 Y=0.000 Z=690.000) RuntimeGrid:None EditorOnly:0 RuntimeOnly:0 HLODRelevant:0 FolderPath:Lighting FolderGuid:828D6E77461DCFCE8367609D0F026E31
 |   |   |- [+] [  6]
 |   |   |   |- Guid:A08A98CA4FD3258F3F018390023D823E BaseClass: NativeClass:/Script/Engine.ExponentialHeightFog Name:ExponentialHeightFog_UAID_D85ED303482D806801_1237666514 Label:ExponentialHeightFog SpatiallyLoaded:0 Bounds:IsValid=true, Min=(X=-10.000 Y=-10.000 Z=590.000), Max=(X=-10.000 Y=-10.000 Z=590.000) RuntimeGrid:None EditorOnly:0 RuntimeOnly:0 HLODRelevant:0 FolderPath:Lighting FolderGuid:828D6E77461DCFCE8367609D0F026E31
 |   |   |- [+] [  7]
 |   |   |   |- Guid:EAF6EEEB4A55156130C829A0036E47DC BaseClass: NativeClass:/Script/Engine.DirectionalLight Name:DirectionalLight_UAID_D85ED303482D806801_1237668516 Label:DirectionalLight SpatiallyLoaded:0 Bounds:IsValid=true, Min=(X=-4398046511104.000 Y=-4398046511104.000 Z=-4398046511104.000), Max=(X=4398046511104.000 Y=4398046511104.000 Z=4398046511104.000) RuntimeGrid:None EditorOnly:0 RuntimeOnly:0 HLODRelevant:0 FolderPath:Lighting FolderGuid:828D6E77461DCFCE8367609D0F026E31
 |   |   |- [+] [  8]
 |   |   |   |- Guid:45E640144BC7FDFF99DF64AE5FEACE12 BaseClass: NativeClass:/Script/Engine.StaticMeshActor Name:StaticMeshActor_UAID_D85ED303482D816801_1993857709 Label:SM_S_Rock_03 SpatiallyLoaded:1 Bounds:IsValid=true, Min=(X=-3899.699 Y=698.475 Z=-2748.354), Max=(X=-1316.275 Y=3221.197 Z=-5.667) RuntimeGrid:None EditorOnly:0 RuntimeOnly:0 HLODRelevant:1 Parent:EC7139124D6FE67DDC3DD0B01A3E436C FolderPath:Island 1 FolderGuid:3E9E6DA64E51A94E1211DC915E04DC9B
 |   |   |   |- Guid:C7647CD24350917308010C885C8654E8 BaseClass: NativeClass:/Script/Engine.StaticMeshActor Name:StaticMeshActor_UAID_D85ED303482D826801_1719782895 Label:SM_R_Rock_6 SpatiallyLoaded:1 Bounds:IsValid=true, Min=(X=-3297.652 Y=1653.267 Z=-3590.355), Max=(X=-247.579 Y=4413.517 Z=-72.285) RuntimeGrid:None EditorOnly:0 RuntimeOnly:0 HLODRelevant:1 Parent:EC7139124D6FE67DDC3DD0B01A3E436C FolderPath:Island 1 FolderGuid:3E9E6DA64E51A94E1211DC915E04DC9B
 |   |   |   |- Guid:D741B8AD442AAE71B734AEB2F96F59CE BaseClass: NativeClass:/Script/Engine.StaticMeshActor Name:StaticMeshActor_UAID_D85ED303482D806801_2076386523 Label:SM_S_Rock_07 SpatiallyLoaded:1 Bounds:IsValid=true, Min=(X=-2529.008 Y=-389.472 Z=-2379.199), Max=(X=8.462 Y=1031.083 Z=-1.422) RuntimeGrid:None EditorOnly:0 RuntimeOnly:0 HLODRelevant:1 Parent:EC7139124D6FE67DDC3DD0B01A3E436C FolderPath:Island 1 FolderGuid:3E9E6DA64E51A94E1211DC915E04DC9B
 |   |   |   |- Guid:3474C3964A6BE083CD4C619B31B6A376 BaseClass: NativeClass:/Script/Engine.StaticMeshActor Name:StaticMeshActor_UAID_D85ED303482D806801_2018626521 Label:SM_S_Rock_08 SpatiallyLoaded:1 Bounds:IsValid=true, Min=(X=-1788.586 Y=578.650 Z=-3017.538), Max=(X=157.305 Y=2546.220 Z=-65.209) RuntimeGrid:None EditorOnly:0 RuntimeOnly:0 HLODRelevant:1 Parent:EC7139124D6FE67DDC3DD0B01A3E436C FolderPath:Island 1 FolderGuid:3E9E6DA64E51A94E1211DC915E04DC9B
 |   |   |   |- Guid:79639CD14D23309D38B097B3C1E6A8E8 BaseClass: NativeClass:/Script/Engine.StaticMeshActor Name:StaticMeshActor_UAID_D85ED303482D826801_1972131897 Label:SM_S_Rock_12 SpatiallyLoaded:1 Bounds:IsValid=true, Min=(X=-3446.888 Y=317.071 Z=-3276.734), Max=(X=-885.303 Y=2284.641 Z=38.383) RuntimeGrid:None EditorOnly:0 RuntimeOnly:0 HLODRelevant:1 Parent:EC7139124D6FE67DDC3DD0B01A3E436C FolderPath:Island 1 FolderGuid:3E9E6DA64E51A94E1211DC915E04DC9B
 |   |   |   |- Guid:1B039CD749A16C6D673EA68AA75A7281 BaseClass: NativeClass:/Script/Engine.StaticMeshActor Name:StaticMeshActor_UAID_D85ED303482D806801_2102448524 Label:SM_S_Rock_9 SpatiallyLoaded:1 Bounds:IsValid=true, Min=(X=-2864.773 Y=-610.133 Z=-3227.026), Max=(X=-589.194 Y=2126.223 Z=72.547) RuntimeGrid:None EditorOnly:0 RuntimeOnly:0 HLODRelevant:1 Parent:EC7139124D6FE67DDC3DD0B01A3E436C FolderPath:Island 1 FolderGuid:3E9E6DA64E51A94E1211DC915E04DC9B
 |   |   |   |- Guid:F6E5C3E9473EFDC06BABE19837ECCFBB BaseClass: NativeClass:/Script/Engine.StaticMeshActor Name:StaticMeshActor_UAID_D85ED303482D826801_1617811894 Label:SM_R_Rock_03 SpatiallyLoaded:1 Bounds:IsValid=true, Min=(X=-3554.072 Y=1632.484 Z=-1793.423), Max=(X=-117.229 Y=4625.682 Z=504.783) RuntimeGrid:None EditorOnly:0 RuntimeOnly:0 HLODRelevant:1 Parent:EC7139124D6FE67DDC3DD0B01A3E436C FolderPath:Island 1 FolderGuid:3E9E6DA64E51A94E1211DC915E04DC9B
 |   |   |   |- Guid:B32C7EF34F4E95941B6B6B8195FCB53C BaseClass: NativeClass:/Script/Engine.StaticMeshActor Name:StaticMeshActor_UAID_D85ED303482D826801_2013674898 Label:SM_S_Rock_01 SpatiallyLoaded:1 Bounds:IsValid=true, Min=(X=-1587.957 Y=201.424 Z=-1936.488), Max=(X=569.003 Y=2801.541 Z=-131.311) RuntimeGrid:None EditorOnly:0 RuntimeOnly:0 HLODRelevant:1 Parent:EC7139124D6FE67DDC3DD0B01A3E436C FolderPath:Island 1 FolderGuid:3E9E6DA64E51A94E1211DC915E04DC9B
 |   |   |   |- Guid:9ED485B84455DC46D24117AA0D50500B BaseClass: NativeClass:/Script/Engine.StaticMeshActor Name:StaticMeshActor_UAID_D85ED303482D826801_1807242896 Label:SM_S_Rock_4 SpatiallyLoaded:1 Bounds:IsValid=true, Min=(X=-2041.785 Y=1364.733 Z=-2060.205), Max=(X=780.300 Y=4010.582 Z=119.831) RuntimeGrid:None EditorOnly:0 RuntimeOnly:0 HLODRelevant:1 Parent:EC7139124D6FE67DDC3DD0B01A3E436C FolderPath:Island 1 FolderGuid:3E9E6DA64E51A94E1211DC915E04DC9B
 |   |   |   |- Guid:4E2EB4284C99CDA5EBA2FC8EDC87C5CD BaseClass: NativeClass:/Script/Engine.StaticMeshActor Name:StaticMeshActor_UAID_D85ED303482D816801_1911521707 Label:SM_S_Rock_04 SpatiallyLoaded:1 Bounds:IsValid=true, Min=(X=-2870.454 Y=800.296 Z=-3836.396), Max=(X=-1182.415 Y=2497.550 Z=-54.597) RuntimeGrid:None EditorOnly:0 RuntimeOnly:0 HLODRelevant:1 Parent:EC7139124D6FE67DDC3DD0B01A3E436C FolderPath:Island 1 FolderGuid:3E9E6DA64E51A94E1211DC915E04DC9B
 |   |   |   |- Guid:59440895482E6AE638DF35AE07A766A3 BaseClass: NativeClass:/Script/Engine.StaticMeshActor Name:StaticMeshActor_UAID_D85ED303482D816801_1827835706 Label:SM_S_Rock_10 SpatiallyLoaded:1 Bounds:IsValid=true, Min=(X=-2969.068 Y=636.922 Z=-3817.298), Max=(X=-536.703 Y=3399.268 Z=67.639) RuntimeGrid:None EditorOnly:0 RuntimeOnly:0 HLODRelevant:1 Parent:EC7139124D6FE67DDC3DD0B01A3E436C FolderPath:Island 1 FolderGuid:3E9E6DA64E51A94E1211DC915E04DC9B
 |   |   |   |- Guid:7E0A17B04FE70B560C812DB1A43AEDCB BaseClass: NativeClass:/Script/Engine.StaticMeshActor Name:StaticMeshActor_UAID_D85ED303482D826801_1372594890 Label:SM_R_Rock_3 SpatiallyLoaded:1 Bounds:IsValid=true, Min=(X=-4053.041 Y=-224.794 Z=-1351.462), Max=(X=-1624.999 Y=2252.994 Z=313.780) RuntimeGrid:None EditorOnly:0 RuntimeOnly:0 HLODRelevant:1 Parent:EC7139124D6FE67DDC3DD0B01A3E436C FolderPath:Island 1 FolderGuid:3E9E6DA64E51A94E1211DC915E04DC9B
 |   |   |   |- Guid:07FCB4A44D0734A4F83E60856EAABB50 BaseClass: NativeClass:/Script/Engine.StaticMeshActor Name:StaticMeshActor_UAID_D85ED303482D826801_1094392887 Label:SM_S_Rock_8 SpatiallyLoaded:1 Bounds:IsValid=true, Min=(X=-3381.494 Y=1353.070 Z=-3588.444), Max=(X=36.834 Y=4286.515 Z=116.640) RuntimeGrid:None EditorOnly:0 RuntimeOnly:0 HLODRelevant:1 Parent:EC7139124D6FE67DDC3DD0B01A3E436C FolderPath:Island 1 FolderGuid:3E9E6DA64E51A94E1211DC915E04DC9B
 |   |   |   |- Guid:FA4D0D094E59637E52467C9BDC639EB5 BaseClass: NativeClass:/Script/Engine.StaticMeshActor Name:StaticMeshActor_UAID_D85ED303482D826801_1560038893 Label:SM_R_Rock_2 SpatiallyLoaded:1 Bounds:IsValid=true, Min=(X=-4283.046 Y=442.185 Z=-1838.662), Max=(X=-1471.476 Y=3409.790 Z=316.055) RuntimeGrid:None EditorOnly:0 RuntimeOnly:0 HLODRelevant:1 Parent:EC7139124D6FE67DDC3DD0B01A3E436C FolderPath:Island 1 FolderGuid:3E9E6DA64E51A94E1211DC915E04DC9B
 |   |   |   |- Guid:2C5E5B824F7856A20E390C9328B4A5C8 BaseClass: NativeClass:/Script/Engine.StaticMeshActor Name:StaticMeshActor_UAID_D85ED303482D806801_2140332525 Label:SM_R_Rock_05 SpatiallyLoaded:1 Bounds:IsValid=true, Min=(X=-2661.559 Y=278.599 Z=-4634.793), Max=(X=138.351 Y=2643.528 Z=-1082.039) RuntimeGrid:None EditorOnly:0 RuntimeOnly:0 HLODRelevant:1 Parent:EC7139124D6FE67DDC3DD0B01A3E436C FolderPath:Island 1 FolderGuid:3E9E6DA64E51A94E1211DC915E04DC9B
 |   |   |   |- Guid:EC7139124D6FE67DDC3DD0B01A3E436C BaseClass: NativeClass:/Script/Engine.StaticMeshActor Name:StaticMeshActor_UAID_D85ED303482D836801_1553388040 Label:Sphere SpatiallyLoaded:1 Bounds:IsValid=true, Min=(X=478.346 Y=-2635.077 Z=469.052), Max=(X=978.346 Y=-2135.077 Z=969.052) RuntimeGrid:None EditorOnly:0 RuntimeOnly:0 HLODRelevant:1
 |- ContainerInstances:
 |- [+] MainContainer:
 |   |-        ID: 0x0000000000000000
 |   |-    Bounds: IsValid=true, Min=(X=-4283.046 Y=-2635.077 Z=-4634.793), Max=(X=978.346 Y=4625.682 Z=969.052)
 |   |- Transform: 0.000000,0.000000,0.000000|0.000000,0.000000,-0.000000|1.000000,1.000000,1.000000
 |   |- Container: /Game/FirstPerson/Maps/FloatingIslands
----------------------------------------------------------------------------------------------------------------
FloatingIslands - Persistent Level
----------------------------------------------------------------------------------------------------------------
Always loaded Actor Count: 32 

----------------------------------------------------------------------------------------------------------------
FloatingIslands - Runtime Spatial Hash - Streaming Grid - MainGrid
----------------------------------------------------------------------------------------------------------------
            Origin: X=0.000 Y=0.000 Z=0.000
         Cell Size: 12800
      World Bounds: IsValid=true, Min=(X=-4283.046 Y=-2635.077 Z=-4634.793), Max=(X=978.346 Y=4625.682 Z=969.052)
     Loading Range: 25600.00
Block Slow Loading: No
 ClientOnlyVisible: No

[+] Grid Levels: 2
 |- Level  0: Cell Count    0 | Cell Size   12800 | Actor Count    0 (0.0%)
 |- Level  1: Cell Count    0 | Cell Size   25600 | Actor Count    0 (0.0%)

[+] Content of Grid Level 0
[+] Content of Grid Level 1

